<!DOCTYPE html>
<html>
  <head>
    <meta charset="utf-8"/>
    <title id="head-title">report.html</title>
      <link href="assets\style.css" rel="stylesheet" type="text/css"/>
  </head>
  <body>
    <h1 id="title">report.html</h1>
    <p>Report generated on 04-Apr-2025 at 12:13:13 by <a href="https://pypi.python.org/pypi/pytest-html">pytest-html</a>
        v4.1.1</p>
    <div id="environment-header">
      <h2>Environment</h2>
    </div>
    <table id="environment"></table>
    <!-- TEMPLATES -->
      <template id="template_environment_row">
      <tr>
        <td></td>
        <td></td>
      </tr>
    </template>
    <template id="template_results-table__body--empty">
      <tbody class="results-table-row">
        <tr id="not-found-message">
          <td colspan="4">No results found. Check the filters.</th>
        </tr>
    </template>
    <template id="template_results-table__tbody">
      <tbody class="results-table-row">
        <tr class="collapsible">
        </tr>
        <tr class="extras-row">
          <td class="extra" colspan="4">
            <div class="extraHTML"></div>
            <div class="media">
              <div class="media-container">
                  <div class="media-container__nav--left"><</div>
                  <div class="media-container__viewport">
                    <img src="" />
                    <video controls>
                      <source src="" type="video/mp4">
                    </video>
                  </div>
                  <div class="media-container__nav--right">></div>
                </div>
                <div class="media__name"></div>
                <div class="media__counter"></div>
            </div>
            <div class="logwrapper">
              <div class="logexpander"></div>
              <div class="log"></div>
            </div>
          </td>
        </tr>
      </tbody>
    </template>
    <!-- END TEMPLATES -->
    <div class="summary">
      <div class="summary__data">
        <h2>Summary</h2>
        <div class="additional-summary prefix">
        </div>
        <p class="run-count">57 tests took 00:56:20.</p>
        <p class="filter">(Un)check the boxes to filter the results.</p>
        <div class="summary__reload">
          <div class="summary__reload__button hidden" onclick="location.reload()">
            <div>There are still tests running. <br />Reload this page to get the latest results!</div>
          </div>
        </div>
        <div class="summary__spacer"></div>
        <div class="controls">
          <div class="filters">
            <input checked="true" class="filter" name="filter_checkbox" type="checkbox" data-test-result="failed" />
            <span class="failed">22 Failed,</span>
            <input checked="true" class="filter" name="filter_checkbox" type="checkbox" data-test-result="passed" />
            <span class="passed">35 Passed,</span>
            <input checked="true" class="filter" name="filter_checkbox" type="checkbox" data-test-result="skipped" disabled/>
            <span class="skipped">0 Skipped,</span>
            <input checked="true" class="filter" name="filter_checkbox" type="checkbox" data-test-result="xfailed" disabled/>
            <span class="xfailed">0 Expected failures,</span>
            <input checked="true" class="filter" name="filter_checkbox" type="checkbox" data-test-result="xpassed" disabled/>
            <span class="xpassed">0 Unexpected passes,</span>
            <input checked="true" class="filter" name="filter_checkbox" type="checkbox" data-test-result="error" disabled/>
            <span class="error">0 Errors,</span>
            <input checked="true" class="filter" name="filter_checkbox" type="checkbox" data-test-result="rerun" disabled/>
            <span class="rerun">0 Reruns</span>
          </div>
          <div class="collapse">
            <button id="show_all_details">Show all details</button>&nbsp;/&nbsp;<button id="hide_all_details">Hide all details</button>
          </div>
        </div>
      </div>
      <div class="additional-summary summary">
      </div>
      <div class="additional-summary postfix">
      </div>
    </div>
    <table id="results-table">
      <thead id="results-table-head">
        <tr>
          <th class="sortable" data-column-type="result">Result</th>
          <th class="sortable" data-column-type="testId">Test</th>
          <th class="sortable" data-column-type="duration">Duration</th>
          <th>Links</th>
        </tr>
      </thead>
    </table>
  </body>
  <footer>
    <div id="data-container" data-jsonblob="{&#34;environment&#34;: {&#34;Python&#34;: &#34;3.13.1&#34;, &#34;Platform&#34;: &#34;Windows-11-10.0.26100-SP0&#34;, &#34;Packages&#34;: {&#34;pytest&#34;: &#34;8.3.4&#34;, &#34;pluggy&#34;: &#34;1.5.0&#34;}, &#34;Plugins&#34;: {&#34;allure-pytest&#34;: &#34;2.13.5&#34;, &#34;anyio&#34;: &#34;4.9.0&#34;, &#34;html&#34;: &#34;4.1.1&#34;, &#34;metadata&#34;: &#34;3.1.1&#34;}}, &#34;tests&#34;: {&#34;tests/test_01_signup.py::TestSignup::test_signup_with_empty_fields&#34;: [{&#34;extras&#34;: [], &#34;result&#34;: &#34;Passed&#34;, &#34;testId&#34;: &#34;tests/test_01_signup.py::TestSignup::test_signup_with_empty_fields&#34;, &#34;duration&#34;: &#34;00:00:12&#34;, &#34;resultsTableRow&#34;: [&#34;&lt;td class=\&#34;col-result\&#34;&gt;Passed&lt;/td&gt;&#34;, &#34;&lt;td class=\&#34;col-testId\&#34;&gt;tests/test_01_signup.py::TestSignup::test_signup_with_empty_fields&lt;/td&gt;&#34;, &#34;&lt;td class=\&#34;col-duration\&#34;&gt;00:00:12&lt;/td&gt;&#34;, &#34;&lt;td class=\&#34;col-links\&#34;&gt;&lt;/td&gt;&#34;], &#34;log&#34;: &#34;No log output captured.&#34;}], &#34;tests/test_01_signup.py::TestSignup::test_signup_and_onboarding&#34;: [{&#34;extras&#34;: [], &#34;result&#34;: &#34;Failed&#34;, &#34;testId&#34;: &#34;tests/test_01_signup.py::TestSignup::test_signup_and_onboarding&#34;, &#34;duration&#34;: &#34;00:00:29&#34;, &#34;resultsTableRow&#34;: [&#34;&lt;td class=\&#34;col-result\&#34;&gt;Failed&lt;/td&gt;&#34;, &#34;&lt;td class=\&#34;col-testId\&#34;&gt;tests/test_01_signup.py::TestSignup::test_signup_and_onboarding&lt;/td&gt;&#34;, &#34;&lt;td class=\&#34;col-duration\&#34;&gt;00:00:29&lt;/td&gt;&#34;, &#34;&lt;td class=\&#34;col-links\&#34;&gt;&lt;/td&gt;&#34;], &#34;log&#34;: &#34;self = &amp;lt;tests.test_01_signup.TestSignup object at 0x0000026311A76990&amp;gt;, driver = &amp;lt;selenium.webdriver.chrome.webdriver.WebDriver (session=&amp;quot;782c105e6022115d66a5937ac5a2fce0&amp;quot;)&amp;gt;\n\n    def test_signup_and_onboarding(self, driver):\n        print(&amp;quot;Testing signup and onboarding process&amp;quot;)\n        signup = SignupPage(driver)\n    \n        # Navigate to Signup Page\n        signup.navigate()\n        signup.enter_name_and_continue(&amp;quot;Shivam Srivastava&amp;quot;)\n        signup.fill_email_and_password(&amp;quot;shivamtesting7@gmail.com&amp;quot;, &amp;quot;Pass@9988&amp;quot;, &amp;quot;Pass@9988&amp;quot;)\n    \n        time.sleep(15)  # Wait for OTP email\n        otp = get_otp_from_email()\n    \n        if otp:\n&amp;gt;           signup.enter_otp(otp)\n\ntests\\test_01_signup.py:33: \n_ _ _ _ _ _ _ _ _ _ _ _ _ _ _ _ _ _ _ _ _ _ _ _ _ _ _ _ _ _ _ _ _ _ _ _ _ _ _ _ _ _ _ _ _ _ _ _ _ _ _ _ _ _ _ _ _ _ _ _ _ _ _ _ _ _ _ _ _ _ _ _ _ _ _ _ _ _ _ _ _ _ _ _ _ _ _ _ _ _\npages\\signup_page.py:31: in enter_otp\n    self.driver.find_element(By.XPATH, &amp;quot;//input[@id=&amp;#x27;otp_input&amp;#x27;]&amp;quot;).send_keys(otp)\nC:\\Users\\shivam srivastava\\AppData\\Local\\Programs\\Python\\Python313\\Lib\\site-packages\\selenium\\webdriver\\remote\\webdriver.py:888: in find_element\n    return self.execute(Command.FIND_ELEMENT, {&amp;quot;using&amp;quot;: by, &amp;quot;value&amp;quot;: value})[&amp;quot;value&amp;quot;]\nC:\\Users\\shivam srivastava\\AppData\\Local\\Programs\\Python\\Python313\\Lib\\site-packages\\selenium\\webdriver\\remote\\webdriver.py:429: in execute\n    self.error_handler.check_response(response)\n_ _ _ _ _ _ _ _ _ _ _ _ _ _ _ _ _ _ _ _ _ _ _ _ _ _ _ _ _ _ _ _ _ _ _ _ _ _ _ _ _ _ _ _ _ _ _ _ _ _ _ _ _ _ _ _ _ _ _ _ _ _ _ _ _ _ _ _ _ _ _ _ _ _ _ _ _ _ _ _ _ _ _ _ _ _ _ _ _ _\n\nself = &amp;lt;selenium.webdriver.remote.errorhandler.ErrorHandler object at 0x0000026311BC9310&amp;gt;\nresponse = {&amp;#x27;status&amp;#x27;: 404, &amp;#x27;value&amp;#x27;: &amp;#x27;{&amp;quot;value&amp;quot;:{&amp;quot;error&amp;quot;:&amp;quot;no such element&amp;quot;,&amp;quot;message&amp;quot;:&amp;quot;no such element: Unable to locate element: {\\...07FF7C214EAA9]\\\\n\\\\tBaseThreadInitThunk [0x00007FFA6604E8D7+23]\\\\n\\\\tRtlUserThreadStart [0x00007FFA6797BF6C+44]\\\\n&amp;quot;}}&amp;#x27;}\n\n    def check_response(self, response: Dict[str, Any]) -&amp;gt; None:\n        &amp;quot;&amp;quot;&amp;quot;Checks that a JSON response from the WebDriver does not have an\n        error.\n    \n        :Args:\n         - response - The JSON response from the WebDriver server as a dictionary\n           object.\n    \n        :Raises: If the response contains an error message.\n        &amp;quot;&amp;quot;&amp;quot;\n        status = response.get(&amp;quot;status&amp;quot;, None)\n        if not status or status == ErrorCode.SUCCESS:\n            return\n        value = None\n        message = response.get(&amp;quot;message&amp;quot;, &amp;quot;&amp;quot;)\n        screen: str = response.get(&amp;quot;screen&amp;quot;, &amp;quot;&amp;quot;)\n        stacktrace = None\n        if isinstance(status, int):\n            value_json = response.get(&amp;quot;value&amp;quot;, None)\n            if value_json and isinstance(value_json, str):\n                import json\n    \n                try:\n                    value = json.loads(value_json)\n                    if len(value) == 1:\n                        value = value[&amp;quot;value&amp;quot;]\n                    status = value.get(&amp;quot;error&amp;quot;, None)\n                    if not status:\n                        status = value.get(&amp;quot;status&amp;quot;, ErrorCode.UNKNOWN_ERROR)\n                        message = value.get(&amp;quot;value&amp;quot;) or value.get(&amp;quot;message&amp;quot;)\n                        if not isinstance(message, str):\n                            value = message\n                            message = message.get(&amp;quot;message&amp;quot;)\n                    else:\n                        message = value.get(&amp;quot;message&amp;quot;, None)\n                except ValueError:\n                    pass\n    \n        exception_class: Type[WebDriverException]\n        e = ErrorCode()\n        error_codes = [item for item in dir(e) if not item.startswith(&amp;quot;__&amp;quot;)]\n        for error_code in error_codes:\n            error_info = getattr(ErrorCode, error_code)\n            if isinstance(error_info, list) and status in error_info:\n                exception_class = getattr(ExceptionMapping, error_code, WebDriverException)\n                break\n        else:\n            exception_class = WebDriverException\n    \n        if not value:\n            value = response[&amp;quot;value&amp;quot;]\n        if isinstance(value, str):\n            raise exception_class(value)\n        if message == &amp;quot;&amp;quot; and &amp;quot;message&amp;quot; in value:\n            message = value[&amp;quot;message&amp;quot;]\n    \n        screen = None  # type: ignore[assignment]\n        if &amp;quot;screen&amp;quot; in value:\n            screen = value[&amp;quot;screen&amp;quot;]\n    \n        stacktrace = None\n        st_value = value.get(&amp;quot;stackTrace&amp;quot;) or value.get(&amp;quot;stacktrace&amp;quot;)\n        if st_value:\n            if isinstance(st_value, str):\n                stacktrace = st_value.split(&amp;quot;\\n&amp;quot;)\n            else:\n                stacktrace = []\n                try:\n                    for frame in st_value:\n                        line = frame.get(&amp;quot;lineNumber&amp;quot;, &amp;quot;&amp;quot;)\n                        file = frame.get(&amp;quot;fileName&amp;quot;, &amp;quot;&amp;lt;anonymous&amp;gt;&amp;quot;)\n                        if line:\n                            file = f&amp;quot;{file}:{line}&amp;quot;\n                        meth = frame.get(&amp;quot;methodName&amp;quot;, &amp;quot;&amp;lt;anonymous&amp;gt;&amp;quot;)\n                        if &amp;quot;className&amp;quot; in frame:\n                            meth = f&amp;quot;{frame[&amp;#x27;className&amp;#x27;]}.{meth}&amp;quot;\n                        msg = &amp;quot;    at %s (%s)&amp;quot;\n                        msg = msg % (meth, file)\n                        stacktrace.append(msg)\n                except TypeError:\n                    pass\n        if exception_class == UnexpectedAlertPresentException:\n            alert_text = None\n            if &amp;quot;data&amp;quot; in value:\n                alert_text = value[&amp;quot;data&amp;quot;].get(&amp;quot;text&amp;quot;)\n            elif &amp;quot;alert&amp;quot; in value:\n                alert_text = value[&amp;quot;alert&amp;quot;].get(&amp;quot;text&amp;quot;)\n            raise exception_class(message, screen, stacktrace, alert_text)  # type: ignore[call-arg]  # mypy is not smart enough here\n&amp;gt;       raise exception_class(message, screen, stacktrace)\nE       selenium.common.exceptions.NoSuchElementException: Message: no such element: Unable to locate element: {&amp;quot;method&amp;quot;:&amp;quot;xpath&amp;quot;,&amp;quot;selector&amp;quot;:&amp;quot;//input[@id=&amp;#x27;otp_input&amp;#x27;]&amp;quot;}\nE         (Session info: chrome=134.0.6998.178); For documentation on this error, please visit: https://www.selenium.dev/documentation/webdriver/troubleshooting/errors#no-such-element-exception\nE       Stacktrace:\nE       \tGetHandleVerifier [0x00007FF7C24F4C25+3179557]\nE       \t(No symbol) [0x00007FF7C21588A0]\nE       \t(No symbol) [0x00007FF7C1FE91CA]\nE       \t(No symbol) [0x00007FF7C203FA67]\nE       \t(No symbol) [0x00007FF7C203FC9C]\nE       \t(No symbol) [0x00007FF7C2093627]\nE       \t(No symbol) [0x00007FF7C2067C6F]\nE       \t(No symbol) [0x00007FF7C20902F3]\nE       \t(No symbol) [0x00007FF7C2067A03]\nE       \t(No symbol) [0x00007FF7C20306D0]\nE       \t(No symbol) [0x00007FF7C2031983]\nE       \tGetHandleVerifier [0x00007FF7C25567CD+3579853]\nE       \tGetHandleVerifier [0x00007FF7C256D1D2+3672530]\nE       \tGetHandleVerifier [0x00007FF7C2562153+3627347]\nE       \tGetHandleVerifier [0x00007FF7C22C092A+868650]\nE       \t(No symbol) [0x00007FF7C2162FFF]\nE       \t(No symbol) [0x00007FF7C215F4A4]\nE       \t(No symbol) [0x00007FF7C215F646]\nE       \t(No symbol) [0x00007FF7C214EAA9]\nE       \tBaseThreadInitThunk [0x00007FFA6604E8D7+23]\nE       \tRtlUserThreadStart [0x00007FFA6797BF6C+44]\n\nC:\\Users\\shivam srivastava\\AppData\\Local\\Programs\\Python\\Python313\\Lib\\site-packages\\selenium\\webdriver\\remote\\errorhandler.py:232: NoSuchElementException\n&#34;}], &#34;tests/test_01_signup.py::TestSignup::test_signup_with_invalid_email&#34;: [{&#34;extras&#34;: [], &#34;result&#34;: &#34;Passed&#34;, &#34;testId&#34;: &#34;tests/test_01_signup.py::TestSignup::test_signup_with_invalid_email&#34;, &#34;duration&#34;: &#34;00:00:12&#34;, &#34;resultsTableRow&#34;: [&#34;&lt;td class=\&#34;col-result\&#34;&gt;Passed&lt;/td&gt;&#34;, &#34;&lt;td class=\&#34;col-testId\&#34;&gt;tests/test_01_signup.py::TestSignup::test_signup_with_invalid_email&lt;/td&gt;&#34;, &#34;&lt;td class=\&#34;col-duration\&#34;&gt;00:00:12&lt;/td&gt;&#34;, &#34;&lt;td class=\&#34;col-links\&#34;&gt;&lt;/td&gt;&#34;], &#34;log&#34;: &#34;No log output captured.&#34;}], &#34;tests/test_01_signup.py::TestSignup::test_signup_with_mismatched_passwords&#34;: [{&#34;extras&#34;: [], &#34;result&#34;: &#34;Passed&#34;, &#34;testId&#34;: &#34;tests/test_01_signup.py::TestSignup::test_signup_with_mismatched_passwords&#34;, &#34;duration&#34;: &#34;00:00:13&#34;, &#34;resultsTableRow&#34;: [&#34;&lt;td class=\&#34;col-result\&#34;&gt;Passed&lt;/td&gt;&#34;, &#34;&lt;td class=\&#34;col-testId\&#34;&gt;tests/test_01_signup.py::TestSignup::test_signup_with_mismatched_passwords&lt;/td&gt;&#34;, &#34;&lt;td class=\&#34;col-duration\&#34;&gt;00:00:13&lt;/td&gt;&#34;, &#34;&lt;td class=\&#34;col-links\&#34;&gt;&lt;/td&gt;&#34;], &#34;log&#34;: &#34;No log output captured.&#34;}], &#34;tests/test_01_signup.py::TestSignup::test_signup_with_registered_email&#34;: [{&#34;extras&#34;: [], &#34;result&#34;: &#34;Passed&#34;, &#34;testId&#34;: &#34;tests/test_01_signup.py::TestSignup::test_signup_with_registered_email&#34;, &#34;duration&#34;: &#34;00:00:13&#34;, &#34;resultsTableRow&#34;: [&#34;&lt;td class=\&#34;col-result\&#34;&gt;Passed&lt;/td&gt;&#34;, &#34;&lt;td class=\&#34;col-testId\&#34;&gt;tests/test_01_signup.py::TestSignup::test_signup_with_registered_email&lt;/td&gt;&#34;, &#34;&lt;td class=\&#34;col-duration\&#34;&gt;00:00:13&lt;/td&gt;&#34;, &#34;&lt;td class=\&#34;col-links\&#34;&gt;&lt;/td&gt;&#34;], &#34;log&#34;: &#34;No log output captured.&#34;}], &#34;tests/test_01_signup.py::TestSignup::test_signup_with_invalid_otp&#34;: [{&#34;extras&#34;: [], &#34;result&#34;: &#34;Failed&#34;, &#34;testId&#34;: &#34;tests/test_01_signup.py::TestSignup::test_signup_with_invalid_otp&#34;, &#34;duration&#34;: &#34;00:00:14&#34;, &#34;resultsTableRow&#34;: [&#34;&lt;td class=\&#34;col-result\&#34;&gt;Failed&lt;/td&gt;&#34;, &#34;&lt;td class=\&#34;col-testId\&#34;&gt;tests/test_01_signup.py::TestSignup::test_signup_with_invalid_otp&lt;/td&gt;&#34;, &#34;&lt;td class=\&#34;col-duration\&#34;&gt;00:00:14&lt;/td&gt;&#34;, &#34;&lt;td class=\&#34;col-links\&#34;&gt;&lt;/td&gt;&#34;], &#34;log&#34;: &#34;self = &amp;lt;tests.test_01_signup.TestSignup object at 0x0000026311B009E0&amp;gt;, driver = &amp;lt;selenium.webdriver.chrome.webdriver.WebDriver (session=&amp;quot;f74294f33b8e3c88668c5c800a14a1d8&amp;quot;)&amp;gt;\n\n    def test_signup_with_invalid_otp(self, driver):\n        print(&amp;quot;Testing signup with an invalid OTP&amp;quot;)\n        signup = SignupPage(driver)\n    \n        signup.navigate()\n        signup.enter_name_and_continue(&amp;quot;Shivam Srivastava&amp;quot;)\n        signup.fill_email_and_password(&amp;quot;shivam.1@gmail.com&amp;quot;, &amp;quot;Pass@9988&amp;quot;, &amp;quot;Pass@9988&amp;quot;)\n    \n        time.sleep(5)\n&amp;gt;       signup.enter_otp(&amp;quot;123456&amp;quot;)  # Entering an invalid OTP\n\ntests\\test_01_signup.py:100: \n_ _ _ _ _ _ _ _ _ _ _ _ _ _ _ _ _ _ _ _ _ _ _ _ _ _ _ _ _ _ _ _ _ _ _ _ _ _ _ _ _ _ _ _ _ _ _ _ _ _ _ _ _ _ _ _ _ _ _ _ _ _ _ _ _ _ _ _ _ _ _ _ _ _ _ _ _ _ _ _ _ _ _ _ _ _ _ _ _ _\npages\\signup_page.py:31: in enter_otp\n    self.driver.find_element(By.XPATH, &amp;quot;//input[@id=&amp;#x27;otp_input&amp;#x27;]&amp;quot;).send_keys(otp)\nC:\\Users\\shivam srivastava\\AppData\\Local\\Programs\\Python\\Python313\\Lib\\site-packages\\selenium\\webdriver\\remote\\webdriver.py:888: in find_element\n    return self.execute(Command.FIND_ELEMENT, {&amp;quot;using&amp;quot;: by, &amp;quot;value&amp;quot;: value})[&amp;quot;value&amp;quot;]\nC:\\Users\\shivam srivastava\\AppData\\Local\\Programs\\Python\\Python313\\Lib\\site-packages\\selenium\\webdriver\\remote\\webdriver.py:429: in execute\n    self.error_handler.check_response(response)\n_ _ _ _ _ _ _ _ _ _ _ _ _ _ _ _ _ _ _ _ _ _ _ _ _ _ _ _ _ _ _ _ _ _ _ _ _ _ _ _ _ _ _ _ _ _ _ _ _ _ _ _ _ _ _ _ _ _ _ _ _ _ _ _ _ _ _ _ _ _ _ _ _ _ _ _ _ _ _ _ _ _ _ _ _ _ _ _ _ _\n\nself = &amp;lt;selenium.webdriver.remote.errorhandler.ErrorHandler object at 0x0000026311A73650&amp;gt;\nresponse = {&amp;#x27;status&amp;#x27;: 404, &amp;#x27;value&amp;#x27;: &amp;#x27;{&amp;quot;value&amp;quot;:{&amp;quot;error&amp;quot;:&amp;quot;no such element&amp;quot;,&amp;quot;message&amp;quot;:&amp;quot;no such element: Unable to locate element: {\\...07FF7C214EAA9]\\\\n\\\\tBaseThreadInitThunk [0x00007FFA6604E8D7+23]\\\\n\\\\tRtlUserThreadStart [0x00007FFA6797BF6C+44]\\\\n&amp;quot;}}&amp;#x27;}\n\n    def check_response(self, response: Dict[str, Any]) -&amp;gt; None:\n        &amp;quot;&amp;quot;&amp;quot;Checks that a JSON response from the WebDriver does not have an\n        error.\n    \n        :Args:\n         - response - The JSON response from the WebDriver server as a dictionary\n           object.\n    \n        :Raises: If the response contains an error message.\n        &amp;quot;&amp;quot;&amp;quot;\n        status = response.get(&amp;quot;status&amp;quot;, None)\n        if not status or status == ErrorCode.SUCCESS:\n            return\n        value = None\n        message = response.get(&amp;quot;message&amp;quot;, &amp;quot;&amp;quot;)\n        screen: str = response.get(&amp;quot;screen&amp;quot;, &amp;quot;&amp;quot;)\n        stacktrace = None\n        if isinstance(status, int):\n            value_json = response.get(&amp;quot;value&amp;quot;, None)\n            if value_json and isinstance(value_json, str):\n                import json\n    \n                try:\n                    value = json.loads(value_json)\n                    if len(value) == 1:\n                        value = value[&amp;quot;value&amp;quot;]\n                    status = value.get(&amp;quot;error&amp;quot;, None)\n                    if not status:\n                        status = value.get(&amp;quot;status&amp;quot;, ErrorCode.UNKNOWN_ERROR)\n                        message = value.get(&amp;quot;value&amp;quot;) or value.get(&amp;quot;message&amp;quot;)\n                        if not isinstance(message, str):\n                            value = message\n                            message = message.get(&amp;quot;message&amp;quot;)\n                    else:\n                        message = value.get(&amp;quot;message&amp;quot;, None)\n                except ValueError:\n                    pass\n    \n        exception_class: Type[WebDriverException]\n        e = ErrorCode()\n        error_codes = [item for item in dir(e) if not item.startswith(&amp;quot;__&amp;quot;)]\n        for error_code in error_codes:\n            error_info = getattr(ErrorCode, error_code)\n            if isinstance(error_info, list) and status in error_info:\n                exception_class = getattr(ExceptionMapping, error_code, WebDriverException)\n                break\n        else:\n            exception_class = WebDriverException\n    \n        if not value:\n            value = response[&amp;quot;value&amp;quot;]\n        if isinstance(value, str):\n            raise exception_class(value)\n        if message == &amp;quot;&amp;quot; and &amp;quot;message&amp;quot; in value:\n            message = value[&amp;quot;message&amp;quot;]\n    \n        screen = None  # type: ignore[assignment]\n        if &amp;quot;screen&amp;quot; in value:\n            screen = value[&amp;quot;screen&amp;quot;]\n    \n        stacktrace = None\n        st_value = value.get(&amp;quot;stackTrace&amp;quot;) or value.get(&amp;quot;stacktrace&amp;quot;)\n        if st_value:\n            if isinstance(st_value, str):\n                stacktrace = st_value.split(&amp;quot;\\n&amp;quot;)\n            else:\n                stacktrace = []\n                try:\n                    for frame in st_value:\n                        line = frame.get(&amp;quot;lineNumber&amp;quot;, &amp;quot;&amp;quot;)\n                        file = frame.get(&amp;quot;fileName&amp;quot;, &amp;quot;&amp;lt;anonymous&amp;gt;&amp;quot;)\n                        if line:\n                            file = f&amp;quot;{file}:{line}&amp;quot;\n                        meth = frame.get(&amp;quot;methodName&amp;quot;, &amp;quot;&amp;lt;anonymous&amp;gt;&amp;quot;)\n                        if &amp;quot;className&amp;quot; in frame:\n                            meth = f&amp;quot;{frame[&amp;#x27;className&amp;#x27;]}.{meth}&amp;quot;\n                        msg = &amp;quot;    at %s (%s)&amp;quot;\n                        msg = msg % (meth, file)\n                        stacktrace.append(msg)\n                except TypeError:\n                    pass\n        if exception_class == UnexpectedAlertPresentException:\n            alert_text = None\n            if &amp;quot;data&amp;quot; in value:\n                alert_text = value[&amp;quot;data&amp;quot;].get(&amp;quot;text&amp;quot;)\n            elif &amp;quot;alert&amp;quot; in value:\n                alert_text = value[&amp;quot;alert&amp;quot;].get(&amp;quot;text&amp;quot;)\n            raise exception_class(message, screen, stacktrace, alert_text)  # type: ignore[call-arg]  # mypy is not smart enough here\n&amp;gt;       raise exception_class(message, screen, stacktrace)\nE       selenium.common.exceptions.NoSuchElementException: Message: no such element: Unable to locate element: {&amp;quot;method&amp;quot;:&amp;quot;xpath&amp;quot;,&amp;quot;selector&amp;quot;:&amp;quot;//input[@id=&amp;#x27;otp_input&amp;#x27;]&amp;quot;}\nE         (Session info: chrome=134.0.6998.178); For documentation on this error, please visit: https://www.selenium.dev/documentation/webdriver/troubleshooting/errors#no-such-element-exception\nE       Stacktrace:\nE       \tGetHandleVerifier [0x00007FF7C24F4C25+3179557]\nE       \t(No symbol) [0x00007FF7C21588A0]\nE       \t(No symbol) [0x00007FF7C1FE91CA]\nE       \t(No symbol) [0x00007FF7C203FA67]\nE       \t(No symbol) [0x00007FF7C203FC9C]\nE       \t(No symbol) [0x00007FF7C2093627]\nE       \t(No symbol) [0x00007FF7C2067C6F]\nE       \t(No symbol) [0x00007FF7C20902F3]\nE       \t(No symbol) [0x00007FF7C2067A03]\nE       \t(No symbol) [0x00007FF7C20306D0]\nE       \t(No symbol) [0x00007FF7C2031983]\nE       \tGetHandleVerifier [0x00007FF7C25567CD+3579853]\nE       \tGetHandleVerifier [0x00007FF7C256D1D2+3672530]\nE       \tGetHandleVerifier [0x00007FF7C2562153+3627347]\nE       \tGetHandleVerifier [0x00007FF7C22C092A+868650]\nE       \t(No symbol) [0x00007FF7C2162FFF]\nE       \t(No symbol) [0x00007FF7C215F4A4]\nE       \t(No symbol) [0x00007FF7C215F646]\nE       \t(No symbol) [0x00007FF7C214EAA9]\nE       \tBaseThreadInitThunk [0x00007FFA6604E8D7+23]\nE       \tRtlUserThreadStart [0x00007FFA6797BF6C+44]\n\nC:\\Users\\shivam srivastava\\AppData\\Local\\Programs\\Python\\Python313\\Lib\\site-packages\\selenium\\webdriver\\remote\\errorhandler.py:232: NoSuchElementException\n&#34;}], &#34;tests/test_01_signup.py::TestSignup::test_signup_with_expired_otp&#34;: [{&#34;extras&#34;: [], &#34;result&#34;: &#34;Failed&#34;, &#34;testId&#34;: &#34;tests/test_01_signup.py::TestSignup::test_signup_with_expired_otp&#34;, &#34;duration&#34;: &#34;00:05:13&#34;, &#34;resultsTableRow&#34;: [&#34;&lt;td class=\&#34;col-result\&#34;&gt;Failed&lt;/td&gt;&#34;, &#34;&lt;td class=\&#34;col-testId\&#34;&gt;tests/test_01_signup.py::TestSignup::test_signup_with_expired_otp&lt;/td&gt;&#34;, &#34;&lt;td class=\&#34;col-duration\&#34;&gt;00:05:13&lt;/td&gt;&#34;, &#34;&lt;td class=\&#34;col-links\&#34;&gt;&lt;/td&gt;&#34;], &#34;log&#34;: &#34;self = &amp;lt;tests.test_01_signup.TestSignup object at 0x0000026311B00AF0&amp;gt;, driver = &amp;lt;selenium.webdriver.chrome.webdriver.WebDriver (session=&amp;quot;8addcb7d1de62d15bb79d3d199fbbe70&amp;quot;)&amp;gt;\n\n    def test_signup_with_expired_otp(self, driver):\n        print(&amp;quot;Testing signup with an expired OTP&amp;quot;)\n        signup = SignupPage(driver)\n    \n        signup.navigate()\n        signup.enter_name_and_continue(&amp;quot;Shivam Srivastava&amp;quot;)\n        signup.fill_email_and_password(&amp;quot;shivamtesting7@gmail.com&amp;quot;, &amp;quot;Pass@9988&amp;quot;, &amp;quot;Pass@9988&amp;quot;)\n    \n        time.sleep(300)\n        otp = get_otp_from_email()\n    \n        if otp:\n&amp;gt;           signup.enter_otp(otp)\n\ntests\\test_01_signup.py:116: \n_ _ _ _ _ _ _ _ _ _ _ _ _ _ _ _ _ _ _ _ _ _ _ _ _ _ _ _ _ _ _ _ _ _ _ _ _ _ _ _ _ _ _ _ _ _ _ _ _ _ _ _ _ _ _ _ _ _ _ _ _ _ _ _ _ _ _ _ _ _ _ _ _ _ _ _ _ _ _ _ _ _ _ _ _ _ _ _ _ _\npages\\signup_page.py:31: in enter_otp\n    self.driver.find_element(By.XPATH, &amp;quot;//input[@id=&amp;#x27;otp_input&amp;#x27;]&amp;quot;).send_keys(otp)\nC:\\Users\\shivam srivastava\\AppData\\Local\\Programs\\Python\\Python313\\Lib\\site-packages\\selenium\\webdriver\\remote\\webdriver.py:888: in find_element\n    return self.execute(Command.FIND_ELEMENT, {&amp;quot;using&amp;quot;: by, &amp;quot;value&amp;quot;: value})[&amp;quot;value&amp;quot;]\nC:\\Users\\shivam srivastava\\AppData\\Local\\Programs\\Python\\Python313\\Lib\\site-packages\\selenium\\webdriver\\remote\\webdriver.py:429: in execute\n    self.error_handler.check_response(response)\n_ _ _ _ _ _ _ _ _ _ _ _ _ _ _ _ _ _ _ _ _ _ _ _ _ _ _ _ _ _ _ _ _ _ _ _ _ _ _ _ _ _ _ _ _ _ _ _ _ _ _ _ _ _ _ _ _ _ _ _ _ _ _ _ _ _ _ _ _ _ _ _ _ _ _ _ _ _ _ _ _ _ _ _ _ _ _ _ _ _\n\nself = &amp;lt;selenium.webdriver.remote.errorhandler.ErrorHandler object at 0x0000026311B02E00&amp;gt;\nresponse = {&amp;#x27;status&amp;#x27;: 404, &amp;#x27;value&amp;#x27;: &amp;#x27;{&amp;quot;value&amp;quot;:{&amp;quot;error&amp;quot;:&amp;quot;no such element&amp;quot;,&amp;quot;message&amp;quot;:&amp;quot;no such element: Unable to locate element: {\\...07FF7C214EAA9]\\\\n\\\\tBaseThreadInitThunk [0x00007FFA6604E8D7+23]\\\\n\\\\tRtlUserThreadStart [0x00007FFA6797BF6C+44]\\\\n&amp;quot;}}&amp;#x27;}\n\n    def check_response(self, response: Dict[str, Any]) -&amp;gt; None:\n        &amp;quot;&amp;quot;&amp;quot;Checks that a JSON response from the WebDriver does not have an\n        error.\n    \n        :Args:\n         - response - The JSON response from the WebDriver server as a dictionary\n           object.\n    \n        :Raises: If the response contains an error message.\n        &amp;quot;&amp;quot;&amp;quot;\n        status = response.get(&amp;quot;status&amp;quot;, None)\n        if not status or status == ErrorCode.SUCCESS:\n            return\n        value = None\n        message = response.get(&amp;quot;message&amp;quot;, &amp;quot;&amp;quot;)\n        screen: str = response.get(&amp;quot;screen&amp;quot;, &amp;quot;&amp;quot;)\n        stacktrace = None\n        if isinstance(status, int):\n            value_json = response.get(&amp;quot;value&amp;quot;, None)\n            if value_json and isinstance(value_json, str):\n                import json\n    \n                try:\n                    value = json.loads(value_json)\n                    if len(value) == 1:\n                        value = value[&amp;quot;value&amp;quot;]\n                    status = value.get(&amp;quot;error&amp;quot;, None)\n                    if not status:\n                        status = value.get(&amp;quot;status&amp;quot;, ErrorCode.UNKNOWN_ERROR)\n                        message = value.get(&amp;quot;value&amp;quot;) or value.get(&amp;quot;message&amp;quot;)\n                        if not isinstance(message, str):\n                            value = message\n                            message = message.get(&amp;quot;message&amp;quot;)\n                    else:\n                        message = value.get(&amp;quot;message&amp;quot;, None)\n                except ValueError:\n                    pass\n    \n        exception_class: Type[WebDriverException]\n        e = ErrorCode()\n        error_codes = [item for item in dir(e) if not item.startswith(&amp;quot;__&amp;quot;)]\n        for error_code in error_codes:\n            error_info = getattr(ErrorCode, error_code)\n            if isinstance(error_info, list) and status in error_info:\n                exception_class = getattr(ExceptionMapping, error_code, WebDriverException)\n                break\n        else:\n            exception_class = WebDriverException\n    \n        if not value:\n            value = response[&amp;quot;value&amp;quot;]\n        if isinstance(value, str):\n            raise exception_class(value)\n        if message == &amp;quot;&amp;quot; and &amp;quot;message&amp;quot; in value:\n            message = value[&amp;quot;message&amp;quot;]\n    \n        screen = None  # type: ignore[assignment]\n        if &amp;quot;screen&amp;quot; in value:\n            screen = value[&amp;quot;screen&amp;quot;]\n    \n        stacktrace = None\n        st_value = value.get(&amp;quot;stackTrace&amp;quot;) or value.get(&amp;quot;stacktrace&amp;quot;)\n        if st_value:\n            if isinstance(st_value, str):\n                stacktrace = st_value.split(&amp;quot;\\n&amp;quot;)\n            else:\n                stacktrace = []\n                try:\n                    for frame in st_value:\n                        line = frame.get(&amp;quot;lineNumber&amp;quot;, &amp;quot;&amp;quot;)\n                        file = frame.get(&amp;quot;fileName&amp;quot;, &amp;quot;&amp;lt;anonymous&amp;gt;&amp;quot;)\n                        if line:\n                            file = f&amp;quot;{file}:{line}&amp;quot;\n                        meth = frame.get(&amp;quot;methodName&amp;quot;, &amp;quot;&amp;lt;anonymous&amp;gt;&amp;quot;)\n                        if &amp;quot;className&amp;quot; in frame:\n                            meth = f&amp;quot;{frame[&amp;#x27;className&amp;#x27;]}.{meth}&amp;quot;\n                        msg = &amp;quot;    at %s (%s)&amp;quot;\n                        msg = msg % (meth, file)\n                        stacktrace.append(msg)\n                except TypeError:\n                    pass\n        if exception_class == UnexpectedAlertPresentException:\n            alert_text = None\n            if &amp;quot;data&amp;quot; in value:\n                alert_text = value[&amp;quot;data&amp;quot;].get(&amp;quot;text&amp;quot;)\n            elif &amp;quot;alert&amp;quot; in value:\n                alert_text = value[&amp;quot;alert&amp;quot;].get(&amp;quot;text&amp;quot;)\n            raise exception_class(message, screen, stacktrace, alert_text)  # type: ignore[call-arg]  # mypy is not smart enough here\n&amp;gt;       raise exception_class(message, screen, stacktrace)\nE       selenium.common.exceptions.NoSuchElementException: Message: no such element: Unable to locate element: {&amp;quot;method&amp;quot;:&amp;quot;xpath&amp;quot;,&amp;quot;selector&amp;quot;:&amp;quot;//input[@id=&amp;#x27;otp_input&amp;#x27;]&amp;quot;}\nE         (Session info: chrome=134.0.6998.178); For documentation on this error, please visit: https://www.selenium.dev/documentation/webdriver/troubleshooting/errors#no-such-element-exception\nE       Stacktrace:\nE       \tGetHandleVerifier [0x00007FF7C24F4C25+3179557]\nE       \t(No symbol) [0x00007FF7C21588A0]\nE       \t(No symbol) [0x00007FF7C1FE91CA]\nE       \t(No symbol) [0x00007FF7C203FA67]\nE       \t(No symbol) [0x00007FF7C203FC9C]\nE       \t(No symbol) [0x00007FF7C2093627]\nE       \t(No symbol) [0x00007FF7C2067C6F]\nE       \t(No symbol) [0x00007FF7C20902F3]\nE       \t(No symbol) [0x00007FF7C2067A03]\nE       \t(No symbol) [0x00007FF7C20306D0]\nE       \t(No symbol) [0x00007FF7C2031983]\nE       \tGetHandleVerifier [0x00007FF7C25567CD+3579853]\nE       \tGetHandleVerifier [0x00007FF7C256D1D2+3672530]\nE       \tGetHandleVerifier [0x00007FF7C2562153+3627347]\nE       \tGetHandleVerifier [0x00007FF7C22C092A+868650]\nE       \t(No symbol) [0x00007FF7C2162FFF]\nE       \t(No symbol) [0x00007FF7C215F4A4]\nE       \t(No symbol) [0x00007FF7C215F646]\nE       \t(No symbol) [0x00007FF7C214EAA9]\nE       \tBaseThreadInitThunk [0x00007FFA6604E8D7+23]\nE       \tRtlUserThreadStart [0x00007FFA6797BF6C+44]\n\nC:\\Users\\shivam srivastava\\AppData\\Local\\Programs\\Python\\Python313\\Lib\\site-packages\\selenium\\webdriver\\remote\\errorhandler.py:232: NoSuchElementException\n&#34;}], &#34;tests/test_02_login.py::TestLogin::test_correct_email&#34;: [{&#34;extras&#34;: [], &#34;result&#34;: &#34;Passed&#34;, &#34;testId&#34;: &#34;tests/test_02_login.py::TestLogin::test_correct_email&#34;, &#34;duration&#34;: &#34;00:00:07&#34;, &#34;resultsTableRow&#34;: [&#34;&lt;td class=\&#34;col-result\&#34;&gt;Passed&lt;/td&gt;&#34;, &#34;&lt;td class=\&#34;col-testId\&#34;&gt;tests/test_02_login.py::TestLogin::test_correct_email&lt;/td&gt;&#34;, &#34;&lt;td class=\&#34;col-duration\&#34;&gt;00:00:07&lt;/td&gt;&#34;, &#34;&lt;td class=\&#34;col-links\&#34;&gt;&lt;/td&gt;&#34;], &#34;log&#34;: &#34;No log output captured.&#34;}], &#34;tests/test_02_login.py::TestLogin::test_incorrect_email&#34;: [{&#34;extras&#34;: [], &#34;result&#34;: &#34;Passed&#34;, &#34;testId&#34;: &#34;tests/test_02_login.py::TestLogin::test_incorrect_email&#34;, &#34;duration&#34;: &#34;00:00:06&#34;, &#34;resultsTableRow&#34;: [&#34;&lt;td class=\&#34;col-result\&#34;&gt;Passed&lt;/td&gt;&#34;, &#34;&lt;td class=\&#34;col-testId\&#34;&gt;tests/test_02_login.py::TestLogin::test_incorrect_email&lt;/td&gt;&#34;, &#34;&lt;td class=\&#34;col-duration\&#34;&gt;00:00:06&lt;/td&gt;&#34;, &#34;&lt;td class=\&#34;col-links\&#34;&gt;&lt;/td&gt;&#34;], &#34;log&#34;: &#34;No log output captured.&#34;}], &#34;tests/test_02_login.py::TestLogin::test_incorrect_password&#34;: [{&#34;extras&#34;: [], &#34;result&#34;: &#34;Passed&#34;, &#34;testId&#34;: &#34;tests/test_02_login.py::TestLogin::test_incorrect_password&#34;, &#34;duration&#34;: &#34;00:00:07&#34;, &#34;resultsTableRow&#34;: [&#34;&lt;td class=\&#34;col-result\&#34;&gt;Passed&lt;/td&gt;&#34;, &#34;&lt;td class=\&#34;col-testId\&#34;&gt;tests/test_02_login.py::TestLogin::test_incorrect_password&lt;/td&gt;&#34;, &#34;&lt;td class=\&#34;col-duration\&#34;&gt;00:00:07&lt;/td&gt;&#34;, &#34;&lt;td class=\&#34;col-links\&#34;&gt;&lt;/td&gt;&#34;], &#34;log&#34;: &#34;No log output captured.&#34;}], &#34;tests/test_02_login.py::TestLogin::test_empty_fields&#34;: [{&#34;extras&#34;: [], &#34;result&#34;: &#34;Passed&#34;, &#34;testId&#34;: &#34;tests/test_02_login.py::TestLogin::test_empty_fields&#34;, &#34;duration&#34;: &#34;00:00:09&#34;, &#34;resultsTableRow&#34;: [&#34;&lt;td class=\&#34;col-result\&#34;&gt;Passed&lt;/td&gt;&#34;, &#34;&lt;td class=\&#34;col-testId\&#34;&gt;tests/test_02_login.py::TestLogin::test_empty_fields&lt;/td&gt;&#34;, &#34;&lt;td class=\&#34;col-duration\&#34;&gt;00:00:09&lt;/td&gt;&#34;, &#34;&lt;td class=\&#34;col-links\&#34;&gt;&lt;/td&gt;&#34;], &#34;log&#34;: &#34;No log output captured.&#34;}], &#34;tests/test_02_login.py::TestLogin::test_invalid_email_format&#34;: [{&#34;extras&#34;: [], &#34;result&#34;: &#34;Passed&#34;, &#34;testId&#34;: &#34;tests/test_02_login.py::TestLogin::test_invalid_email_format&#34;, &#34;duration&#34;: &#34;00:00:09&#34;, &#34;resultsTableRow&#34;: [&#34;&lt;td class=\&#34;col-result\&#34;&gt;Passed&lt;/td&gt;&#34;, &#34;&lt;td class=\&#34;col-testId\&#34;&gt;tests/test_02_login.py::TestLogin::test_invalid_email_format&lt;/td&gt;&#34;, &#34;&lt;td class=\&#34;col-duration\&#34;&gt;00:00:09&lt;/td&gt;&#34;, &#34;&lt;td class=\&#34;col-links\&#34;&gt;&lt;/td&gt;&#34;], &#34;log&#34;: &#34;No log output captured.&#34;}], &#34;tests/test_02_login.py::TestLogin::test_forgot_password_link&#34;: [{&#34;extras&#34;: [], &#34;result&#34;: &#34;Passed&#34;, &#34;testId&#34;: &#34;tests/test_02_login.py::TestLogin::test_forgot_password_link&#34;, &#34;duration&#34;: &#34;00:00:08&#34;, &#34;resultsTableRow&#34;: [&#34;&lt;td class=\&#34;col-result\&#34;&gt;Passed&lt;/td&gt;&#34;, &#34;&lt;td class=\&#34;col-testId\&#34;&gt;tests/test_02_login.py::TestLogin::test_forgot_password_link&lt;/td&gt;&#34;, &#34;&lt;td class=\&#34;col-duration\&#34;&gt;00:00:08&lt;/td&gt;&#34;, &#34;&lt;td class=\&#34;col-links\&#34;&gt;&lt;/td&gt;&#34;], &#34;log&#34;: &#34;No log output captured.&#34;}], &#34;tests/test_02_login.py::TestLogin::test_google_login&#34;: [{&#34;extras&#34;: [], &#34;result&#34;: &#34;Passed&#34;, &#34;testId&#34;: &#34;tests/test_02_login.py::TestLogin::test_google_login&#34;, &#34;duration&#34;: &#34;00:00:16&#34;, &#34;resultsTableRow&#34;: [&#34;&lt;td class=\&#34;col-result\&#34;&gt;Passed&lt;/td&gt;&#34;, &#34;&lt;td class=\&#34;col-testId\&#34;&gt;tests/test_02_login.py::TestLogin::test_google_login&lt;/td&gt;&#34;, &#34;&lt;td class=\&#34;col-duration\&#34;&gt;00:00:16&lt;/td&gt;&#34;, &#34;&lt;td class=\&#34;col-links\&#34;&gt;&lt;/td&gt;&#34;], &#34;log&#34;: &#34;No log output captured.&#34;}], &#34;tests/test_02_login.py::TestLogin::test_github_login&#34;: [{&#34;extras&#34;: [], &#34;result&#34;: &#34;Passed&#34;, &#34;testId&#34;: &#34;tests/test_02_login.py::TestLogin::test_github_login&#34;, &#34;duration&#34;: &#34;00:00:10&#34;, &#34;resultsTableRow&#34;: [&#34;&lt;td class=\&#34;col-result\&#34;&gt;Passed&lt;/td&gt;&#34;, &#34;&lt;td class=\&#34;col-testId\&#34;&gt;tests/test_02_login.py::TestLogin::test_github_login&lt;/td&gt;&#34;, &#34;&lt;td class=\&#34;col-duration\&#34;&gt;00:00:10&lt;/td&gt;&#34;, &#34;&lt;td class=\&#34;col-links\&#34;&gt;&lt;/td&gt;&#34;], &#34;log&#34;: &#34;No log output captured.&#34;}], &#34;tests/test_02_login.py::TestLogin::test_signup_link&#34;: [{&#34;extras&#34;: [], &#34;result&#34;: &#34;Passed&#34;, &#34;testId&#34;: &#34;tests/test_02_login.py::TestLogin::test_signup_link&#34;, &#34;duration&#34;: &#34;00:00:28&#34;, &#34;resultsTableRow&#34;: [&#34;&lt;td class=\&#34;col-result\&#34;&gt;Passed&lt;/td&gt;&#34;, &#34;&lt;td class=\&#34;col-testId\&#34;&gt;tests/test_02_login.py::TestLogin::test_signup_link&lt;/td&gt;&#34;, &#34;&lt;td class=\&#34;col-duration\&#34;&gt;00:00:28&lt;/td&gt;&#34;, &#34;&lt;td class=\&#34;col-links\&#34;&gt;&lt;/td&gt;&#34;], &#34;log&#34;: &#34;No log output captured.---------------------------- Captured log teardown -----------------------------\nWARNING  urllib3.connectionpool:connectionpool.py:870 Retrying (Retry(total=2, connect=None, read=None, redirect=None, status=None)) after connection broken by &amp;#x27;NewConnectionError(&amp;#x27;&amp;lt;urllib3.connection.HTTPConnection object at 0x0000026311C54D10&amp;gt;: Failed to establish a new connection: [WinError 10061] No connection could be made because the target machine actively refused it&amp;#x27;)&amp;#x27;: /session/932e5f23218d63a8aa27d4d1274b485d\nWARNING  urllib3.connectionpool:connectionpool.py:870 Retrying (Retry(total=1, connect=None, read=None, redirect=None, status=None)) after connection broken by &amp;#x27;NewConnectionError(&amp;#x27;&amp;lt;urllib3.connection.HTTPConnection object at 0x0000026311C54F30&amp;gt;: Failed to establish a new connection: [WinError 10061] No connection could be made because the target machine actively refused it&amp;#x27;)&amp;#x27;: /session/932e5f23218d63a8aa27d4d1274b485d\nWARNING  urllib3.connectionpool:connectionpool.py:870 Retrying (Retry(total=0, connect=None, read=None, redirect=None, status=None)) after connection broken by &amp;#x27;NewConnectionError(&amp;#x27;&amp;lt;urllib3.connection.HTTPConnection object at 0x0000026311C55150&amp;gt;: Failed to establish a new connection: [WinError 10061] No connection could be made because the target machine actively refused it&amp;#x27;)&amp;#x27;: /session/932e5f23218d63a8aa27d4d1274b485d&#34;}], &#34;tests/test_03_forgot_password.py::TestForgotPassword::test_redirect_forgot_password_page&#34;: [{&#34;extras&#34;: [], &#34;result&#34;: &#34;Passed&#34;, &#34;testId&#34;: &#34;tests/test_03_forgot_password.py::TestForgotPassword::test_redirect_forgot_password_page&#34;, &#34;duration&#34;: &#34;00:00:04&#34;, &#34;resultsTableRow&#34;: [&#34;&lt;td class=\&#34;col-result\&#34;&gt;Passed&lt;/td&gt;&#34;, &#34;&lt;td class=\&#34;col-testId\&#34;&gt;tests/test_03_forgot_password.py::TestForgotPassword::test_redirect_forgot_password_page&lt;/td&gt;&#34;, &#34;&lt;td class=\&#34;col-duration\&#34;&gt;00:00:04&lt;/td&gt;&#34;, &#34;&lt;td class=\&#34;col-links\&#34;&gt;&lt;/td&gt;&#34;], &#34;log&#34;: &#34;No log output captured.&#34;}], &#34;tests/test_03_forgot_password.py::TestForgotPassword::test_empty_email_validation&#34;: [{&#34;extras&#34;: [], &#34;result&#34;: &#34;Passed&#34;, &#34;testId&#34;: &#34;tests/test_03_forgot_password.py::TestForgotPassword::test_empty_email_validation&#34;, &#34;duration&#34;: &#34;00:00:08&#34;, &#34;resultsTableRow&#34;: [&#34;&lt;td class=\&#34;col-result\&#34;&gt;Passed&lt;/td&gt;&#34;, &#34;&lt;td class=\&#34;col-testId\&#34;&gt;tests/test_03_forgot_password.py::TestForgotPassword::test_empty_email_validation&lt;/td&gt;&#34;, &#34;&lt;td class=\&#34;col-duration\&#34;&gt;00:00:08&lt;/td&gt;&#34;, &#34;&lt;td class=\&#34;col-links\&#34;&gt;&lt;/td&gt;&#34;], &#34;log&#34;: &#34;No log output captured.&#34;}], &#34;tests/test_03_forgot_password.py::TestForgotPassword::test_invalid_email_format&#34;: [{&#34;extras&#34;: [], &#34;result&#34;: &#34;Passed&#34;, &#34;testId&#34;: &#34;tests/test_03_forgot_password.py::TestForgotPassword::test_invalid_email_format&#34;, &#34;duration&#34;: &#34;00:00:08&#34;, &#34;resultsTableRow&#34;: [&#34;&lt;td class=\&#34;col-result\&#34;&gt;Passed&lt;/td&gt;&#34;, &#34;&lt;td class=\&#34;col-testId\&#34;&gt;tests/test_03_forgot_password.py::TestForgotPassword::test_invalid_email_format&lt;/td&gt;&#34;, &#34;&lt;td class=\&#34;col-duration\&#34;&gt;00:00:08&lt;/td&gt;&#34;, &#34;&lt;td class=\&#34;col-links\&#34;&gt;&lt;/td&gt;&#34;], &#34;log&#34;: &#34;No log output captured.&#34;}], &#34;tests/test_03_forgot_password.py::TestForgotPassword::test_valid_email_otp_generation&#34;: [{&#34;extras&#34;: [], &#34;result&#34;: &#34;Passed&#34;, &#34;testId&#34;: &#34;tests/test_03_forgot_password.py::TestForgotPassword::test_valid_email_otp_generation&#34;, &#34;duration&#34;: &#34;00:00:16&#34;, &#34;resultsTableRow&#34;: [&#34;&lt;td class=\&#34;col-result\&#34;&gt;Passed&lt;/td&gt;&#34;, &#34;&lt;td class=\&#34;col-testId\&#34;&gt;tests/test_03_forgot_password.py::TestForgotPassword::test_valid_email_otp_generation&lt;/td&gt;&#34;, &#34;&lt;td class=\&#34;col-duration\&#34;&gt;00:00:16&lt;/td&gt;&#34;, &#34;&lt;td class=\&#34;col-links\&#34;&gt;&lt;/td&gt;&#34;], &#34;log&#34;: &#34;No log output captured.&#34;}], &#34;tests/test_03_forgot_password.py::TestForgotPassword::test_empty_otp_field&#34;: [{&#34;extras&#34;: [], &#34;result&#34;: &#34;Passed&#34;, &#34;testId&#34;: &#34;tests/test_03_forgot_password.py::TestForgotPassword::test_empty_otp_field&#34;, &#34;duration&#34;: &#34;00:00:24&#34;, &#34;resultsTableRow&#34;: [&#34;&lt;td class=\&#34;col-result\&#34;&gt;Passed&lt;/td&gt;&#34;, &#34;&lt;td class=\&#34;col-testId\&#34;&gt;tests/test_03_forgot_password.py::TestForgotPassword::test_empty_otp_field&lt;/td&gt;&#34;, &#34;&lt;td class=\&#34;col-duration\&#34;&gt;00:00:24&lt;/td&gt;&#34;, &#34;&lt;td class=\&#34;col-links\&#34;&gt;&lt;/td&gt;&#34;], &#34;log&#34;: &#34;No log output captured.&#34;}], &#34;tests/test_03_forgot_password.py::TestForgotPassword::test_invalid_otp_entry&#34;: [{&#34;extras&#34;: [], &#34;result&#34;: &#34;Failed&#34;, &#34;testId&#34;: &#34;tests/test_03_forgot_password.py::TestForgotPassword::test_invalid_otp_entry&#34;, &#34;duration&#34;: &#34;00:00:07&#34;, &#34;resultsTableRow&#34;: [&#34;&lt;td class=\&#34;col-result\&#34;&gt;Failed&lt;/td&gt;&#34;, &#34;&lt;td class=\&#34;col-testId\&#34;&gt;tests/test_03_forgot_password.py::TestForgotPassword::test_invalid_otp_entry&lt;/td&gt;&#34;, &#34;&lt;td class=\&#34;col-duration\&#34;&gt;00:00:07&lt;/td&gt;&#34;, &#34;&lt;td class=\&#34;col-links\&#34;&gt;&lt;/td&gt;&#34;], &#34;log&#34;: &#34;self = &amp;lt;tests.test_03_forgot_password.TestForgotPassword object at 0x0000026311B00C00&amp;gt;\ndriver = &amp;lt;selenium.webdriver.chrome.webdriver.WebDriver (session=&amp;quot;03789b308301de8fea6be41e362701aa&amp;quot;)&amp;gt;\n\n    def test_invalid_otp_entry(self, driver):\n        &amp;quot;&amp;quot;&amp;quot;Verify error message for incorrect OTP entry.&amp;quot;&amp;quot;&amp;quot;\n        forgot_password = ForgotPasswordPage(driver)\n        forgot_password.navigate()\n        forgot_password.enter_email(&amp;quot;shivamtesting7@gmail.com&amp;quot;)\n        forgot_password.click_continue()\n        otp = get_otp_from_email()\n        assert otp, &amp;quot;Failed to retrieve OTP.&amp;quot;\n&amp;gt;       forgot_password.enter_otp_verification(&amp;quot;123456&amp;quot;)  # Invalid OTP\n\ntests\\test_03_forgot_password.py:64: \n_ _ _ _ _ _ _ _ _ _ _ _ _ _ _ _ _ _ _ _ _ _ _ _ _ _ _ _ _ _ _ _ _ _ _ _ _ _ _ _ _ _ _ _ _ _ _ _ _ _ _ _ _ _ _ _ _ _ _ _ _ _ _ _ _ _ _ _ _ _ _ _ _ _ _ _ _ _ _ _ _ _ _ _ _ _ _ _ _ _\npages\\forgot_password_page.py:19: in enter_otp_verification\n    self.driver.find_element(By.XPATH, &amp;quot;//input[@id=&amp;#x27;otp_input&amp;#x27;]&amp;quot;).send_keys(otp)\nC:\\Users\\shivam srivastava\\AppData\\Local\\Programs\\Python\\Python313\\Lib\\site-packages\\selenium\\webdriver\\remote\\webdriver.py:888: in find_element\n    return self.execute(Command.FIND_ELEMENT, {&amp;quot;using&amp;quot;: by, &amp;quot;value&amp;quot;: value})[&amp;quot;value&amp;quot;]\nC:\\Users\\shivam srivastava\\AppData\\Local\\Programs\\Python\\Python313\\Lib\\site-packages\\selenium\\webdriver\\remote\\webdriver.py:429: in execute\n    self.error_handler.check_response(response)\n_ _ _ _ _ _ _ _ _ _ _ _ _ _ _ _ _ _ _ _ _ _ _ _ _ _ _ _ _ _ _ _ _ _ _ _ _ _ _ _ _ _ _ _ _ _ _ _ _ _ _ _ _ _ _ _ _ _ _ _ _ _ _ _ _ _ _ _ _ _ _ _ _ _ _ _ _ _ _ _ _ _ _ _ _ _ _ _ _ _\n\nself = &amp;lt;selenium.webdriver.remote.errorhandler.ErrorHandler object at 0x0000026312100050&amp;gt;\nresponse = {&amp;#x27;status&amp;#x27;: 404, &amp;#x27;value&amp;#x27;: &amp;#x27;{&amp;quot;value&amp;quot;:{&amp;quot;error&amp;quot;:&amp;quot;no such element&amp;quot;,&amp;quot;message&amp;quot;:&amp;quot;no such element: Unable to locate element: {\\...07FF7C214EAA9]\\\\n\\\\tBaseThreadInitThunk [0x00007FFA6604E8D7+23]\\\\n\\\\tRtlUserThreadStart [0x00007FFA6797BF6C+44]\\\\n&amp;quot;}}&amp;#x27;}\n\n    def check_response(self, response: Dict[str, Any]) -&amp;gt; None:\n        &amp;quot;&amp;quot;&amp;quot;Checks that a JSON response from the WebDriver does not have an\n        error.\n    \n        :Args:\n         - response - The JSON response from the WebDriver server as a dictionary\n           object.\n    \n        :Raises: If the response contains an error message.\n        &amp;quot;&amp;quot;&amp;quot;\n        status = response.get(&amp;quot;status&amp;quot;, None)\n        if not status or status == ErrorCode.SUCCESS:\n            return\n        value = None\n        message = response.get(&amp;quot;message&amp;quot;, &amp;quot;&amp;quot;)\n        screen: str = response.get(&amp;quot;screen&amp;quot;, &amp;quot;&amp;quot;)\n        stacktrace = None\n        if isinstance(status, int):\n            value_json = response.get(&amp;quot;value&amp;quot;, None)\n            if value_json and isinstance(value_json, str):\n                import json\n    \n                try:\n                    value = json.loads(value_json)\n                    if len(value) == 1:\n                        value = value[&amp;quot;value&amp;quot;]\n                    status = value.get(&amp;quot;error&amp;quot;, None)\n                    if not status:\n                        status = value.get(&amp;quot;status&amp;quot;, ErrorCode.UNKNOWN_ERROR)\n                        message = value.get(&amp;quot;value&amp;quot;) or value.get(&amp;quot;message&amp;quot;)\n                        if not isinstance(message, str):\n                            value = message\n                            message = message.get(&amp;quot;message&amp;quot;)\n                    else:\n                        message = value.get(&amp;quot;message&amp;quot;, None)\n                except ValueError:\n                    pass\n    \n        exception_class: Type[WebDriverException]\n        e = ErrorCode()\n        error_codes = [item for item in dir(e) if not item.startswith(&amp;quot;__&amp;quot;)]\n        for error_code in error_codes:\n            error_info = getattr(ErrorCode, error_code)\n            if isinstance(error_info, list) and status in error_info:\n                exception_class = getattr(ExceptionMapping, error_code, WebDriverException)\n                break\n        else:\n            exception_class = WebDriverException\n    \n        if not value:\n            value = response[&amp;quot;value&amp;quot;]\n        if isinstance(value, str):\n            raise exception_class(value)\n        if message == &amp;quot;&amp;quot; and &amp;quot;message&amp;quot; in value:\n            message = value[&amp;quot;message&amp;quot;]\n    \n        screen = None  # type: ignore[assignment]\n        if &amp;quot;screen&amp;quot; in value:\n            screen = value[&amp;quot;screen&amp;quot;]\n    \n        stacktrace = None\n        st_value = value.get(&amp;quot;stackTrace&amp;quot;) or value.get(&amp;quot;stacktrace&amp;quot;)\n        if st_value:\n            if isinstance(st_value, str):\n                stacktrace = st_value.split(&amp;quot;\\n&amp;quot;)\n            else:\n                stacktrace = []\n                try:\n                    for frame in st_value:\n                        line = frame.get(&amp;quot;lineNumber&amp;quot;, &amp;quot;&amp;quot;)\n                        file = frame.get(&amp;quot;fileName&amp;quot;, &amp;quot;&amp;lt;anonymous&amp;gt;&amp;quot;)\n                        if line:\n                            file = f&amp;quot;{file}:{line}&amp;quot;\n                        meth = frame.get(&amp;quot;methodName&amp;quot;, &amp;quot;&amp;lt;anonymous&amp;gt;&amp;quot;)\n                        if &amp;quot;className&amp;quot; in frame:\n                            meth = f&amp;quot;{frame[&amp;#x27;className&amp;#x27;]}.{meth}&amp;quot;\n                        msg = &amp;quot;    at %s (%s)&amp;quot;\n                        msg = msg % (meth, file)\n                        stacktrace.append(msg)\n                except TypeError:\n                    pass\n        if exception_class == UnexpectedAlertPresentException:\n            alert_text = None\n            if &amp;quot;data&amp;quot; in value:\n                alert_text = value[&amp;quot;data&amp;quot;].get(&amp;quot;text&amp;quot;)\n            elif &amp;quot;alert&amp;quot; in value:\n                alert_text = value[&amp;quot;alert&amp;quot;].get(&amp;quot;text&amp;quot;)\n            raise exception_class(message, screen, stacktrace, alert_text)  # type: ignore[call-arg]  # mypy is not smart enough here\n&amp;gt;       raise exception_class(message, screen, stacktrace)\nE       selenium.common.exceptions.NoSuchElementException: Message: no such element: Unable to locate element: {&amp;quot;method&amp;quot;:&amp;quot;xpath&amp;quot;,&amp;quot;selector&amp;quot;:&amp;quot;//input[@id=&amp;#x27;otp_input&amp;#x27;]&amp;quot;}\nE         (Session info: chrome=134.0.6998.178); For documentation on this error, please visit: https://www.selenium.dev/documentation/webdriver/troubleshooting/errors#no-such-element-exception\nE       Stacktrace:\nE       \tGetHandleVerifier [0x00007FF7C24F4C25+3179557]\nE       \t(No symbol) [0x00007FF7C21588A0]\nE       \t(No symbol) [0x00007FF7C1FE91CA]\nE       \t(No symbol) [0x00007FF7C203FA67]\nE       \t(No symbol) [0x00007FF7C203FC9C]\nE       \t(No symbol) [0x00007FF7C2093627]\nE       \t(No symbol) [0x00007FF7C2067C6F]\nE       \t(No symbol) [0x00007FF7C20902F3]\nE       \t(No symbol) [0x00007FF7C2067A03]\nE       \t(No symbol) [0x00007FF7C20306D0]\nE       \t(No symbol) [0x00007FF7C2031983]\nE       \tGetHandleVerifier [0x00007FF7C25567CD+3579853]\nE       \tGetHandleVerifier [0x00007FF7C256D1D2+3672530]\nE       \tGetHandleVerifier [0x00007FF7C2562153+3627347]\nE       \tGetHandleVerifier [0x00007FF7C22C092A+868650]\nE       \t(No symbol) [0x00007FF7C2162FFF]\nE       \t(No symbol) [0x00007FF7C215F4A4]\nE       \t(No symbol) [0x00007FF7C215F646]\nE       \t(No symbol) [0x00007FF7C214EAA9]\nE       \tBaseThreadInitThunk [0x00007FFA6604E8D7+23]\nE       \tRtlUserThreadStart [0x00007FFA6797BF6C+44]\n\nC:\\Users\\shivam srivastava\\AppData\\Local\\Programs\\Python\\Python313\\Lib\\site-packages\\selenium\\webdriver\\remote\\errorhandler.py:232: NoSuchElementException\n&#34;}], &#34;tests/test_03_forgot_password.py::TestForgotPassword::test_valid_otp_entry&#34;: [{&#34;extras&#34;: [], &#34;result&#34;: &#34;Passed&#34;, &#34;testId&#34;: &#34;tests/test_03_forgot_password.py::TestForgotPassword::test_valid_otp_entry&#34;, &#34;duration&#34;: &#34;00:00:31&#34;, &#34;resultsTableRow&#34;: [&#34;&lt;td class=\&#34;col-result\&#34;&gt;Passed&lt;/td&gt;&#34;, &#34;&lt;td class=\&#34;col-testId\&#34;&gt;tests/test_03_forgot_password.py::TestForgotPassword::test_valid_otp_entry&lt;/td&gt;&#34;, &#34;&lt;td class=\&#34;col-duration\&#34;&gt;00:00:31&lt;/td&gt;&#34;, &#34;&lt;td class=\&#34;col-links\&#34;&gt;&lt;/td&gt;&#34;], &#34;log&#34;: &#34;No log output captured.&#34;}], &#34;tests/test_03_forgot_password.py::TestForgotPassword::test_expired_otp&#34;: [{&#34;extras&#34;: [], &#34;result&#34;: &#34;Passed&#34;, &#34;testId&#34;: &#34;tests/test_03_forgot_password.py::TestForgotPassword::test_expired_otp&#34;, &#34;duration&#34;: &#34;00:01:21&#34;, &#34;resultsTableRow&#34;: [&#34;&lt;td class=\&#34;col-result\&#34;&gt;Passed&lt;/td&gt;&#34;, &#34;&lt;td class=\&#34;col-testId\&#34;&gt;tests/test_03_forgot_password.py::TestForgotPassword::test_expired_otp&lt;/td&gt;&#34;, &#34;&lt;td class=\&#34;col-duration\&#34;&gt;00:01:21&lt;/td&gt;&#34;, &#34;&lt;td class=\&#34;col-links\&#34;&gt;&lt;/td&gt;&#34;], &#34;log&#34;: &#34;No log output captured.&#34;}], &#34;tests/test_03_forgot_password.py::TestForgotPassword::test_mismatched_passwords&#34;: [{&#34;extras&#34;: [], &#34;result&#34;: &#34;Passed&#34;, &#34;testId&#34;: &#34;tests/test_03_forgot_password.py::TestForgotPassword::test_mismatched_passwords&#34;, &#34;duration&#34;: &#34;00:00:33&#34;, &#34;resultsTableRow&#34;: [&#34;&lt;td class=\&#34;col-result\&#34;&gt;Passed&lt;/td&gt;&#34;, &#34;&lt;td class=\&#34;col-testId\&#34;&gt;tests/test_03_forgot_password.py::TestForgotPassword::test_mismatched_passwords&lt;/td&gt;&#34;, &#34;&lt;td class=\&#34;col-duration\&#34;&gt;00:00:33&lt;/td&gt;&#34;, &#34;&lt;td class=\&#34;col-links\&#34;&gt;&lt;/td&gt;&#34;], &#34;log&#34;: &#34;No log output captured.&#34;}], &#34;tests/test_03_forgot_password.py::TestForgotPassword::test_valid_password_reset&#34;: [{&#34;extras&#34;: [], &#34;result&#34;: &#34;Passed&#34;, &#34;testId&#34;: &#34;tests/test_03_forgot_password.py::TestForgotPassword::test_valid_password_reset&#34;, &#34;duration&#34;: &#34;00:00:34&#34;, &#34;resultsTableRow&#34;: [&#34;&lt;td class=\&#34;col-result\&#34;&gt;Passed&lt;/td&gt;&#34;, &#34;&lt;td class=\&#34;col-testId\&#34;&gt;tests/test_03_forgot_password.py::TestForgotPassword::test_valid_password_reset&lt;/td&gt;&#34;, &#34;&lt;td class=\&#34;col-duration\&#34;&gt;00:00:34&lt;/td&gt;&#34;, &#34;&lt;td class=\&#34;col-links\&#34;&gt;&lt;/td&gt;&#34;], &#34;log&#34;: &#34;No log output captured.&#34;}], &#34;tests/test_04_workspace.py::TestDashboard::test_with_valid_workspace_name&#34;: [{&#34;extras&#34;: [], &#34;result&#34;: &#34;Failed&#34;, &#34;testId&#34;: &#34;tests/test_04_workspace.py::TestDashboard::test_with_valid_workspace_name&#34;, &#34;duration&#34;: &#34;00:00:20&#34;, &#34;resultsTableRow&#34;: [&#34;&lt;td class=\&#34;col-result\&#34;&gt;Failed&lt;/td&gt;&#34;, &#34;&lt;td class=\&#34;col-testId\&#34;&gt;tests/test_04_workspace.py::TestDashboard::test_with_valid_workspace_name&lt;/td&gt;&#34;, &#34;&lt;td class=\&#34;col-duration\&#34;&gt;00:00:20&lt;/td&gt;&#34;, &#34;&lt;td class=\&#34;col-links\&#34;&gt;&lt;/td&gt;&#34;], &#34;log&#34;: &#34;self = &amp;lt;tests.test_04_workspace.TestDashboard object at 0x0000026311BC8050&amp;gt;, driver = &amp;lt;selenium.webdriver.chrome.webdriver.WebDriver (session=&amp;quot;d27c853a39566dd53a8e46737f147e95&amp;quot;)&amp;gt;\n\n    def test_with_valid_workspace_name(self, driver):\n        &amp;quot;&amp;quot;&amp;quot;Test creating a workspace with a valid name.&amp;quot;&amp;quot;&amp;quot;\n        print(&amp;quot;Testing login and navigating to dashboard&amp;quot;)\n    \n        login_page = LoginPage(driver)\n        login_page.navigate()\n        login_page.enter_email(&amp;quot;shivamtesting7@gmail.com&amp;quot;)\n        login_page.enter_password(&amp;quot;Pass@9988&amp;quot;)\n        login_page.click_login_button()\n    \n        time.sleep(4)\n        driver.refresh()\n    \n        dashboard = WorkspacePage(driver)\n        dashboard.navigate()\n&amp;gt;       dashboard.enter_workspace_name(&amp;quot;students management system&amp;quot;)\n\ntests\\test_04_workspace.py:26: \n_ _ _ _ _ _ _ _ _ _ _ _ _ _ _ _ _ _ _ _ _ _ _ _ _ _ _ _ _ _ _ _ _ _ _ _ _ _ _ _ _ _ _ _ _ _ _ _ _ _ _ _ _ _ _ _ _ _ _ _ _ _ _ _ _ _ _ _ _ _ _ _ _ _ _ _ _ _ _ _ _ _ _ _ _ _ _ _ _ _\npages\\workspace_page.py:17: in enter_workspace_name\n    workspace_input = WebDriverWait(self.driver, 10).until(\n_ _ _ _ _ _ _ _ _ _ _ _ _ _ _ _ _ _ _ _ _ _ _ _ _ _ _ _ _ _ _ _ _ _ _ _ _ _ _ _ _ _ _ _ _ _ _ _ _ _ _ _ _ _ _ _ _ _ _ _ _ _ _ _ _ _ _ _ _ _ _ _ _ _ _ _ _ _ _ _ _ _ _ _ _ _ _ _ _ _\n\nself = &amp;lt;selenium.webdriver.support.wait.WebDriverWait (session=&amp;quot;d27c853a39566dd53a8e46737f147e95&amp;quot;)&amp;gt;\nmethod = &amp;lt;function element_to_be_clickable.&amp;lt;locals&amp;gt;._predicate at 0x0000026311C6A840&amp;gt;, message = &amp;#x27;&amp;#x27;\n\n    def until(self, method: Callable[[D], Union[Literal[False], T]], message: str = &amp;quot;&amp;quot;) -&amp;gt; T:\n        &amp;quot;&amp;quot;&amp;quot;Wait until the method returns a value that is not False.\n    \n        Calls the method provided with the driver as an argument until the\n        return value does not evaluate to ``False``.\n    \n        Parameters:\n        ----------\n        method: callable(WebDriver)\n            - A callable object that takes a WebDriver instance as an argument.\n    \n        message: str\n            - Optional message for :exc:`TimeoutException`\n    \n        Return:\n        -------\n        object: T\n            - The result of the last call to `method`\n    \n        Raises:\n        -------\n        TimeoutException\n            - If &amp;#x27;method&amp;#x27; does not return a truthy value within the WebDriverWait\n            object&amp;#x27;s timeout\n    \n        Example:\n        --------\n        &amp;gt;&amp;gt;&amp;gt; from selenium.webdriver.common.by import By\n        &amp;gt;&amp;gt;&amp;gt; from selenium.webdriver.support.ui import WebDriverWait\n        &amp;gt;&amp;gt;&amp;gt; from selenium.webdriver.support import expected_conditions as EC\n    \n        # Wait until an element is visible on the page\n        &amp;gt;&amp;gt;&amp;gt; wait = WebDriverWait(driver, 10)\n        &amp;gt;&amp;gt;&amp;gt; element = wait.until(EC.visibility_of_element_located((By.ID, &amp;quot;exampleId&amp;quot;)))\n        &amp;gt;&amp;gt;&amp;gt; print(element.text)\n        &amp;quot;&amp;quot;&amp;quot;\n        screen = None\n        stacktrace = None\n    \n        end_time = time.monotonic() + self._timeout\n        while True:\n            try:\n                value = method(self._driver)\n                if value:\n                    return value\n            except self._ignored_exceptions as exc:\n                screen = getattr(exc, &amp;quot;screen&amp;quot;, None)\n                stacktrace = getattr(exc, &amp;quot;stacktrace&amp;quot;, None)\n            if time.monotonic() &amp;gt; end_time:\n                break\n            time.sleep(self._poll)\n&amp;gt;       raise TimeoutException(message, screen, stacktrace)\nE       selenium.common.exceptions.TimeoutException: Message: \nE       Stacktrace:\nE       \tGetHandleVerifier [0x00007FF7C24F4C25+3179557]\nE       \t(No symbol) [0x00007FF7C21588A0]\nE       \t(No symbol) [0x00007FF7C1FE91CA]\nE       \t(No symbol) [0x00007FF7C203FA67]\nE       \t(No symbol) [0x00007FF7C203FC9C]\nE       \t(No symbol) [0x00007FF7C2093627]\nE       \t(No symbol) [0x00007FF7C2067C6F]\nE       \t(No symbol) [0x00007FF7C20902F3]\nE       \t(No symbol) [0x00007FF7C2067A03]\nE       \t(No symbol) [0x00007FF7C20306D0]\nE       \t(No symbol) [0x00007FF7C2031983]\nE       \tGetHandleVerifier [0x00007FF7C25567CD+3579853]\nE       \tGetHandleVerifier [0x00007FF7C256D1D2+3672530]\nE       \tGetHandleVerifier [0x00007FF7C2562153+3627347]\nE       \tGetHandleVerifier [0x00007FF7C22C092A+868650]\nE       \t(No symbol) [0x00007FF7C2162FFF]\nE       \t(No symbol) [0x00007FF7C215F4A4]\nE       \t(No symbol) [0x00007FF7C215F646]\nE       \t(No symbol) [0x00007FF7C214EAA9]\nE       \tBaseThreadInitThunk [0x00007FFA6604E8D7+23]\nE       \tRtlUserThreadStart [0x00007FFA6797BF6C+44]\n\nC:\\Users\\shivam srivastava\\AppData\\Local\\Programs\\Python\\Python313\\Lib\\site-packages\\selenium\\webdriver\\support\\wait.py:146: TimeoutException\n&#34;}], &#34;tests/test_04_workspace.py::TestDashboard::test_add_workspace_card&#34;: [{&#34;extras&#34;: [], &#34;result&#34;: &#34;Passed&#34;, &#34;testId&#34;: &#34;tests/test_04_workspace.py::TestDashboard::test_add_workspace_card&#34;, &#34;duration&#34;: &#34;00:00:26&#34;, &#34;resultsTableRow&#34;: [&#34;&lt;td class=\&#34;col-result\&#34;&gt;Passed&lt;/td&gt;&#34;, &#34;&lt;td class=\&#34;col-testId\&#34;&gt;tests/test_04_workspace.py::TestDashboard::test_add_workspace_card&lt;/td&gt;&#34;, &#34;&lt;td class=\&#34;col-duration\&#34;&gt;00:00:26&lt;/td&gt;&#34;, &#34;&lt;td class=\&#34;col-links\&#34;&gt;&lt;/td&gt;&#34;], &#34;log&#34;: &#34;No log output captured.&#34;}], &#34;tests/test_04_workspace.py::TestDashboard::test_create_collections&#34;: [{&#34;extras&#34;: [], &#34;result&#34;: &#34;Failed&#34;, &#34;testId&#34;: &#34;tests/test_04_workspace.py::TestDashboard::test_create_collections&#34;, &#34;duration&#34;: &#34;00:00:51&#34;, &#34;resultsTableRow&#34;: [&#34;&lt;td class=\&#34;col-result\&#34;&gt;Failed&lt;/td&gt;&#34;, &#34;&lt;td class=\&#34;col-testId\&#34;&gt;tests/test_04_workspace.py::TestDashboard::test_create_collections&lt;/td&gt;&#34;, &#34;&lt;td class=\&#34;col-duration\&#34;&gt;00:00:51&lt;/td&gt;&#34;, &#34;&lt;td class=\&#34;col-links\&#34;&gt;&lt;/td&gt;&#34;], &#34;log&#34;: &#34;self = &amp;lt;tests.test_04_workspace.TestDashboard object at 0x0000026311B2CFC0&amp;gt;, driver = &amp;lt;selenium.webdriver.chrome.webdriver.WebDriver (session=&amp;quot;f0dc0bb0457248c4ed06717026c6804f&amp;quot;)&amp;gt;\n\n    def test_create_collections(self, driver):\n        print(&amp;quot;Testing login and navigating to dashboard&amp;quot;)\n    \n        login_page = LoginPage(driver)\n        login_page.navigate()\n        login_page.enter_email(&amp;quot;shivamtesting7@gmail.com&amp;quot;)\n        login_page.enter_password(&amp;quot;Pass@9988&amp;quot;)\n        login_page.click_login_button()\n    \n        time.sleep(4)\n        driver.refresh()\n    \n        dashboard = WorkspacePage(driver)\n        dashboard.navigate()\n        workspace_url = dashboard.click_workspace_name()  # Extracts the URL dynamically\n        print(&amp;quot;Navigated to extracted workspace URL:&amp;quot;, workspace_url)\n        time.sleep(10)\n    \n        driver.get(workspace_url)  # Navigate to the extracted workspace URL\n        time.sleep(10)\n    \n        dashboard.add_collection()\n        print(&amp;quot;Clicked &amp;#x27;Add Collection&amp;#x27; button successfully&amp;quot;)\n        time.sleep(10)\n    \n&amp;gt;       dashboard.click_on_add_collection(&amp;quot;Students Collection&amp;quot;, &amp;quot;test&amp;quot;)\n\ntests\\test_04_workspace.py:79: \n_ _ _ _ _ _ _ _ _ _ _ _ _ _ _ _ _ _ _ _ _ _ _ _ _ _ _ _ _ _ _ _ _ _ _ _ _ _ _ _ _ _ _ _ _ _ _ _ _ _ _ _ _ _ _ _ _ _ _ _ _ _ _ _ _ _ _ _ _ _ _ _ _ _ _ _ _ _ _ _ _ _ _ _ _ _ _ _ _ _\npages\\workspace_page.py:64: in click_on_add_collection\n    self.driver.find_element(By.ID, &amp;quot;create_col-name-input&amp;quot;).send_keys(collection_name)\nC:\\Users\\shivam srivastava\\AppData\\Local\\Programs\\Python\\Python313\\Lib\\site-packages\\selenium\\webdriver\\remote\\webdriver.py:888: in find_element\n    return self.execute(Command.FIND_ELEMENT, {&amp;quot;using&amp;quot;: by, &amp;quot;value&amp;quot;: value})[&amp;quot;value&amp;quot;]\nC:\\Users\\shivam srivastava\\AppData\\Local\\Programs\\Python\\Python313\\Lib\\site-packages\\selenium\\webdriver\\remote\\webdriver.py:429: in execute\n    self.error_handler.check_response(response)\n_ _ _ _ _ _ _ _ _ _ _ _ _ _ _ _ _ _ _ _ _ _ _ _ _ _ _ _ _ _ _ _ _ _ _ _ _ _ _ _ _ _ _ _ _ _ _ _ _ _ _ _ _ _ _ _ _ _ _ _ _ _ _ _ _ _ _ _ _ _ _ _ _ _ _ _ _ _ _ _ _ _ _ _ _ _ _ _ _ _\n\nself = &amp;lt;selenium.webdriver.remote.errorhandler.ErrorHandler object at 0x0000026312104B90&amp;gt;\nresponse = {&amp;#x27;status&amp;#x27;: 404, &amp;#x27;value&amp;#x27;: &amp;#x27;{&amp;quot;value&amp;quot;:{&amp;quot;error&amp;quot;:&amp;quot;no such element&amp;quot;,&amp;quot;message&amp;quot;:&amp;quot;no such element: Unable to locate element: {\\...07FF7C214EAA9]\\\\n\\\\tBaseThreadInitThunk [0x00007FFA6604E8D7+23]\\\\n\\\\tRtlUserThreadStart [0x00007FFA6797BF6C+44]\\\\n&amp;quot;}}&amp;#x27;}\n\n    def check_response(self, response: Dict[str, Any]) -&amp;gt; None:\n        &amp;quot;&amp;quot;&amp;quot;Checks that a JSON response from the WebDriver does not have an\n        error.\n    \n        :Args:\n         - response - The JSON response from the WebDriver server as a dictionary\n           object.\n    \n        :Raises: If the response contains an error message.\n        &amp;quot;&amp;quot;&amp;quot;\n        status = response.get(&amp;quot;status&amp;quot;, None)\n        if not status or status == ErrorCode.SUCCESS:\n            return\n        value = None\n        message = response.get(&amp;quot;message&amp;quot;, &amp;quot;&amp;quot;)\n        screen: str = response.get(&amp;quot;screen&amp;quot;, &amp;quot;&amp;quot;)\n        stacktrace = None\n        if isinstance(status, int):\n            value_json = response.get(&amp;quot;value&amp;quot;, None)\n            if value_json and isinstance(value_json, str):\n                import json\n    \n                try:\n                    value = json.loads(value_json)\n                    if len(value) == 1:\n                        value = value[&amp;quot;value&amp;quot;]\n                    status = value.get(&amp;quot;error&amp;quot;, None)\n                    if not status:\n                        status = value.get(&amp;quot;status&amp;quot;, ErrorCode.UNKNOWN_ERROR)\n                        message = value.get(&amp;quot;value&amp;quot;) or value.get(&amp;quot;message&amp;quot;)\n                        if not isinstance(message, str):\n                            value = message\n                            message = message.get(&amp;quot;message&amp;quot;)\n                    else:\n                        message = value.get(&amp;quot;message&amp;quot;, None)\n                except ValueError:\n                    pass\n    \n        exception_class: Type[WebDriverException]\n        e = ErrorCode()\n        error_codes = [item for item in dir(e) if not item.startswith(&amp;quot;__&amp;quot;)]\n        for error_code in error_codes:\n            error_info = getattr(ErrorCode, error_code)\n            if isinstance(error_info, list) and status in error_info:\n                exception_class = getattr(ExceptionMapping, error_code, WebDriverException)\n                break\n        else:\n            exception_class = WebDriverException\n    \n        if not value:\n            value = response[&amp;quot;value&amp;quot;]\n        if isinstance(value, str):\n            raise exception_class(value)\n        if message == &amp;quot;&amp;quot; and &amp;quot;message&amp;quot; in value:\n            message = value[&amp;quot;message&amp;quot;]\n    \n        screen = None  # type: ignore[assignment]\n        if &amp;quot;screen&amp;quot; in value:\n            screen = value[&amp;quot;screen&amp;quot;]\n    \n        stacktrace = None\n        st_value = value.get(&amp;quot;stackTrace&amp;quot;) or value.get(&amp;quot;stacktrace&amp;quot;)\n        if st_value:\n            if isinstance(st_value, str):\n                stacktrace = st_value.split(&amp;quot;\\n&amp;quot;)\n            else:\n                stacktrace = []\n                try:\n                    for frame in st_value:\n                        line = frame.get(&amp;quot;lineNumber&amp;quot;, &amp;quot;&amp;quot;)\n                        file = frame.get(&amp;quot;fileName&amp;quot;, &amp;quot;&amp;lt;anonymous&amp;gt;&amp;quot;)\n                        if line:\n                            file = f&amp;quot;{file}:{line}&amp;quot;\n                        meth = frame.get(&amp;quot;methodName&amp;quot;, &amp;quot;&amp;lt;anonymous&amp;gt;&amp;quot;)\n                        if &amp;quot;className&amp;quot; in frame:\n                            meth = f&amp;quot;{frame[&amp;#x27;className&amp;#x27;]}.{meth}&amp;quot;\n                        msg = &amp;quot;    at %s (%s)&amp;quot;\n                        msg = msg % (meth, file)\n                        stacktrace.append(msg)\n                except TypeError:\n                    pass\n        if exception_class == UnexpectedAlertPresentException:\n            alert_text = None\n            if &amp;quot;data&amp;quot; in value:\n                alert_text = value[&amp;quot;data&amp;quot;].get(&amp;quot;text&amp;quot;)\n            elif &amp;quot;alert&amp;quot; in value:\n                alert_text = value[&amp;quot;alert&amp;quot;].get(&amp;quot;text&amp;quot;)\n            raise exception_class(message, screen, stacktrace, alert_text)  # type: ignore[call-arg]  # mypy is not smart enough here\n&amp;gt;       raise exception_class(message, screen, stacktrace)\nE       selenium.common.exceptions.NoSuchElementException: Message: no such element: Unable to locate element: {&amp;quot;method&amp;quot;:&amp;quot;css selector&amp;quot;,&amp;quot;selector&amp;quot;:&amp;quot;[id=&amp;quot;create_col-name-input&amp;quot;]&amp;quot;}\nE         (Session info: chrome=134.0.6998.178); For documentation on this error, please visit: https://www.selenium.dev/documentation/webdriver/troubleshooting/errors#no-such-element-exception\nE       Stacktrace:\nE       \tGetHandleVerifier [0x00007FF7C24F4C25+3179557]\nE       \t(No symbol) [0x00007FF7C21588A0]\nE       \t(No symbol) [0x00007FF7C1FE91CA]\nE       \t(No symbol) [0x00007FF7C203FA67]\nE       \t(No symbol) [0x00007FF7C203FC9C]\nE       \t(No symbol) [0x00007FF7C2093627]\nE       \t(No symbol) [0x00007FF7C2067C6F]\nE       \t(No symbol) [0x00007FF7C20902F3]\nE       \t(No symbol) [0x00007FF7C2067A03]\nE       \t(No symbol) [0x00007FF7C20306D0]\nE       \t(No symbol) [0x00007FF7C2031983]\nE       \tGetHandleVerifier [0x00007FF7C25567CD+3579853]\nE       \tGetHandleVerifier [0x00007FF7C256D1D2+3672530]\nE       \tGetHandleVerifier [0x00007FF7C2562153+3627347]\nE       \tGetHandleVerifier [0x00007FF7C22C092A+868650]\nE       \t(No symbol) [0x00007FF7C2162FFF]\nE       \t(No symbol) [0x00007FF7C215F4A4]\nE       \t(No symbol) [0x00007FF7C215F646]\nE       \t(No symbol) [0x00007FF7C214EAA9]\nE       \tBaseThreadInitThunk [0x00007FFA6604E8D7+23]\nE       \tRtlUserThreadStart [0x00007FFA6797BF6C+44]\n\nC:\\Users\\shivam srivastava\\AppData\\Local\\Programs\\Python\\Python313\\Lib\\site-packages\\selenium\\webdriver\\remote\\errorhandler.py:232: NoSuchElementException\n&#34;}], &#34;tests/test_04_workspace.py::TestDashboard::test_collections&#34;: [{&#34;extras&#34;: [], &#34;result&#34;: &#34;Failed&#34;, &#34;testId&#34;: &#34;tests/test_04_workspace.py::TestDashboard::test_collections&#34;, &#34;duration&#34;: &#34;00:00:16&#34;, &#34;resultsTableRow&#34;: [&#34;&lt;td class=\&#34;col-result\&#34;&gt;Failed&lt;/td&gt;&#34;, &#34;&lt;td class=\&#34;col-testId\&#34;&gt;tests/test_04_workspace.py::TestDashboard::test_collections&lt;/td&gt;&#34;, &#34;&lt;td class=\&#34;col-duration\&#34;&gt;00:00:16&lt;/td&gt;&#34;, &#34;&lt;td class=\&#34;col-links\&#34;&gt;&lt;/td&gt;&#34;], &#34;log&#34;: &#34;self = &amp;lt;tests.test_04_workspace.TestDashboard object at 0x0000026311B2D0F0&amp;gt;, driver = &amp;lt;selenium.webdriver.chrome.webdriver.WebDriver (session=&amp;quot;8d7d71fc38c3ce33177b3cc2c125acc4&amp;quot;)&amp;gt;\n\n    def test_collections(self, driver):\n        print(&amp;quot;clicked collections successfully&amp;quot;)\n        login_page = LoginPage(driver)\n        login_page.navigate()\n&amp;gt;       login_page.enter_email(&amp;quot;shivamtesting7@gmail.com&amp;quot;)\n\ntests\\test_04_workspace.py:100: \n_ _ _ _ _ _ _ _ _ _ _ _ _ _ _ _ _ _ _ _ _ _ _ _ _ _ _ _ _ _ _ _ _ _ _ _ _ _ _ _ _ _ _ _ _ _ _ _ _ _ _ _ _ _ _ _ _ _ _ _ _ _ _ _ _ _ _ _ _ _ _ _ _ _ _ _ _ _ _ _ _ _ _ _ _ _ _ _ _ _\npages\\login_page.py:14: in enter_email\n    email_field = self.driver.find_element(By.ID, &amp;quot;email_input&amp;quot;)\nC:\\Users\\shivam srivastava\\AppData\\Local\\Programs\\Python\\Python313\\Lib\\site-packages\\selenium\\webdriver\\remote\\webdriver.py:888: in find_element\n    return self.execute(Command.FIND_ELEMENT, {&amp;quot;using&amp;quot;: by, &amp;quot;value&amp;quot;: value})[&amp;quot;value&amp;quot;]\nC:\\Users\\shivam srivastava\\AppData\\Local\\Programs\\Python\\Python313\\Lib\\site-packages\\selenium\\webdriver\\remote\\webdriver.py:429: in execute\n    self.error_handler.check_response(response)\n_ _ _ _ _ _ _ _ _ _ _ _ _ _ _ _ _ _ _ _ _ _ _ _ _ _ _ _ _ _ _ _ _ _ _ _ _ _ _ _ _ _ _ _ _ _ _ _ _ _ _ _ _ _ _ _ _ _ _ _ _ _ _ _ _ _ _ _ _ _ _ _ _ _ _ _ _ _ _ _ _ _ _ _ _ _ _ _ _ _\n\nself = &amp;lt;selenium.webdriver.remote.errorhandler.ErrorHandler object at 0x0000026311C1A170&amp;gt;\nresponse = {&amp;#x27;status&amp;#x27;: 404, &amp;#x27;value&amp;#x27;: &amp;#x27;{&amp;quot;value&amp;quot;:{&amp;quot;error&amp;quot;:&amp;quot;invalid session id&amp;quot;,&amp;quot;message&amp;quot;:&amp;quot;invalid session id: session deleted as the...07FF7C214EAA9]\\\\n\\\\tBaseThreadInitThunk [0x00007FFA6604E8D7+23]\\\\n\\\\tRtlUserThreadStart [0x00007FFA6797BF6C+44]\\\\n&amp;quot;}}&amp;#x27;}\n\n    def check_response(self, response: Dict[str, Any]) -&amp;gt; None:\n        &amp;quot;&amp;quot;&amp;quot;Checks that a JSON response from the WebDriver does not have an\n        error.\n    \n        :Args:\n         - response - The JSON response from the WebDriver server as a dictionary\n           object.\n    \n        :Raises: If the response contains an error message.\n        &amp;quot;&amp;quot;&amp;quot;\n        status = response.get(&amp;quot;status&amp;quot;, None)\n        if not status or status == ErrorCode.SUCCESS:\n            return\n        value = None\n        message = response.get(&amp;quot;message&amp;quot;, &amp;quot;&amp;quot;)\n        screen: str = response.get(&amp;quot;screen&amp;quot;, &amp;quot;&amp;quot;)\n        stacktrace = None\n        if isinstance(status, int):\n            value_json = response.get(&amp;quot;value&amp;quot;, None)\n            if value_json and isinstance(value_json, str):\n                import json\n    \n                try:\n                    value = json.loads(value_json)\n                    if len(value) == 1:\n                        value = value[&amp;quot;value&amp;quot;]\n                    status = value.get(&amp;quot;error&amp;quot;, None)\n                    if not status:\n                        status = value.get(&amp;quot;status&amp;quot;, ErrorCode.UNKNOWN_ERROR)\n                        message = value.get(&amp;quot;value&amp;quot;) or value.get(&amp;quot;message&amp;quot;)\n                        if not isinstance(message, str):\n                            value = message\n                            message = message.get(&amp;quot;message&amp;quot;)\n                    else:\n                        message = value.get(&amp;quot;message&amp;quot;, None)\n                except ValueError:\n                    pass\n    \n        exception_class: Type[WebDriverException]\n        e = ErrorCode()\n        error_codes = [item for item in dir(e) if not item.startswith(&amp;quot;__&amp;quot;)]\n        for error_code in error_codes:\n            error_info = getattr(ErrorCode, error_code)\n            if isinstance(error_info, list) and status in error_info:\n                exception_class = getattr(ExceptionMapping, error_code, WebDriverException)\n                break\n        else:\n            exception_class = WebDriverException\n    \n        if not value:\n            value = response[&amp;quot;value&amp;quot;]\n        if isinstance(value, str):\n            raise exception_class(value)\n        if message == &amp;quot;&amp;quot; and &amp;quot;message&amp;quot; in value:\n            message = value[&amp;quot;message&amp;quot;]\n    \n        screen = None  # type: ignore[assignment]\n        if &amp;quot;screen&amp;quot; in value:\n            screen = value[&amp;quot;screen&amp;quot;]\n    \n        stacktrace = None\n        st_value = value.get(&amp;quot;stackTrace&amp;quot;) or value.get(&amp;quot;stacktrace&amp;quot;)\n        if st_value:\n            if isinstance(st_value, str):\n                stacktrace = st_value.split(&amp;quot;\\n&amp;quot;)\n            else:\n                stacktrace = []\n                try:\n                    for frame in st_value:\n                        line = frame.get(&amp;quot;lineNumber&amp;quot;, &amp;quot;&amp;quot;)\n                        file = frame.get(&amp;quot;fileName&amp;quot;, &amp;quot;&amp;lt;anonymous&amp;gt;&amp;quot;)\n                        if line:\n                            file = f&amp;quot;{file}:{line}&amp;quot;\n                        meth = frame.get(&amp;quot;methodName&amp;quot;, &amp;quot;&amp;lt;anonymous&amp;gt;&amp;quot;)\n                        if &amp;quot;className&amp;quot; in frame:\n                            meth = f&amp;quot;{frame[&amp;#x27;className&amp;#x27;]}.{meth}&amp;quot;\n                        msg = &amp;quot;    at %s (%s)&amp;quot;\n                        msg = msg % (meth, file)\n                        stacktrace.append(msg)\n                except TypeError:\n                    pass\n        if exception_class == UnexpectedAlertPresentException:\n            alert_text = None\n            if &amp;quot;data&amp;quot; in value:\n                alert_text = value[&amp;quot;data&amp;quot;].get(&amp;quot;text&amp;quot;)\n            elif &amp;quot;alert&amp;quot; in value:\n                alert_text = value[&amp;quot;alert&amp;quot;].get(&amp;quot;text&amp;quot;)\n            raise exception_class(message, screen, stacktrace, alert_text)  # type: ignore[call-arg]  # mypy is not smart enough here\n&amp;gt;       raise exception_class(message, screen, stacktrace)\nE       selenium.common.exceptions.InvalidSessionIdException: Message: invalid session id: session deleted as the browser has closed the connection\nE       from disconnected: Unable to receive message from renderer\nE         (Session info: chrome=134.0.6998.178)\nE       Stacktrace:\nE       \tGetHandleVerifier [0x00007FF7C24F4C25+3179557]\nE       \t(No symbol) [0x00007FF7C21588A0]\nE       \t(No symbol) [0x00007FF7C1FE91CA]\nE       \t(No symbol) [0x00007FF7C1FD664C]\nE       \t(No symbol) [0x00007FF7C1FD633A]\nE       \t(No symbol) [0x00007FF7C1FD518E]\nE       \t(No symbol) [0x00007FF7C1FF91A1]\nE       \t(No symbol) [0x00007FF7C2090667]\nE       \t(No symbol) [0x00007FF7C2067A03]\nE       \t(No symbol) [0x00007FF7C20306D0]\nE       \t(No symbol) [0x00007FF7C2031983]\nE       \tGetHandleVerifier [0x00007FF7C25567CD+3579853]\nE       \tGetHandleVerifier [0x00007FF7C256D1D2+3672530]\nE       \tGetHandleVerifier [0x00007FF7C2562153+3627347]\nE       \tGetHandleVerifier [0x00007FF7C22C092A+868650]\nE       \t(No symbol) [0x00007FF7C2162FFF]\nE       \t(No symbol) [0x00007FF7C215F4A4]\nE       \t(No symbol) [0x00007FF7C215F646]\nE       \t(No symbol) [0x00007FF7C214EAA9]\nE       \tBaseThreadInitThunk [0x00007FFA6604E8D7+23]\nE       \tRtlUserThreadStart [0x00007FFA6797BF6C+44]\n\nC:\\Users\\shivam srivastava\\AppData\\Local\\Programs\\Python\\Python313\\Lib\\site-packages\\selenium\\webdriver\\remote\\errorhandler.py:232: InvalidSessionIdException\n&#34;}], &#34;tests/test_04_workspace.py::TestDashboard::test_with_get_api&#34;: [{&#34;extras&#34;: [], &#34;result&#34;: &#34;Passed&#34;, &#34;testId&#34;: &#34;tests/test_04_workspace.py::TestDashboard::test_with_get_api&#34;, &#34;duration&#34;: &#34;00:03:26&#34;, &#34;resultsTableRow&#34;: [&#34;&lt;td class=\&#34;col-result\&#34;&gt;Passed&lt;/td&gt;&#34;, &#34;&lt;td class=\&#34;col-testId\&#34;&gt;tests/test_04_workspace.py::TestDashboard::test_with_get_api&lt;/td&gt;&#34;, &#34;&lt;td class=\&#34;col-duration\&#34;&gt;00:03:26&lt;/td&gt;&#34;, &#34;&lt;td class=\&#34;col-links\&#34;&gt;&lt;/td&gt;&#34;], &#34;log&#34;: &#34;No log output captured.&#34;}], &#34;tests/test_04_workspace.py::TestDashboard::test_with_post_api&#34;: [{&#34;extras&#34;: [], &#34;result&#34;: &#34;Passed&#34;, &#34;testId&#34;: &#34;tests/test_04_workspace.py::TestDashboard::test_with_post_api&#34;, &#34;duration&#34;: &#34;00:03:26&#34;, &#34;resultsTableRow&#34;: [&#34;&lt;td class=\&#34;col-result\&#34;&gt;Passed&lt;/td&gt;&#34;, &#34;&lt;td class=\&#34;col-testId\&#34;&gt;tests/test_04_workspace.py::TestDashboard::test_with_post_api&lt;/td&gt;&#34;, &#34;&lt;td class=\&#34;col-duration\&#34;&gt;00:03:26&lt;/td&gt;&#34;, &#34;&lt;td class=\&#34;col-links\&#34;&gt;&lt;/td&gt;&#34;], &#34;log&#34;: &#34;No log output captured.&#34;}], &#34;tests/test_04_workspace.py::TestDashboard::test_with_put_api&#34;: [{&#34;extras&#34;: [], &#34;result&#34;: &#34;Failed&#34;, &#34;testId&#34;: &#34;tests/test_04_workspace.py::TestDashboard::test_with_put_api&#34;, &#34;duration&#34;: &#34;00:03:06&#34;, &#34;resultsTableRow&#34;: [&#34;&lt;td class=\&#34;col-result\&#34;&gt;Failed&lt;/td&gt;&#34;, &#34;&lt;td class=\&#34;col-testId\&#34;&gt;tests/test_04_workspace.py::TestDashboard::test_with_put_api&lt;/td&gt;&#34;, &#34;&lt;td class=\&#34;col-duration\&#34;&gt;00:03:06&lt;/td&gt;&#34;, &#34;&lt;td class=\&#34;col-links\&#34;&gt;&lt;/td&gt;&#34;], &#34;log&#34;: &#34;self = &amp;lt;tests.test_04_workspace.TestDashboard object at 0x0000026311B01040&amp;gt;, driver = &amp;lt;selenium.webdriver.chrome.webdriver.WebDriver (session=&amp;quot;6086637c6ae232a111e9b889ac71d053&amp;quot;)&amp;gt;\n\n    def test_with_put_api(self, driver):\n        print(&amp;quot;clicked collections successfully&amp;quot;)\n        login_page = LoginPage(driver)\n        login_page.navigate()\n        login_page.enter_email(&amp;quot;shivamtesting7@gmail.com&amp;quot;)\n        login_page.enter_password(&amp;quot;Pass@9988&amp;quot;)\n        login_page.click_login_button()\n    \n        time.sleep(4)\n    \n        dashboard = WorkspacePage(driver)\n        dashboard.navigate()\n        workspace_url = dashboard.click_workspace_name()  # Extracts the URL dynamically\n        print(&amp;quot;Navigated to extracted workspace URL:&amp;quot;, workspace_url)\n        time.sleep(10)\n    \n        driver.get(workspace_url)  # Navigate to the extracted workspace URL\n        time.sleep(10)\n    \n        dashboard.collection1()\n        print(&amp;quot;Clicked &amp;#x27;Collection&amp;#x27; button successfully&amp;quot;)\n        time.sleep(10)\n    \n        created_collection_put_url = dashboard.put_api()  # Extracts the URL dynamically\n        print(&amp;quot;Navigated to extracted collections URL:&amp;quot;, created_collection_put_url)\n        time.sleep(10)\n    \n        driver.get(created_collection_put_url)  # Navigate to the extracted collection URL\n        time.sleep(10)\n    \n        dashboard.put_api()\n        print(&amp;quot;Clicked &amp;#x27;get api&amp;#x27; click successfully&amp;quot;)\n        time.sleep(10)\n    \n        get_collection_url = dashboard.run_debug()  # Extracts the URL dynamically\n        print(&amp;quot;Navigated to extracted collections URL:&amp;quot;, get_collection_url)\n        time.sleep(10)\n    \n        driver.get(get_collection_url)  # Navigate to the extracted collection URL\n        time.sleep(10)\n    \n        dashboard.run_debug()\n        print(&amp;quot;&amp;#x27;run and debug&amp;#x27; Click successfully&amp;quot;)\n        time.sleep(10)\n    \n        dashboard.run()\n        print(&amp;quot;clicked run button successfully&amp;quot;)\n        time.sleep(10)\n    \n        dashboard.publish()\n        print(&amp;quot;Publish Button clicked Successfully&amp;quot;)\n        time.sleep(60)\n    \n&amp;gt;       dashboard.go_to_dashboard()\n\ntests\\test_04_workspace.py:337: \n_ _ _ _ _ _ _ _ _ _ _ _ _ _ _ _ _ _ _ _ _ _ _ _ _ _ _ _ _ _ _ _ _ _ _ _ _ _ _ _ _ _ _ _ _ _ _ _ _ _ _ _ _ _ _ _ _ _ _ _ _ _ _ _ _ _ _ _ _ _ _ _ _ _ _ _ _ _ _ _ _ _ _ _ _ _ _ _ _ _\npages\\workspace_page.py:203: in go_to_dashboard\n    go_to_dashboard = WebDriverWait(self.driver, 10).until(\n_ _ _ _ _ _ _ _ _ _ _ _ _ _ _ _ _ _ _ _ _ _ _ _ _ _ _ _ _ _ _ _ _ _ _ _ _ _ _ _ _ _ _ _ _ _ _ _ _ _ _ _ _ _ _ _ _ _ _ _ _ _ _ _ _ _ _ _ _ _ _ _ _ _ _ _ _ _ _ _ _ _ _ _ _ _ _ _ _ _\n\nself = &amp;lt;selenium.webdriver.support.wait.WebDriverWait (session=&amp;quot;6086637c6ae232a111e9b889ac71d053&amp;quot;)&amp;gt;\nmethod = &amp;lt;function element_to_be_clickable.&amp;lt;locals&amp;gt;._predicate at 0x0000026311C6B060&amp;gt;, message = &amp;#x27;&amp;#x27;\n\n    def until(self, method: Callable[[D], Union[Literal[False], T]], message: str = &amp;quot;&amp;quot;) -&amp;gt; T:\n        &amp;quot;&amp;quot;&amp;quot;Wait until the method returns a value that is not False.\n    \n        Calls the method provided with the driver as an argument until the\n        return value does not evaluate to ``False``.\n    \n        Parameters:\n        ----------\n        method: callable(WebDriver)\n            - A callable object that takes a WebDriver instance as an argument.\n    \n        message: str\n            - Optional message for :exc:`TimeoutException`\n    \n        Return:\n        -------\n        object: T\n            - The result of the last call to `method`\n    \n        Raises:\n        -------\n        TimeoutException\n            - If &amp;#x27;method&amp;#x27; does not return a truthy value within the WebDriverWait\n            object&amp;#x27;s timeout\n    \n        Example:\n        --------\n        &amp;gt;&amp;gt;&amp;gt; from selenium.webdriver.common.by import By\n        &amp;gt;&amp;gt;&amp;gt; from selenium.webdriver.support.ui import WebDriverWait\n        &amp;gt;&amp;gt;&amp;gt; from selenium.webdriver.support import expected_conditions as EC\n    \n        # Wait until an element is visible on the page\n        &amp;gt;&amp;gt;&amp;gt; wait = WebDriverWait(driver, 10)\n        &amp;gt;&amp;gt;&amp;gt; element = wait.until(EC.visibility_of_element_located((By.ID, &amp;quot;exampleId&amp;quot;)))\n        &amp;gt;&amp;gt;&amp;gt; print(element.text)\n        &amp;quot;&amp;quot;&amp;quot;\n        screen = None\n        stacktrace = None\n    \n        end_time = time.monotonic() + self._timeout\n        while True:\n            try:\n                value = method(self._driver)\n                if value:\n                    return value\n            except self._ignored_exceptions as exc:\n                screen = getattr(exc, &amp;quot;screen&amp;quot;, None)\n                stacktrace = getattr(exc, &amp;quot;stacktrace&amp;quot;, None)\n            if time.monotonic() &amp;gt; end_time:\n                break\n            time.sleep(self._poll)\n&amp;gt;       raise TimeoutException(message, screen, stacktrace)\nE       selenium.common.exceptions.TimeoutException: Message:\n\nC:\\Users\\shivam srivastava\\AppData\\Local\\Programs\\Python\\Python313\\Lib\\site-packages\\selenium\\webdriver\\support\\wait.py:146: TimeoutException\n&#34;}], &#34;tests/test_04_workspace.py::TestDashboard::test_with_delete_api&#34;: [{&#34;extras&#34;: [], &#34;result&#34;: &#34;Failed&#34;, &#34;testId&#34;: &#34;tests/test_04_workspace.py::TestDashboard::test_with_delete_api&#34;, &#34;duration&#34;: &#34;00:03:06&#34;, &#34;resultsTableRow&#34;: [&#34;&lt;td class=\&#34;col-result\&#34;&gt;Failed&lt;/td&gt;&#34;, &#34;&lt;td class=\&#34;col-testId\&#34;&gt;tests/test_04_workspace.py::TestDashboard::test_with_delete_api&lt;/td&gt;&#34;, &#34;&lt;td class=\&#34;col-duration\&#34;&gt;00:03:06&lt;/td&gt;&#34;, &#34;&lt;td class=\&#34;col-links\&#34;&gt;&lt;/td&gt;&#34;], &#34;log&#34;: &#34;self = &amp;lt;tests.test_04_workspace.TestDashboard object at 0x0000026311A7E450&amp;gt;, driver = &amp;lt;selenium.webdriver.chrome.webdriver.WebDriver (session=&amp;quot;eb6820624fee6948246815bcee9c3a24&amp;quot;)&amp;gt;\n\n    def test_with_delete_api(self, driver):\n        print(&amp;quot;clicked collections successfully&amp;quot;)\n        login_page = LoginPage(driver)\n        login_page.navigate()\n        login_page.enter_email(&amp;quot;shivamtesting7@gmail.com&amp;quot;)\n        login_page.enter_password(&amp;quot;Pass@9988&amp;quot;)\n        login_page.click_login_button()\n    \n        time.sleep(4)\n    \n        dashboard = WorkspacePage(driver)\n        dashboard.navigate()\n        workspace_url = dashboard.click_workspace_name()  # Extracts the URL dynamically\n        print(&amp;quot;Navigated to extracted workspace URL:&amp;quot;, workspace_url)\n        time.sleep(10)\n    \n        driver.get(workspace_url)  # Navigate to the extracted workspace URL\n        time.sleep(10)\n    \n        dashboard.collection1()\n        print(&amp;quot;Clicked &amp;#x27;Collection&amp;#x27; button successfully&amp;quot;)\n        time.sleep(10)\n    \n        created_collection_delete_url = dashboard.delete_api()  # Extracts the URL dynamically\n        print(&amp;quot;Navigated to extracted collections URL:&amp;quot;, created_collection_delete_url)\n        time.sleep(10)\n    \n        driver.get(created_collection_delete_url)  # Navigate to the extracted collection URL\n        time.sleep(10)\n    \n        dashboard.delete_api()\n        print(&amp;quot;Clicked &amp;#x27;get api&amp;#x27; click successfully&amp;quot;)\n        time.sleep(10)\n    \n        get_collection_url = dashboard.run_debug()  # Extracts the URL dynamically\n        print(&amp;quot;Navigated to extracted collections URL:&amp;quot;, get_collection_url)\n        time.sleep(10)\n    \n        driver.get(get_collection_url)  # Navigate to the extracted collection URL\n        time.sleep(10)\n    \n        dashboard.run_debug()\n        print(&amp;quot;&amp;#x27;run and debug&amp;#x27; Click successfully&amp;quot;)\n        time.sleep(10)\n    \n        dashboard.run()\n        print(&amp;quot;clicked run button successfully&amp;quot;)\n        time.sleep(10)\n    \n        dashboard.publish()\n        print(&amp;quot;Publish Button clicked Successfully&amp;quot;)\n        time.sleep(60)\n    \n&amp;gt;       dashboard.go_to_dashboard()\n\ntests\\test_04_workspace.py:395: \n_ _ _ _ _ _ _ _ _ _ _ _ _ _ _ _ _ _ _ _ _ _ _ _ _ _ _ _ _ _ _ _ _ _ _ _ _ _ _ _ _ _ _ _ _ _ _ _ _ _ _ _ _ _ _ _ _ _ _ _ _ _ _ _ _ _ _ _ _ _ _ _ _ _ _ _ _ _ _ _ _ _ _ _ _ _ _ _ _ _\npages\\workspace_page.py:203: in go_to_dashboard\n    go_to_dashboard = WebDriverWait(self.driver, 10).until(\n_ _ _ _ _ _ _ _ _ _ _ _ _ _ _ _ _ _ _ _ _ _ _ _ _ _ _ _ _ _ _ _ _ _ _ _ _ _ _ _ _ _ _ _ _ _ _ _ _ _ _ _ _ _ _ _ _ _ _ _ _ _ _ _ _ _ _ _ _ _ _ _ _ _ _ _ _ _ _ _ _ _ _ _ _ _ _ _ _ _\n\nself = &amp;lt;selenium.webdriver.support.wait.WebDriverWait (session=&amp;quot;eb6820624fee6948246815bcee9c3a24&amp;quot;)&amp;gt;\nmethod = &amp;lt;function element_to_be_clickable.&amp;lt;locals&amp;gt;._predicate at 0x0000026311C68D60&amp;gt;, message = &amp;#x27;&amp;#x27;\n\n    def until(self, method: Callable[[D], Union[Literal[False], T]], message: str = &amp;quot;&amp;quot;) -&amp;gt; T:\n        &amp;quot;&amp;quot;&amp;quot;Wait until the method returns a value that is not False.\n    \n        Calls the method provided with the driver as an argument until the\n        return value does not evaluate to ``False``.\n    \n        Parameters:\n        ----------\n        method: callable(WebDriver)\n            - A callable object that takes a WebDriver instance as an argument.\n    \n        message: str\n            - Optional message for :exc:`TimeoutException`\n    \n        Return:\n        -------\n        object: T\n            - The result of the last call to `method`\n    \n        Raises:\n        -------\n        TimeoutException\n            - If &amp;#x27;method&amp;#x27; does not return a truthy value within the WebDriverWait\n            object&amp;#x27;s timeout\n    \n        Example:\n        --------\n        &amp;gt;&amp;gt;&amp;gt; from selenium.webdriver.common.by import By\n        &amp;gt;&amp;gt;&amp;gt; from selenium.webdriver.support.ui import WebDriverWait\n        &amp;gt;&amp;gt;&amp;gt; from selenium.webdriver.support import expected_conditions as EC\n    \n        # Wait until an element is visible on the page\n        &amp;gt;&amp;gt;&amp;gt; wait = WebDriverWait(driver, 10)\n        &amp;gt;&amp;gt;&amp;gt; element = wait.until(EC.visibility_of_element_located((By.ID, &amp;quot;exampleId&amp;quot;)))\n        &amp;gt;&amp;gt;&amp;gt; print(element.text)\n        &amp;quot;&amp;quot;&amp;quot;\n        screen = None\n        stacktrace = None\n    \n        end_time = time.monotonic() + self._timeout\n        while True:\n            try:\n                value = method(self._driver)\n                if value:\n                    return value\n            except self._ignored_exceptions as exc:\n                screen = getattr(exc, &amp;quot;screen&amp;quot;, None)\n                stacktrace = getattr(exc, &amp;quot;stacktrace&amp;quot;, None)\n            if time.monotonic() &amp;gt; end_time:\n                break\n            time.sleep(self._poll)\n&amp;gt;       raise TimeoutException(message, screen, stacktrace)\nE       selenium.common.exceptions.TimeoutException: Message:\n\nC:\\Users\\shivam srivastava\\AppData\\Local\\Programs\\Python\\Python313\\Lib\\site-packages\\selenium\\webdriver\\support\\wait.py:146: TimeoutException\n&#34;}], &#34;tests/test_04_workspace.py::TestDashboard::test_with_post_api_input&#34;: [{&#34;extras&#34;: [], &#34;result&#34;: &#34;Passed&#34;, &#34;testId&#34;: &#34;tests/test_04_workspace.py::TestDashboard::test_with_post_api_input&#34;, &#34;duration&#34;: &#34;00:01:39&#34;, &#34;resultsTableRow&#34;: [&#34;&lt;td class=\&#34;col-result\&#34;&gt;Passed&lt;/td&gt;&#34;, &#34;&lt;td class=\&#34;col-testId\&#34;&gt;tests/test_04_workspace.py::TestDashboard::test_with_post_api_input&lt;/td&gt;&#34;, &#34;&lt;td class=\&#34;col-duration\&#34;&gt;00:01:39&lt;/td&gt;&#34;, &#34;&lt;td class=\&#34;col-links\&#34;&gt;&lt;/td&gt;&#34;], &#34;log&#34;: &#34;No log output captured.&#34;}], &#34;tests/test_04_workspace.py::TestDashboard::test_with_put_api_input&#34;: [{&#34;extras&#34;: [], &#34;result&#34;: &#34;Failed&#34;, &#34;testId&#34;: &#34;tests/test_04_workspace.py::TestDashboard::test_with_put_api_input&#34;, &#34;duration&#34;: &#34;00:01:25&#34;, &#34;resultsTableRow&#34;: [&#34;&lt;td class=\&#34;col-result\&#34;&gt;Failed&lt;/td&gt;&#34;, &#34;&lt;td class=\&#34;col-testId\&#34;&gt;tests/test_04_workspace.py::TestDashboard::test_with_put_api_input&lt;/td&gt;&#34;, &#34;&lt;td class=\&#34;col-duration\&#34;&gt;00:01:25&lt;/td&gt;&#34;, &#34;&lt;td class=\&#34;col-links\&#34;&gt;&lt;/td&gt;&#34;], &#34;log&#34;: &#34;self = &amp;lt;tests.test_04_workspace.TestDashboard object at 0x0000026311A6B980&amp;gt;, driver = &amp;lt;selenium.webdriver.chrome.webdriver.WebDriver (session=&amp;quot;8787af2da7b8bf13768a7ce537952fad&amp;quot;)&amp;gt;\n\n    def test_with_put_api_input(self, driver):\n        print(&amp;quot;clicked collections successfully&amp;quot;)\n        login_page = LoginPage(driver)\n        login_page.navigate()\n        login_page.enter_email(&amp;quot;shivamtesting7@gmail.com&amp;quot;)\n        login_page.enter_password(&amp;quot;Pass@9988&amp;quot;)\n        login_page.click_login_button()\n    \n        time.sleep(4)\n    \n        dashboard = WorkspacePage(driver)\n        dashboard.navigate()\n        workspace_url = dashboard.click_workspace_name()  # Extracts the URL dynamically\n        print(&amp;quot;Navigated to extracted workspace URL:&amp;quot;, workspace_url)\n        time.sleep(10)\n    \n        driver.get(workspace_url)  # Navigate to the extracted workspace URL\n        time.sleep(10)\n    \n        dashboard.collection1()\n        print(&amp;quot;Clicked &amp;#x27;Collection&amp;#x27; button successfully&amp;quot;)\n        time.sleep(10)\n    \n        created_collection_put_url = dashboard.put_api()  # Extracts the URL dynamically\n        print(&amp;quot;Navigated to extracted collections URL:&amp;quot;, created_collection_put_url)\n        time.sleep(10)\n    \n        driver.get(created_collection_put_url)  # Navigate to the extracted collection URL\n        time.sleep(10)\n    \n        dashboard.put_api()\n        print(&amp;quot;Clicked &amp;#x27;Put api&amp;#x27; click successfully&amp;quot;)\n        time.sleep(10)\n    \n&amp;gt;       dashboard.raw_delete()\n\ntests\\test_04_workspace.py:510: \n_ _ _ _ _ _ _ _ _ _ _ _ _ _ _ _ _ _ _ _ _ _ _ _ _ _ _ _ _ _ _ _ _ _ _ _ _ _ _ _ _ _ _ _ _ _ _ _ _ _ _ _ _ _ _ _ _ _ _ _ _ _ _ _ _ _ _ _ _ _ _ _ _ _ _ _ _ _ _ _ _ _ _ _ _ _ _ _ _ _\npages\\workspace_page.py:360: in raw_delete\n    raw_delete = WebDriverWait(self.driver, 10).until(\n_ _ _ _ _ _ _ _ _ _ _ _ _ _ _ _ _ _ _ _ _ _ _ _ _ _ _ _ _ _ _ _ _ _ _ _ _ _ _ _ _ _ _ _ _ _ _ _ _ _ _ _ _ _ _ _ _ _ _ _ _ _ _ _ _ _ _ _ _ _ _ _ _ _ _ _ _ _ _ _ _ _ _ _ _ _ _ _ _ _\n\nself = &amp;lt;selenium.webdriver.support.wait.WebDriverWait (session=&amp;quot;8787af2da7b8bf13768a7ce537952fad&amp;quot;)&amp;gt;\nmethod = &amp;lt;function element_to_be_clickable.&amp;lt;locals&amp;gt;._predicate at 0x0000026311C6B9C0&amp;gt;, message = &amp;#x27;&amp;#x27;\n\n    def until(self, method: Callable[[D], Union[Literal[False], T]], message: str = &amp;quot;&amp;quot;) -&amp;gt; T:\n        &amp;quot;&amp;quot;&amp;quot;Wait until the method returns a value that is not False.\n    \n        Calls the method provided with the driver as an argument until the\n        return value does not evaluate to ``False``.\n    \n        Parameters:\n        ----------\n        method: callable(WebDriver)\n            - A callable object that takes a WebDriver instance as an argument.\n    \n        message: str\n            - Optional message for :exc:`TimeoutException`\n    \n        Return:\n        -------\n        object: T\n            - The result of the last call to `method`\n    \n        Raises:\n        -------\n        TimeoutException\n            - If &amp;#x27;method&amp;#x27; does not return a truthy value within the WebDriverWait\n            object&amp;#x27;s timeout\n    \n        Example:\n        --------\n        &amp;gt;&amp;gt;&amp;gt; from selenium.webdriver.common.by import By\n        &amp;gt;&amp;gt;&amp;gt; from selenium.webdriver.support.ui import WebDriverWait\n        &amp;gt;&amp;gt;&amp;gt; from selenium.webdriver.support import expected_conditions as EC\n    \n        # Wait until an element is visible on the page\n        &amp;gt;&amp;gt;&amp;gt; wait = WebDriverWait(driver, 10)\n        &amp;gt;&amp;gt;&amp;gt; element = wait.until(EC.visibility_of_element_located((By.ID, &amp;quot;exampleId&amp;quot;)))\n        &amp;gt;&amp;gt;&amp;gt; print(element.text)\n        &amp;quot;&amp;quot;&amp;quot;\n        screen = None\n        stacktrace = None\n    \n        end_time = time.monotonic() + self._timeout\n        while True:\n            try:\n                value = method(self._driver)\n                if value:\n                    return value\n            except self._ignored_exceptions as exc:\n                screen = getattr(exc, &amp;quot;screen&amp;quot;, None)\n                stacktrace = getattr(exc, &amp;quot;stacktrace&amp;quot;, None)\n            if time.monotonic() &amp;gt; end_time:\n                break\n            time.sleep(self._poll)\n&amp;gt;       raise TimeoutException(message, screen, stacktrace)\nE       selenium.common.exceptions.TimeoutException: Message: \nE       Stacktrace:\nE       \tGetHandleVerifier [0x00007FF7C24F4C25+3179557]\nE       \t(No symbol) [0x00007FF7C21588A0]\nE       \t(No symbol) [0x00007FF7C1FE91CA]\nE       \t(No symbol) [0x00007FF7C203FA67]\nE       \t(No symbol) [0x00007FF7C203FC9C]\nE       \t(No symbol) [0x00007FF7C2093627]\nE       \t(No symbol) [0x00007FF7C2067C6F]\nE       \t(No symbol) [0x00007FF7C20902F3]\nE       \t(No symbol) [0x00007FF7C2067A03]\nE       \t(No symbol) [0x00007FF7C20306D0]\nE       \t(No symbol) [0x00007FF7C2031983]\nE       \tGetHandleVerifier [0x00007FF7C25567CD+3579853]\nE       \tGetHandleVerifier [0x00007FF7C256D1D2+3672530]\nE       \tGetHandleVerifier [0x00007FF7C2562153+3627347]\nE       \tGetHandleVerifier [0x00007FF7C22C092A+868650]\nE       \t(No symbol) [0x00007FF7C2162FFF]\nE       \t(No symbol) [0x00007FF7C215F4A4]\nE       \t(No symbol) [0x00007FF7C215F646]\nE       \t(No symbol) [0x00007FF7C214EAA9]\nE       \tBaseThreadInitThunk [0x00007FFA6604E8D7+23]\nE       \tRtlUserThreadStart [0x00007FFA6797BF6C+44]\n\nC:\\Users\\shivam srivastava\\AppData\\Local\\Programs\\Python\\Python313\\Lib\\site-packages\\selenium\\webdriver\\support\\wait.py:146: TimeoutException\n&#34;}], &#34;tests/test_04_workspace.py::TestDashboard::test_with_post_api_input_add_form_data&#34;: [{&#34;extras&#34;: [], &#34;result&#34;: &#34;Failed&#34;, &#34;testId&#34;: &#34;tests/test_04_workspace.py::TestDashboard::test_with_post_api_input_add_form_data&#34;, &#34;duration&#34;: &#34;00:01:01&#34;, &#34;resultsTableRow&#34;: [&#34;&lt;td class=\&#34;col-result\&#34;&gt;Failed&lt;/td&gt;&#34;, &#34;&lt;td class=\&#34;col-testId\&#34;&gt;tests/test_04_workspace.py::TestDashboard::test_with_post_api_input_add_form_data&lt;/td&gt;&#34;, &#34;&lt;td class=\&#34;col-duration\&#34;&gt;00:01:01&lt;/td&gt;&#34;, &#34;&lt;td class=\&#34;col-links\&#34;&gt;&lt;/td&gt;&#34;], &#34;log&#34;: &#34;self = &amp;lt;tests.test_04_workspace.TestDashboard object at 0x0000026311A6BA70&amp;gt;, driver = &amp;lt;selenium.webdriver.chrome.webdriver.WebDriver (session=&amp;quot;56bc6f471d1ab3ca89f1b8972b6ed769&amp;quot;)&amp;gt;\n\n    def test_with_post_api_input_add_form_data(self, driver):\n        print(&amp;quot;clicked collections successfully&amp;quot;)\n        login_page = LoginPage(driver)\n        login_page.navigate()\n        login_page.enter_email(&amp;quot;shivamtesting7@gmail.com&amp;quot;)\n        login_page.enter_password(&amp;quot;Pass@9988&amp;quot;)\n        login_page.click_login_button()\n    \n        time.sleep(4)\n    \n        dashboard = WorkspacePage(driver)\n        dashboard.navigate()\n        workspace_url = dashboard.click_workspace_name()  # Extracts the URL dynamically\n        print(&amp;quot;Navigated to extracted workspace URL:&amp;quot;, workspace_url)\n        time.sleep(5)\n    \n        driver.get(workspace_url)  # Navigate to the extracted workspace URL\n        time.sleep(5)\n    \n        # Step 3: Open Collection\n        dashboard.collection1()\n        print(&amp;quot;Clicked &amp;#x27;Collection&amp;#x27; button successfully&amp;quot;)\n        time.sleep(5)\n    \n        # Step 4: Open API Builder\n        created_collection_post_url = dashboard.post_api()  # Extracts the URL dynamically\n        print(&amp;quot;Navigated to extracted collections URL:&amp;quot;, created_collection_post_url)\n        time.sleep(10)\n    \n        driver.get(created_collection_post_url)  # Navigate to the extracted collection URL\n        time.sleep(5)\n    \n        dashboard.post_api()\n        print(&amp;quot;Clicked &amp;#x27;post api&amp;#x27; click successfully&amp;quot;)\n        time.sleep(5)\n    \n&amp;gt;       dashboard.add_form_data_input_field(&amp;quot;file_upload&amp;quot;)\n\ntests\\test_04_workspace.py:575: \n_ _ _ _ _ _ _ _ _ _ _ _ _ _ _ _ _ _ _ _ _ _ _ _ _ _ _ _ _ _ _ _ _ _ _ _ _ _ _ _ _ _ _ _ _ _ _ _ _ _ _ _ _ _ _ _ _ _ _ _ _ _ _ _ _ _ _ _ _ _ _ _ _ _ _ _ _ _ _ _ _ _ _ _ _ _ _ _ _ _\npages\\workspace_page.py:372: in add_form_data_input_field\n    form_data = WebDriverWait(self.driver, 10).until(\n_ _ _ _ _ _ _ _ _ _ _ _ _ _ _ _ _ _ _ _ _ _ _ _ _ _ _ _ _ _ _ _ _ _ _ _ _ _ _ _ _ _ _ _ _ _ _ _ _ _ _ _ _ _ _ _ _ _ _ _ _ _ _ _ _ _ _ _ _ _ _ _ _ _ _ _ _ _ _ _ _ _ _ _ _ _ _ _ _ _\n\nself = &amp;lt;selenium.webdriver.support.wait.WebDriverWait (session=&amp;quot;56bc6f471d1ab3ca89f1b8972b6ed769&amp;quot;)&amp;gt;\nmethod = &amp;lt;function element_to_be_clickable.&amp;lt;locals&amp;gt;._predicate at 0x000002631218C360&amp;gt;, message = &amp;#x27;&amp;#x27;\n\n    def until(self, method: Callable[[D], Union[Literal[False], T]], message: str = &amp;quot;&amp;quot;) -&amp;gt; T:\n        &amp;quot;&amp;quot;&amp;quot;Wait until the method returns a value that is not False.\n    \n        Calls the method provided with the driver as an argument until the\n        return value does not evaluate to ``False``.\n    \n        Parameters:\n        ----------\n        method: callable(WebDriver)\n            - A callable object that takes a WebDriver instance as an argument.\n    \n        message: str\n            - Optional message for :exc:`TimeoutException`\n    \n        Return:\n        -------\n        object: T\n            - The result of the last call to `method`\n    \n        Raises:\n        -------\n        TimeoutException\n            - If &amp;#x27;method&amp;#x27; does not return a truthy value within the WebDriverWait\n            object&amp;#x27;s timeout\n    \n        Example:\n        --------\n        &amp;gt;&amp;gt;&amp;gt; from selenium.webdriver.common.by import By\n        &amp;gt;&amp;gt;&amp;gt; from selenium.webdriver.support.ui import WebDriverWait\n        &amp;gt;&amp;gt;&amp;gt; from selenium.webdriver.support import expected_conditions as EC\n    \n        # Wait until an element is visible on the page\n        &amp;gt;&amp;gt;&amp;gt; wait = WebDriverWait(driver, 10)\n        &amp;gt;&amp;gt;&amp;gt; element = wait.until(EC.visibility_of_element_located((By.ID, &amp;quot;exampleId&amp;quot;)))\n        &amp;gt;&amp;gt;&amp;gt; print(element.text)\n        &amp;quot;&amp;quot;&amp;quot;\n        screen = None\n        stacktrace = None\n    \n        end_time = time.monotonic() + self._timeout\n        while True:\n            try:\n                value = method(self._driver)\n                if value:\n                    return value\n            except self._ignored_exceptions as exc:\n                screen = getattr(exc, &amp;quot;screen&amp;quot;, None)\n                stacktrace = getattr(exc, &amp;quot;stacktrace&amp;quot;, None)\n            if time.monotonic() &amp;gt; end_time:\n                break\n            time.sleep(self._poll)\n&amp;gt;       raise TimeoutException(message, screen, stacktrace)\nE       selenium.common.exceptions.TimeoutException: Message: \nE       Stacktrace:\nE       \tGetHandleVerifier [0x00007FF7C24F4C25+3179557]\nE       \t(No symbol) [0x00007FF7C21588A0]\nE       \t(No symbol) [0x00007FF7C1FE91CA]\nE       \t(No symbol) [0x00007FF7C203FA67]\nE       \t(No symbol) [0x00007FF7C203FC9C]\nE       \t(No symbol) [0x00007FF7C2093627]\nE       \t(No symbol) [0x00007FF7C2067C6F]\nE       \t(No symbol) [0x00007FF7C20902F3]\nE       \t(No symbol) [0x00007FF7C2067A03]\nE       \t(No symbol) [0x00007FF7C20306D0]\nE       \t(No symbol) [0x00007FF7C2031983]\nE       \tGetHandleVerifier [0x00007FF7C25567CD+3579853]\nE       \tGetHandleVerifier [0x00007FF7C256D1D2+3672530]\nE       \tGetHandleVerifier [0x00007FF7C2562153+3627347]\nE       \tGetHandleVerifier [0x00007FF7C22C092A+868650]\nE       \t(No symbol) [0x00007FF7C2162FFF]\nE       \t(No symbol) [0x00007FF7C215F4A4]\nE       \t(No symbol) [0x00007FF7C215F646]\nE       \t(No symbol) [0x00007FF7C214EAA9]\nE       \tBaseThreadInitThunk [0x00007FFA6604E8D7+23]\nE       \tRtlUserThreadStart [0x00007FFA6797BF6C+44]\n\nC:\\Users\\shivam srivastava\\AppData\\Local\\Programs\\Python\\Python313\\Lib\\site-packages\\selenium\\webdriver\\support\\wait.py:146: TimeoutException\n&#34;}], &#34;tests/test_04_workspace.py::TestDashboard::test_with_post_api_input_add_form_data_upload_file&#34;: [{&#34;extras&#34;: [], &#34;result&#34;: &#34;Failed&#34;, &#34;testId&#34;: &#34;tests/test_04_workspace.py::TestDashboard::test_with_post_api_input_add_form_data_upload_file&#34;, &#34;duration&#34;: &#34;00:01:04&#34;, &#34;resultsTableRow&#34;: [&#34;&lt;td class=\&#34;col-result\&#34;&gt;Failed&lt;/td&gt;&#34;, &#34;&lt;td class=\&#34;col-testId\&#34;&gt;tests/test_04_workspace.py::TestDashboard::test_with_post_api_input_add_form_data_upload_file&lt;/td&gt;&#34;, &#34;&lt;td class=\&#34;col-duration\&#34;&gt;00:01:04&lt;/td&gt;&#34;, &#34;&lt;td class=\&#34;col-links\&#34;&gt;&lt;/td&gt;&#34;], &#34;log&#34;: &#34;self = &amp;lt;tests.test_04_workspace.TestDashboard object at 0x0000026311B75390&amp;gt;, driver = &amp;lt;selenium.webdriver.chrome.webdriver.WebDriver (session=&amp;quot;e0ad2d3a2debbeb5028bbdff7f9f7f2d&amp;quot;)&amp;gt;\n\n    def test_with_post_api_input_add_form_data_upload_file(self, driver):\n        print(&amp;quot;clicked collections successfully&amp;quot;)\n        login_page = LoginPage(driver)\n        login_page.navigate()\n        login_page.enter_email(&amp;quot;shivamtesting7@gmail.com&amp;quot;)\n        login_page.enter_password(&amp;quot;Pass@9988&amp;quot;)\n        login_page.click_login_button()\n    \n        time.sleep(4)\n    \n        dashboard = WorkspacePage(driver)\n        dashboard.navigate()\n        workspace_url = dashboard.click_workspace_name()  # Extracts the URL dynamically\n        print(&amp;quot;Navigated to extracted workspace URL:&amp;quot;, workspace_url)\n        time.sleep(5)\n    \n        driver.get(workspace_url)  # Navigate to the extracted workspace URL\n        time.sleep(5)\n    \n        # Step 3: Open Collection\n        dashboard.collection1()\n        print(&amp;quot;Clicked &amp;#x27;Collection&amp;#x27; button successfully&amp;quot;)\n        time.sleep(5)\n    \n        # Step 4: Open API Builder\n        created_collection_post_url = dashboard.post_api()  # Extracts the URL dynamically\n        print(&amp;quot;Navigated to extracted collections URL:&amp;quot;, created_collection_post_url)\n        time.sleep(10)\n    \n        driver.get(created_collection_post_url)  # Navigate to the extracted collection URL\n        time.sleep(5)\n    \n        dashboard.post_api()\n        print(&amp;quot;Clicked &amp;#x27;post api&amp;#x27; click successfully&amp;quot;)\n        time.sleep(10)\n    \n&amp;gt;       dashboard.add_form_data_input_field(&amp;quot;file_upload&amp;quot;)\n\ntests\\test_04_workspace.py:655: \n_ _ _ _ _ _ _ _ _ _ _ _ _ _ _ _ _ _ _ _ _ _ _ _ _ _ _ _ _ _ _ _ _ _ _ _ _ _ _ _ _ _ _ _ _ _ _ _ _ _ _ _ _ _ _ _ _ _ _ _ _ _ _ _ _ _ _ _ _ _ _ _ _ _ _ _ _ _ _ _ _ _ _ _ _ _ _ _ _ _\npages\\workspace_page.py:372: in add_form_data_input_field\n    form_data = WebDriverWait(self.driver, 10).until(\n_ _ _ _ _ _ _ _ _ _ _ _ _ _ _ _ _ _ _ _ _ _ _ _ _ _ _ _ _ _ _ _ _ _ _ _ _ _ _ _ _ _ _ _ _ _ _ _ _ _ _ _ _ _ _ _ _ _ _ _ _ _ _ _ _ _ _ _ _ _ _ _ _ _ _ _ _ _ _ _ _ _ _ _ _ _ _ _ _ _\n\nself = &amp;lt;selenium.webdriver.support.wait.WebDriverWait (session=&amp;quot;e0ad2d3a2debbeb5028bbdff7f9f7f2d&amp;quot;)&amp;gt;\nmethod = &amp;lt;function element_to_be_clickable.&amp;lt;locals&amp;gt;._predicate at 0x000002631218CE00&amp;gt;, message = &amp;#x27;&amp;#x27;\n\n    def until(self, method: Callable[[D], Union[Literal[False], T]], message: str = &amp;quot;&amp;quot;) -&amp;gt; T:\n        &amp;quot;&amp;quot;&amp;quot;Wait until the method returns a value that is not False.\n    \n        Calls the method provided with the driver as an argument until the\n        return value does not evaluate to ``False``.\n    \n        Parameters:\n        ----------\n        method: callable(WebDriver)\n            - A callable object that takes a WebDriver instance as an argument.\n    \n        message: str\n            - Optional message for :exc:`TimeoutException`\n    \n        Return:\n        -------\n        object: T\n            - The result of the last call to `method`\n    \n        Raises:\n        -------\n        TimeoutException\n            - If &amp;#x27;method&amp;#x27; does not return a truthy value within the WebDriverWait\n            object&amp;#x27;s timeout\n    \n        Example:\n        --------\n        &amp;gt;&amp;gt;&amp;gt; from selenium.webdriver.common.by import By\n        &amp;gt;&amp;gt;&amp;gt; from selenium.webdriver.support.ui import WebDriverWait\n        &amp;gt;&amp;gt;&amp;gt; from selenium.webdriver.support import expected_conditions as EC\n    \n        # Wait until an element is visible on the page\n        &amp;gt;&amp;gt;&amp;gt; wait = WebDriverWait(driver, 10)\n        &amp;gt;&amp;gt;&amp;gt; element = wait.until(EC.visibility_of_element_located((By.ID, &amp;quot;exampleId&amp;quot;)))\n        &amp;gt;&amp;gt;&amp;gt; print(element.text)\n        &amp;quot;&amp;quot;&amp;quot;\n        screen = None\n        stacktrace = None\n    \n        end_time = time.monotonic() + self._timeout\n        while True:\n            try:\n                value = method(self._driver)\n                if value:\n                    return value\n            except self._ignored_exceptions as exc:\n                screen = getattr(exc, &amp;quot;screen&amp;quot;, None)\n                stacktrace = getattr(exc, &amp;quot;stacktrace&amp;quot;, None)\n            if time.monotonic() &amp;gt; end_time:\n                break\n            time.sleep(self._poll)\n&amp;gt;       raise TimeoutException(message, screen, stacktrace)\nE       selenium.common.exceptions.TimeoutException: Message: \nE       Stacktrace:\nE       \tGetHandleVerifier [0x00007FF7C24F4C25+3179557]\nE       \t(No symbol) [0x00007FF7C21588A0]\nE       \t(No symbol) [0x00007FF7C1FE91CA]\nE       \t(No symbol) [0x00007FF7C203FA67]\nE       \t(No symbol) [0x00007FF7C203FC9C]\nE       \t(No symbol) [0x00007FF7C2093627]\nE       \t(No symbol) [0x00007FF7C2067C6F]\nE       \t(No symbol) [0x00007FF7C20902F3]\nE       \t(No symbol) [0x00007FF7C2067A03]\nE       \t(No symbol) [0x00007FF7C20306D0]\nE       \t(No symbol) [0x00007FF7C2031983]\nE       \tGetHandleVerifier [0x00007FF7C25567CD+3579853]\nE       \tGetHandleVerifier [0x00007FF7C256D1D2+3672530]\nE       \tGetHandleVerifier [0x00007FF7C2562153+3627347]\nE       \tGetHandleVerifier [0x00007FF7C22C092A+868650]\nE       \t(No symbol) [0x00007FF7C2162FFF]\nE       \t(No symbol) [0x00007FF7C215F4A4]\nE       \t(No symbol) [0x00007FF7C215F646]\nE       \t(No symbol) [0x00007FF7C214EAA9]\nE       \tBaseThreadInitThunk [0x00007FFA6604E8D7+23]\nE       \tRtlUserThreadStart [0x00007FFA6797BF6C+44]\n\nC:\\Users\\shivam srivastava\\AppData\\Local\\Programs\\Python\\Python313\\Lib\\site-packages\\selenium\\webdriver\\support\\wait.py:146: TimeoutException\n&#34;}], &#34;tests/test_04_workspace.py::TestDashboard::test_with_put_api_input_query_get_a_record&#34;: [{&#34;extras&#34;: [], &#34;result&#34;: &#34;Failed&#34;, &#34;testId&#34;: &#34;tests/test_04_workspace.py::TestDashboard::test_with_put_api_input_query_get_a_record&#34;, &#34;duration&#34;: &#34;00:02:47&#34;, &#34;resultsTableRow&#34;: [&#34;&lt;td class=\&#34;col-result\&#34;&gt;Failed&lt;/td&gt;&#34;, &#34;&lt;td class=\&#34;col-testId\&#34;&gt;tests/test_04_workspace.py::TestDashboard::test_with_put_api_input_query_get_a_record&lt;/td&gt;&#34;, &#34;&lt;td class=\&#34;col-duration\&#34;&gt;00:02:47&lt;/td&gt;&#34;, &#34;&lt;td class=\&#34;col-links\&#34;&gt;&lt;/td&gt;&#34;], &#34;log&#34;: &#34;self = &amp;lt;tests.test_04_workspace.TestDashboard object at 0x0000026311B750F0&amp;gt;, driver = &amp;lt;selenium.webdriver.chrome.webdriver.WebDriver (session=&amp;quot;47f21b55777e83ae61d7bf7d6835fc0e&amp;quot;)&amp;gt;\n\n    def test_with_put_api_input_query_get_a_record(self, driver):\n        print(&amp;quot;clicked collections successfully&amp;quot;)\n        login_page = LoginPage(driver)\n        login_page.navigate()\n        login_page.enter_email(&amp;quot;shivamtesting7@gmail.com&amp;quot;)\n        login_page.enter_password(&amp;quot;Pass@9988&amp;quot;)\n        login_page.click_login_button()\n    \n        time.sleep(4)\n    \n        dashboard = WorkspacePage(driver)\n        dashboard.navigate()\n        workspace_url = dashboard.click_workspace_name()  # Extracts the URL dynamically\n        print(&amp;quot;Navigated to extracted workspace URL:&amp;quot;, workspace_url)\n        time.sleep(10)\n    \n        driver.get(workspace_url)  # Navigate to the extracted workspace URL\n        time.sleep(10)\n    \n        dashboard.collection1()\n        print(&amp;quot;Clicked &amp;#x27;Collection&amp;#x27; button successfully&amp;quot;)\n        time.sleep(10)\n    \n        created_collection_put_url = dashboard.put_api()  # Extracts the URL dynamically\n        print(&amp;quot;Navigated to extracted collections URL:&amp;quot;, created_collection_put_url)\n        time.sleep(10)\n    \n        driver.get(created_collection_put_url)  # Navigate to the extracted collection URL\n        time.sleep(10)\n    \n        dashboard.put_api()\n        print(&amp;quot;Clicked &amp;#x27;Put api&amp;#x27; click successfully&amp;quot;)\n        time.sleep(10)\n    \n        dashboard.function_block_btn()\n        print(&amp;quot;Clicked &amp;#x27;code block&amp;#x27; successfully&amp;quot;)\n        time.sleep(10)\n    \n        dashboard.database_requests()\n        print(&amp;quot;Clicked &amp;#x27;database requests&amp;#x27; successfully&amp;quot;)\n        time.sleep(10)\n    \n        dashboard.query_get_a_record()\n        print(&amp;quot;Clicked &amp;#x27;query get a record&amp;#x27; successfully&amp;quot;)\n        time.sleep(10)\n    \n        dashboard.choose_table()\n        print(&amp;quot;Clicked &amp;#x27;choose table&amp;#x27; successfully&amp;quot;)\n        time.sleep(10)\n    \n        dashboard.query_get_a_record_student()\n        print(&amp;quot;Clicked &amp;#x27;query get a record student&amp;#x27; successfully&amp;quot;)\n        time.sleep(10)\n    \n        dashboard.field_value()\n        print(&amp;quot;Clicked &amp;#x27;field value&amp;#x27; successfully&amp;quot;)\n        time.sleep(10)\n    \n        dashboard.return_as_input(&amp;quot;student&amp;quot;)\n        print(&amp;quot;Enter &amp;#x27;return as input&amp;#x27; successfully&amp;quot;)\n        time.sleep(10)\n    \n        dashboard.comment_input(&amp;quot;student&amp;quot;)\n        print(&amp;quot;Enter &amp;#x27;comment&amp;#x27; successfully&amp;quot;)\n        time.sleep(10)\n    \n        dashboard.btn__add()\n        print(&amp;quot;Clicked &amp;#x27;add&amp;#x27; successfully&amp;quot;)\n        time.sleep(10)\n    \n&amp;gt;       dashboard.output_block_btn()\n\ntests\\test_04_workspace.py:764: \n_ _ _ _ _ _ _ _ _ _ _ _ _ _ _ _ _ _ _ _ _ _ _ _ _ _ _ _ _ _ _ _ _ _ _ _ _ _ _ _ _ _ _ _ _ _ _ _ _ _ _ _ _ _ _ _ _ _ _ _ _ _ _ _ _ _ _ _ _ _ _ _ _ _ _ _ _ _ _ _ _ _ _ _ _ _ _ _ _ _\npages\\workspace_page.py:548: in output_block_btn\n    output_block_btn.click()\nC:\\Users\\shivam srivastava\\AppData\\Local\\Programs\\Python\\Python313\\Lib\\site-packages\\selenium\\webdriver\\remote\\webelement.py:119: in click\n    self._execute(Command.CLICK_ELEMENT)\nC:\\Users\\shivam srivastava\\AppData\\Local\\Programs\\Python\\Python313\\Lib\\site-packages\\selenium\\webdriver\\remote\\webelement.py:570: in _execute\n    return self._parent.execute(command, params)\nC:\\Users\\shivam srivastava\\AppData\\Local\\Programs\\Python\\Python313\\Lib\\site-packages\\selenium\\webdriver\\remote\\webdriver.py:429: in execute\n    self.error_handler.check_response(response)\n_ _ _ _ _ _ _ _ _ _ _ _ _ _ _ _ _ _ _ _ _ _ _ _ _ _ _ _ _ _ _ _ _ _ _ _ _ _ _ _ _ _ _ _ _ _ _ _ _ _ _ _ _ _ _ _ _ _ _ _ _ _ _ _ _ _ _ _ _ _ _ _ _ _ _ _ _ _ _ _ _ _ _ _ _ _ _ _ _ _\n\nself = &amp;lt;selenium.webdriver.remote.errorhandler.ErrorHandler object at 0x00000263120B7BB0&amp;gt;\nresponse = {&amp;#x27;status&amp;#x27;: 400, &amp;#x27;value&amp;#x27;: &amp;#x27;{&amp;quot;value&amp;quot;:{&amp;quot;error&amp;quot;:&amp;quot;element click intercepted&amp;quot;,&amp;quot;message&amp;quot;:&amp;quot;element click intercepted: Element ...07FF7C214EAA9]\\\\n\\\\tBaseThreadInitThunk [0x00007FFA6604E8D7+23]\\\\n\\\\tRtlUserThreadStart [0x00007FFA6797BF6C+44]\\\\n&amp;quot;}}&amp;#x27;}\n\n    def check_response(self, response: Dict[str, Any]) -&amp;gt; None:\n        &amp;quot;&amp;quot;&amp;quot;Checks that a JSON response from the WebDriver does not have an\n        error.\n    \n        :Args:\n         - response - The JSON response from the WebDriver server as a dictionary\n           object.\n    \n        :Raises: If the response contains an error message.\n        &amp;quot;&amp;quot;&amp;quot;\n        status = response.get(&amp;quot;status&amp;quot;, None)\n        if not status or status == ErrorCode.SUCCESS:\n            return\n        value = None\n        message = response.get(&amp;quot;message&amp;quot;, &amp;quot;&amp;quot;)\n        screen: str = response.get(&amp;quot;screen&amp;quot;, &amp;quot;&amp;quot;)\n        stacktrace = None\n        if isinstance(status, int):\n            value_json = response.get(&amp;quot;value&amp;quot;, None)\n            if value_json and isinstance(value_json, str):\n                import json\n    \n                try:\n                    value = json.loads(value_json)\n                    if len(value) == 1:\n                        value = value[&amp;quot;value&amp;quot;]\n                    status = value.get(&amp;quot;error&amp;quot;, None)\n                    if not status:\n                        status = value.get(&amp;quot;status&amp;quot;, ErrorCode.UNKNOWN_ERROR)\n                        message = value.get(&amp;quot;value&amp;quot;) or value.get(&amp;quot;message&amp;quot;)\n                        if not isinstance(message, str):\n                            value = message\n                            message = message.get(&amp;quot;message&amp;quot;)\n                    else:\n                        message = value.get(&amp;quot;message&amp;quot;, None)\n                except ValueError:\n                    pass\n    \n        exception_class: Type[WebDriverException]\n        e = ErrorCode()\n        error_codes = [item for item in dir(e) if not item.startswith(&amp;quot;__&amp;quot;)]\n        for error_code in error_codes:\n            error_info = getattr(ErrorCode, error_code)\n            if isinstance(error_info, list) and status in error_info:\n                exception_class = getattr(ExceptionMapping, error_code, WebDriverException)\n                break\n        else:\n            exception_class = WebDriverException\n    \n        if not value:\n            value = response[&amp;quot;value&amp;quot;]\n        if isinstance(value, str):\n            raise exception_class(value)\n        if message == &amp;quot;&amp;quot; and &amp;quot;message&amp;quot; in value:\n            message = value[&amp;quot;message&amp;quot;]\n    \n        screen = None  # type: ignore[assignment]\n        if &amp;quot;screen&amp;quot; in value:\n            screen = value[&amp;quot;screen&amp;quot;]\n    \n        stacktrace = None\n        st_value = value.get(&amp;quot;stackTrace&amp;quot;) or value.get(&amp;quot;stacktrace&amp;quot;)\n        if st_value:\n            if isinstance(st_value, str):\n                stacktrace = st_value.split(&amp;quot;\\n&amp;quot;)\n            else:\n                stacktrace = []\n                try:\n                    for frame in st_value:\n                        line = frame.get(&amp;quot;lineNumber&amp;quot;, &amp;quot;&amp;quot;)\n                        file = frame.get(&amp;quot;fileName&amp;quot;, &amp;quot;&amp;lt;anonymous&amp;gt;&amp;quot;)\n                        if line:\n                            file = f&amp;quot;{file}:{line}&amp;quot;\n                        meth = frame.get(&amp;quot;methodName&amp;quot;, &amp;quot;&amp;lt;anonymous&amp;gt;&amp;quot;)\n                        if &amp;quot;className&amp;quot; in frame:\n                            meth = f&amp;quot;{frame[&amp;#x27;className&amp;#x27;]}.{meth}&amp;quot;\n                        msg = &amp;quot;    at %s (%s)&amp;quot;\n                        msg = msg % (meth, file)\n                        stacktrace.append(msg)\n                except TypeError:\n                    pass\n        if exception_class == UnexpectedAlertPresentException:\n            alert_text = None\n            if &amp;quot;data&amp;quot; in value:\n                alert_text = value[&amp;quot;data&amp;quot;].get(&amp;quot;text&amp;quot;)\n            elif &amp;quot;alert&amp;quot; in value:\n                alert_text = value[&amp;quot;alert&amp;quot;].get(&amp;quot;text&amp;quot;)\n            raise exception_class(message, screen, stacktrace, alert_text)  # type: ignore[call-arg]  # mypy is not smart enough here\n&amp;gt;       raise exception_class(message, screen, stacktrace)\nE       selenium.common.exceptions.ElementClickInterceptedException: Message: element click intercepted: Element &amp;lt;button class=&amp;quot;fw-6 Button_btn__zZlFC undefined cursor-pointer d-flex align-items-center justify-content-center text-decoration-none gap-10px&amp;quot; id=&amp;quot;output_block_btn&amp;quot;&amp;gt;...&amp;lt;/button&amp;gt; is not clickable at point (1303, 657). Other element would receive the click: &amp;lt;div class=&amp;quot;mt-8&amp;quot;&amp;gt;...&amp;lt;/div&amp;gt;\nE         (Session info: chrome=134.0.6998.178)\nE       Stacktrace:\nE       \tGetHandleVerifier [0x00007FF7C24F4C25+3179557]\nE       \t(No symbol) [0x00007FF7C21588A0]\nE       \t(No symbol) [0x00007FF7C1FE91CA]\nE       \t(No symbol) [0x00007FF7C2047929]\nE       \t(No symbol) [0x00007FF7C20452E2]\nE       \t(No symbol) [0x00007FF7C2042381]\nE       \t(No symbol) [0x00007FF7C2041281]\nE       \t(No symbol) [0x00007FF7C2032A24]\nE       \t(No symbol) [0x00007FF7C2067C2A]\nE       \t(No symbol) [0x00007FF7C20322D6]\nE       \t(No symbol) [0x00007FF7C2067E40]\nE       \t(No symbol) [0x00007FF7C20902F3]\nE       \t(No symbol) [0x00007FF7C2067A03]\nE       \t(No symbol) [0x00007FF7C20306D0]\nE       \t(No symbol) [0x00007FF7C2031983]\nE       \tGetHandleVerifier [0x00007FF7C25567CD+3579853]\nE       \tGetHandleVerifier [0x00007FF7C256D1D2+3672530]\nE       \tGetHandleVerifier [0x00007FF7C2562153+3627347]\nE       \tGetHandleVerifier [0x00007FF7C22C092A+868650]\nE       \t(No symbol) [0x00007FF7C2162FFF]\nE       \t(No symbol) [0x00007FF7C215F4A4]\nE       \t(No symbol) [0x00007FF7C215F646]\nE       \t(No symbol) [0x00007FF7C214EAA9]\nE       \tBaseThreadInitThunk [0x00007FFA6604E8D7+23]\nE       \tRtlUserThreadStart [0x00007FFA6797BF6C+44]\n\nC:\\Users\\shivam srivastava\\AppData\\Local\\Programs\\Python\\Python313\\Lib\\site-packages\\selenium\\webdriver\\remote\\errorhandler.py:232: ElementClickInterceptedException\n&#34;}], &#34;tests/test_04_workspace.py::TestDashboard::test_with_put_api_input_query_has_a_record&#34;: [{&#34;extras&#34;: [], &#34;result&#34;: &#34;Failed&#34;, &#34;testId&#34;: &#34;tests/test_04_workspace.py::TestDashboard::test_with_put_api_input_query_has_a_record&#34;, &#34;duration&#34;: &#34;00:01:08&#34;, &#34;resultsTableRow&#34;: [&#34;&lt;td class=\&#34;col-result\&#34;&gt;Failed&lt;/td&gt;&#34;, &#34;&lt;td class=\&#34;col-testId\&#34;&gt;tests/test_04_workspace.py::TestDashboard::test_with_put_api_input_query_has_a_record&lt;/td&gt;&#34;, &#34;&lt;td class=\&#34;col-duration\&#34;&gt;00:01:08&lt;/td&gt;&#34;, &#34;&lt;td class=\&#34;col-links\&#34;&gt;&lt;/td&gt;&#34;], &#34;log&#34;: &#34;self = &amp;lt;tests.test_04_workspace.TestDashboard object at 0x0000026311B8C940&amp;gt;, driver = &amp;lt;selenium.webdriver.chrome.webdriver.WebDriver (session=&amp;quot;466d53141261e8cdd679403a1fb2f96a&amp;quot;)&amp;gt;\n\n    def test_with_put_api_input_query_has_a_record(self, driver):\n        print(&amp;quot;clicked collections successfully&amp;quot;)\n        login_page = LoginPage(driver)\n        login_page.navigate()\n        login_page.enter_email(&amp;quot;shivamtesting7@gmail.com&amp;quot;)\n        login_page.enter_password(&amp;quot;Pass@9988&amp;quot;)\n        login_page.click_login_button()\n    \n        time.sleep(2)\n    \n        dashboard = WorkspacePage(driver)\n        dashboard.navigate()\n        workspace_url = dashboard.click_workspace_name()  # Extracts the URL dynamically\n        print(&amp;quot;Navigated to extracted workspace URL:&amp;quot;, workspace_url)\n        time.sleep(2)\n    \n        driver.get(workspace_url)  # Navigate to the extracted workspace URL\n        time.sleep(2)\n    \n        dashboard.collection1()\n        print(&amp;quot;Clicked &amp;#x27;Collection&amp;#x27; button successfully&amp;quot;)\n        time.sleep(2)\n    \n        created_collection_put_url = dashboard.put_api()  # Extracts the URL dynamically\n        print(&amp;quot;Navigated to extracted collections URL:&amp;quot;, created_collection_put_url)\n        time.sleep(5)\n    \n        driver.get(created_collection_put_url)  # Navigate to the extracted collection URL\n        time.sleep(5)\n    \n        dashboard.put_api()\n        print(&amp;quot;Clicked &amp;#x27;Put api&amp;#x27; click successfully&amp;quot;)\n        time.sleep(5)\n    \n        dashboard.function_block_btn()\n        print(&amp;quot;Clicked &amp;#x27;code block&amp;#x27; successfully&amp;quot;)\n        time.sleep(5)\n    \n        dashboard.database_requests()\n        print(&amp;quot;Clicked &amp;#x27;database requests&amp;#x27; successfully&amp;quot;)\n        time.sleep(5)\n    \n        dashboard.query_has_a_record()\n        print(&amp;quot;Clicked &amp;#x27;query has a record&amp;#x27; successfully&amp;quot;)\n    \n        dashboard.choose_table()\n        print(&amp;quot;Clicked &amp;#x27;choose table&amp;#x27; successfully&amp;quot;)\n    \n        dashboard.query_has_a_record_student()\n        print(&amp;quot;Clicked &amp;#x27;query has a record student&amp;#x27; successfully&amp;quot;)\n    \n        dashboard.has_a_record_field_value()\n        print(&amp;quot;Clicked &amp;#x27;field value&amp;#x27; successfully&amp;quot;)\n        time.sleep(5)\n    \n        dashboard.has_a_record_return_as_input(&amp;quot;student1&amp;quot;)\n        print(&amp;quot;Enter &amp;#x27;return as input&amp;#x27; successfully&amp;quot;)\n        time.sleep(5)\n    \n        dashboard.has_a_record_comment_input(&amp;quot;student&amp;quot;)\n        print(&amp;quot;Enter &amp;#x27;comment&amp;#x27; successfully&amp;quot;)\n        time.sleep(5)\n    \n        dashboard.has_a_record_btn__add()\n        print(&amp;quot;Clicked &amp;#x27;add&amp;#x27; successfully&amp;quot;)\n        time.sleep(5)\n    \n&amp;gt;       dashboard.output_block_btn()\n\ntests\\test_04_workspace.py:848: \n_ _ _ _ _ _ _ _ _ _ _ _ _ _ _ _ _ _ _ _ _ _ _ _ _ _ _ _ _ _ _ _ _ _ _ _ _ _ _ _ _ _ _ _ _ _ _ _ _ _ _ _ _ _ _ _ _ _ _ _ _ _ _ _ _ _ _ _ _ _ _ _ _ _ _ _ _ _ _ _ _ _ _ _ _ _ _ _ _ _\npages\\workspace_page.py:548: in output_block_btn\n    output_block_btn.click()\nC:\\Users\\shivam srivastava\\AppData\\Local\\Programs\\Python\\Python313\\Lib\\site-packages\\selenium\\webdriver\\remote\\webelement.py:119: in click\n    self._execute(Command.CLICK_ELEMENT)\nC:\\Users\\shivam srivastava\\AppData\\Local\\Programs\\Python\\Python313\\Lib\\site-packages\\selenium\\webdriver\\remote\\webelement.py:570: in _execute\n    return self._parent.execute(command, params)\nC:\\Users\\shivam srivastava\\AppData\\Local\\Programs\\Python\\Python313\\Lib\\site-packages\\selenium\\webdriver\\remote\\webdriver.py:429: in execute\n    self.error_handler.check_response(response)\n_ _ _ _ _ _ _ _ _ _ _ _ _ _ _ _ _ _ _ _ _ _ _ _ _ _ _ _ _ _ _ _ _ _ _ _ _ _ _ _ _ _ _ _ _ _ _ _ _ _ _ _ _ _ _ _ _ _ _ _ _ _ _ _ _ _ _ _ _ _ _ _ _ _ _ _ _ _ _ _ _ _ _ _ _ _ _ _ _ _\n\nself = &amp;lt;selenium.webdriver.remote.errorhandler.ErrorHandler object at 0x00000263120B7390&amp;gt;\nresponse = {&amp;#x27;status&amp;#x27;: 400, &amp;#x27;value&amp;#x27;: &amp;#x27;{&amp;quot;value&amp;quot;:{&amp;quot;error&amp;quot;:&amp;quot;element click intercepted&amp;quot;,&amp;quot;message&amp;quot;:&amp;quot;element click intercepted: Element ...07FF7C214EAA9]\\\\n\\\\tBaseThreadInitThunk [0x00007FFA6604E8D7+23]\\\\n\\\\tRtlUserThreadStart [0x00007FFA6797BF6C+44]\\\\n&amp;quot;}}&amp;#x27;}\n\n    def check_response(self, response: Dict[str, Any]) -&amp;gt; None:\n        &amp;quot;&amp;quot;&amp;quot;Checks that a JSON response from the WebDriver does not have an\n        error.\n    \n        :Args:\n         - response - The JSON response from the WebDriver server as a dictionary\n           object.\n    \n        :Raises: If the response contains an error message.\n        &amp;quot;&amp;quot;&amp;quot;\n        status = response.get(&amp;quot;status&amp;quot;, None)\n        if not status or status == ErrorCode.SUCCESS:\n            return\n        value = None\n        message = response.get(&amp;quot;message&amp;quot;, &amp;quot;&amp;quot;)\n        screen: str = response.get(&amp;quot;screen&amp;quot;, &amp;quot;&amp;quot;)\n        stacktrace = None\n        if isinstance(status, int):\n            value_json = response.get(&amp;quot;value&amp;quot;, None)\n            if value_json and isinstance(value_json, str):\n                import json\n    \n                try:\n                    value = json.loads(value_json)\n                    if len(value) == 1:\n                        value = value[&amp;quot;value&amp;quot;]\n                    status = value.get(&amp;quot;error&amp;quot;, None)\n                    if not status:\n                        status = value.get(&amp;quot;status&amp;quot;, ErrorCode.UNKNOWN_ERROR)\n                        message = value.get(&amp;quot;value&amp;quot;) or value.get(&amp;quot;message&amp;quot;)\n                        if not isinstance(message, str):\n                            value = message\n                            message = message.get(&amp;quot;message&amp;quot;)\n                    else:\n                        message = value.get(&amp;quot;message&amp;quot;, None)\n                except ValueError:\n                    pass\n    \n        exception_class: Type[WebDriverException]\n        e = ErrorCode()\n        error_codes = [item for item in dir(e) if not item.startswith(&amp;quot;__&amp;quot;)]\n        for error_code in error_codes:\n            error_info = getattr(ErrorCode, error_code)\n            if isinstance(error_info, list) and status in error_info:\n                exception_class = getattr(ExceptionMapping, error_code, WebDriverException)\n                break\n        else:\n            exception_class = WebDriverException\n    \n        if not value:\n            value = response[&amp;quot;value&amp;quot;]\n        if isinstance(value, str):\n            raise exception_class(value)\n        if message == &amp;quot;&amp;quot; and &amp;quot;message&amp;quot; in value:\n            message = value[&amp;quot;message&amp;quot;]\n    \n        screen = None  # type: ignore[assignment]\n        if &amp;quot;screen&amp;quot; in value:\n            screen = value[&amp;quot;screen&amp;quot;]\n    \n        stacktrace = None\n        st_value = value.get(&amp;quot;stackTrace&amp;quot;) or value.get(&amp;quot;stacktrace&amp;quot;)\n        if st_value:\n            if isinstance(st_value, str):\n                stacktrace = st_value.split(&amp;quot;\\n&amp;quot;)\n            else:\n                stacktrace = []\n                try:\n                    for frame in st_value:\n                        line = frame.get(&amp;quot;lineNumber&amp;quot;, &amp;quot;&amp;quot;)\n                        file = frame.get(&amp;quot;fileName&amp;quot;, &amp;quot;&amp;lt;anonymous&amp;gt;&amp;quot;)\n                        if line:\n                            file = f&amp;quot;{file}:{line}&amp;quot;\n                        meth = frame.get(&amp;quot;methodName&amp;quot;, &amp;quot;&amp;lt;anonymous&amp;gt;&amp;quot;)\n                        if &amp;quot;className&amp;quot; in frame:\n                            meth = f&amp;quot;{frame[&amp;#x27;className&amp;#x27;]}.{meth}&amp;quot;\n                        msg = &amp;quot;    at %s (%s)&amp;quot;\n                        msg = msg % (meth, file)\n                        stacktrace.append(msg)\n                except TypeError:\n                    pass\n        if exception_class == UnexpectedAlertPresentException:\n            alert_text = None\n            if &amp;quot;data&amp;quot; in value:\n                alert_text = value[&amp;quot;data&amp;quot;].get(&amp;quot;text&amp;quot;)\n            elif &amp;quot;alert&amp;quot; in value:\n                alert_text = value[&amp;quot;alert&amp;quot;].get(&amp;quot;text&amp;quot;)\n            raise exception_class(message, screen, stacktrace, alert_text)  # type: ignore[call-arg]  # mypy is not smart enough here\n&amp;gt;       raise exception_class(message, screen, stacktrace)\nE       selenium.common.exceptions.ElementClickInterceptedException: Message: element click intercepted: Element &amp;lt;button class=&amp;quot;fw-6 Button_btn__zZlFC undefined cursor-pointer d-flex align-items-center justify-content-center text-decoration-none gap-10px&amp;quot; id=&amp;quot;output_block_btn&amp;quot;&amp;gt;...&amp;lt;/button&amp;gt; is not clickable at point (1303, 657). Other element would receive the click: &amp;lt;div class=&amp;quot;mt-8&amp;quot;&amp;gt;...&amp;lt;/div&amp;gt;\nE         (Session info: chrome=134.0.6998.178)\nE       Stacktrace:\nE       \tGetHandleVerifier [0x00007FF7C24F4C25+3179557]\nE       \t(No symbol) [0x00007FF7C21588A0]\nE       \t(No symbol) [0x00007FF7C1FE91CA]\nE       \t(No symbol) [0x00007FF7C2047929]\nE       \t(No symbol) [0x00007FF7C20452E2]\nE       \t(No symbol) [0x00007FF7C2042381]\nE       \t(No symbol) [0x00007FF7C2041281]\nE       \t(No symbol) [0x00007FF7C2032A24]\nE       \t(No symbol) [0x00007FF7C2067C2A]\nE       \t(No symbol) [0x00007FF7C20322D6]\nE       \t(No symbol) [0x00007FF7C2067E40]\nE       \t(No symbol) [0x00007FF7C20902F3]\nE       \t(No symbol) [0x00007FF7C2067A03]\nE       \t(No symbol) [0x00007FF7C20306D0]\nE       \t(No symbol) [0x00007FF7C2031983]\nE       \tGetHandleVerifier [0x00007FF7C25567CD+3579853]\nE       \tGetHandleVerifier [0x00007FF7C256D1D2+3672530]\nE       \tGetHandleVerifier [0x00007FF7C2562153+3627347]\nE       \tGetHandleVerifier [0x00007FF7C22C092A+868650]\nE       \t(No symbol) [0x00007FF7C2162FFF]\nE       \t(No symbol) [0x00007FF7C215F4A4]\nE       \t(No symbol) [0x00007FF7C215F646]\nE       \t(No symbol) [0x00007FF7C214EAA9]\nE       \tBaseThreadInitThunk [0x00007FFA6604E8D7+23]\nE       \tRtlUserThreadStart [0x00007FFA6797BF6C+44]\n\nC:\\Users\\shivam srivastava\\AppData\\Local\\Programs\\Python\\Python313\\Lib\\site-packages\\selenium\\webdriver\\remote\\errorhandler.py:232: ElementClickInterceptedException\n&#34;}], &#34;tests/test_04_workspace.py::TestDashboard::test_with_put_api_input_query_get_all_record&#34;: [{&#34;extras&#34;: [], &#34;result&#34;: &#34;Passed&#34;, &#34;testId&#34;: &#34;tests/test_04_workspace.py::TestDashboard::test_with_put_api_input_query_get_all_record&#34;, &#34;duration&#34;: &#34;00:02:05&#34;, &#34;resultsTableRow&#34;: [&#34;&lt;td class=\&#34;col-result\&#34;&gt;Passed&lt;/td&gt;&#34;, &#34;&lt;td class=\&#34;col-testId\&#34;&gt;tests/test_04_workspace.py::TestDashboard::test_with_put_api_input_query_get_all_record&lt;/td&gt;&#34;, &#34;&lt;td class=\&#34;col-duration\&#34;&gt;00:02:05&lt;/td&gt;&#34;, &#34;&lt;td class=\&#34;col-links\&#34;&gt;&lt;/td&gt;&#34;], &#34;log&#34;: &#34;No log output captured.&#34;}], &#34;tests/test_04_workspace.py::TestDashboard::test_with_put_api_input_query_add_record&#34;: [{&#34;extras&#34;: [], &#34;result&#34;: &#34;Failed&#34;, &#34;testId&#34;: &#34;tests/test_04_workspace.py::TestDashboard::test_with_put_api_input_query_add_record&#34;, &#34;duration&#34;: &#34;00:01:52&#34;, &#34;resultsTableRow&#34;: [&#34;&lt;td class=\&#34;col-result\&#34;&gt;Failed&lt;/td&gt;&#34;, &#34;&lt;td class=\&#34;col-testId\&#34;&gt;tests/test_04_workspace.py::TestDashboard::test_with_put_api_input_query_add_record&lt;/td&gt;&#34;, &#34;&lt;td class=\&#34;col-duration\&#34;&gt;00:01:52&lt;/td&gt;&#34;, &#34;&lt;td class=\&#34;col-links\&#34;&gt;&lt;/td&gt;&#34;], &#34;log&#34;: &#34;self = &amp;lt;tests.test_04_workspace.TestDashboard object at 0x0000026311BF0590&amp;gt;, driver = &amp;lt;selenium.webdriver.chrome.webdriver.WebDriver (session=&amp;quot;56a4a2e0d86ad1b16ed514e3222506d2&amp;quot;)&amp;gt;\n\n    def test_with_put_api_input_query_add_record(self, driver):\n        print(&amp;quot;clicked collections successfully&amp;quot;)\n        login_page = LoginPage(driver)\n        login_page.navigate()\n        login_page.enter_email(&amp;quot;shivamtesting7@gmail.com&amp;quot;)\n        login_page.enter_password(&amp;quot;Pass@9988&amp;quot;)\n        login_page.click_login_button()\n    \n        time.sleep(4)\n    \n        dashboard = WorkspacePage(driver)\n        dashboard.navigate()\n        workspace_url = dashboard.click_workspace_name()  # Extracts the URL dynamically\n        print(&amp;quot;Navigated to extracted workspace URL:&amp;quot;, workspace_url)\n        time.sleep(10)\n    \n        driver.get(workspace_url)  # Navigate to the extracted workspace URL\n        time.sleep(10)\n    \n        dashboard.collection1()\n        print(&amp;quot;Clicked &amp;#x27;Collection&amp;#x27; button successfully&amp;quot;)\n        time.sleep(10)\n    \n        created_collection_put_url = dashboard.put_api()  # Extracts the URL dynamically\n        print(&amp;quot;Navigated to extracted collections URL:&amp;quot;, created_collection_put_url)\n        time.sleep(10)\n    \n        driver.get(created_collection_put_url)  # Navigate to the extracted collection URL\n        time.sleep(10)\n    \n        dashboard.put_api()\n        print(&amp;quot;Clicked &amp;#x27;Put api&amp;#x27; click successfully&amp;quot;)\n        time.sleep(10)\n    \n        dashboard.function_block_btn()\n        print(&amp;quot;Clicked &amp;#x27;code block&amp;#x27; successfully&amp;quot;)\n        time.sleep(10)\n    \n        dashboard.database_requests()\n        print(&amp;quot;Clicked &amp;#x27;database requests&amp;#x27; successfully&amp;quot;)\n        time.sleep(10)\n    \n        dashboard.query_add_record()\n        print(&amp;quot;Clicked &amp;#x27;query has a record&amp;#x27; successfully&amp;quot;)\n    \n        dashboard.choose_table()\n        print(&amp;quot;Clicked &amp;#x27;choose table&amp;#x27; successfully&amp;quot;)\n    \n&amp;gt;       dashboard.query_add_record_student()\n\ntests\\test_04_workspace.py:976: \n_ _ _ _ _ _ _ _ _ _ _ _ _ _ _ _ _ _ _ _ _ _ _ _ _ _ _ _ _ _ _ _ _ _ _ _ _ _ _ _ _ _ _ _ _ _ _ _ _ _ _ _ _ _ _ _ _ _ _ _ _ _ _ _ _ _ _ _ _ _ _ _ _ _ _ _ _ _ _ _ _ _ _ _ _ _ _ _ _ _\npages\\workspace_page.py:714: in query_add_record_student\n    id_option = WebDriverWait(self.driver, 15).until(\n_ _ _ _ _ _ _ _ _ _ _ _ _ _ _ _ _ _ _ _ _ _ _ _ _ _ _ _ _ _ _ _ _ _ _ _ _ _ _ _ _ _ _ _ _ _ _ _ _ _ _ _ _ _ _ _ _ _ _ _ _ _ _ _ _ _ _ _ _ _ _ _ _ _ _ _ _ _ _ _ _ _ _ _ _ _ _ _ _ _\n\nself = &amp;lt;selenium.webdriver.support.wait.WebDriverWait (session=&amp;quot;56a4a2e0d86ad1b16ed514e3222506d2&amp;quot;)&amp;gt;\nmethod = &amp;lt;function element_to_be_clickable.&amp;lt;locals&amp;gt;._predicate at 0x000002631218D440&amp;gt;, message = &amp;#x27;&amp;#x27;\n\n    def until(self, method: Callable[[D], Union[Literal[False], T]], message: str = &amp;quot;&amp;quot;) -&amp;gt; T:\n        &amp;quot;&amp;quot;&amp;quot;Wait until the method returns a value that is not False.\n    \n        Calls the method provided with the driver as an argument until the\n        return value does not evaluate to ``False``.\n    \n        Parameters:\n        ----------\n        method: callable(WebDriver)\n            - A callable object that takes a WebDriver instance as an argument.\n    \n        message: str\n            - Optional message for :exc:`TimeoutException`\n    \n        Return:\n        -------\n        object: T\n            - The result of the last call to `method`\n    \n        Raises:\n        -------\n        TimeoutException\n            - If &amp;#x27;method&amp;#x27; does not return a truthy value within the WebDriverWait\n            object&amp;#x27;s timeout\n    \n        Example:\n        --------\n        &amp;gt;&amp;gt;&amp;gt; from selenium.webdriver.common.by import By\n        &amp;gt;&amp;gt;&amp;gt; from selenium.webdriver.support.ui import WebDriverWait\n        &amp;gt;&amp;gt;&amp;gt; from selenium.webdriver.support import expected_conditions as EC\n    \n        # Wait until an element is visible on the page\n        &amp;gt;&amp;gt;&amp;gt; wait = WebDriverWait(driver, 10)\n        &amp;gt;&amp;gt;&amp;gt; element = wait.until(EC.visibility_of_element_located((By.ID, &amp;quot;exampleId&amp;quot;)))\n        &amp;gt;&amp;gt;&amp;gt; print(element.text)\n        &amp;quot;&amp;quot;&amp;quot;\n        screen = None\n        stacktrace = None\n    \n        end_time = time.monotonic() + self._timeout\n        while True:\n            try:\n                value = method(self._driver)\n                if value:\n                    return value\n            except self._ignored_exceptions as exc:\n                screen = getattr(exc, &amp;quot;screen&amp;quot;, None)\n                stacktrace = getattr(exc, &amp;quot;stacktrace&amp;quot;, None)\n            if time.monotonic() &amp;gt; end_time:\n                break\n            time.sleep(self._poll)\n&amp;gt;       raise TimeoutException(message, screen, stacktrace)\nE       selenium.common.exceptions.TimeoutException: Message: \nE       Stacktrace:\nE       \tGetHandleVerifier [0x00007FF7C24F4C25+3179557]\nE       \t(No symbol) [0x00007FF7C21588A0]\nE       \t(No symbol) [0x00007FF7C1FE91CA]\nE       \t(No symbol) [0x00007FF7C203FA67]\nE       \t(No symbol) [0x00007FF7C203FC9C]\nE       \t(No symbol) [0x00007FF7C2093627]\nE       \t(No symbol) [0x00007FF7C2067C6F]\nE       \t(No symbol) [0x00007FF7C20902F3]\nE       \t(No symbol) [0x00007FF7C2067A03]\nE       \t(No symbol) [0x00007FF7C20306D0]\nE       \t(No symbol) [0x00007FF7C2031983]\nE       \tGetHandleVerifier [0x00007FF7C25567CD+3579853]\nE       \tGetHandleVerifier [0x00007FF7C256D1D2+3672530]\nE       \tGetHandleVerifier [0x00007FF7C2562153+3627347]\nE       \tGetHandleVerifier [0x00007FF7C22C092A+868650]\nE       \t(No symbol) [0x00007FF7C2162FFF]\nE       \t(No symbol) [0x00007FF7C215F4A4]\nE       \t(No symbol) [0x00007FF7C215F646]\nE       \t(No symbol) [0x00007FF7C214EAA9]\nE       \tBaseThreadInitThunk [0x00007FFA6604E8D7+23]\nE       \tRtlUserThreadStart [0x00007FFA6797BF6C+44]\n\nC:\\Users\\shivam srivastava\\AppData\\Local\\Programs\\Python\\Python313\\Lib\\site-packages\\selenium\\webdriver\\support\\wait.py:146: TimeoutException\n&#34;}], &#34;tests/test_04_workspace.py::TestDashboard::test_with_put_api_data_manipulations_create_a_new_variable&#34;: [{&#34;extras&#34;: [], &#34;result&#34;: &#34;Passed&#34;, &#34;testId&#34;: &#34;tests/test_04_workspace.py::TestDashboard::test_with_put_api_data_manipulations_create_a_new_variable&#34;, &#34;duration&#34;: &#34;00:01:28&#34;, &#34;resultsTableRow&#34;: [&#34;&lt;td class=\&#34;col-result\&#34;&gt;Passed&lt;/td&gt;&#34;, &#34;&lt;td class=\&#34;col-testId\&#34;&gt;tests/test_04_workspace.py::TestDashboard::test_with_put_api_data_manipulations_create_a_new_variable&lt;/td&gt;&#34;, &#34;&lt;td class=\&#34;col-duration\&#34;&gt;00:01:28&lt;/td&gt;&#34;, &#34;&lt;td class=\&#34;col-links\&#34;&gt;&lt;/td&gt;&#34;], &#34;log&#34;: &#34;No log output captured.&#34;}], &#34;tests/test_04_workspace.py::TestDashboard::test_with_put_api_data_manipulations_update_a_variable&#34;: [{&#34;extras&#34;: [], &#34;result&#34;: &#34;Failed&#34;, &#34;testId&#34;: &#34;tests/test_04_workspace.py::TestDashboard::test_with_put_api_data_manipulations_update_a_variable&#34;, &#34;duration&#34;: &#34;00:01:21&#34;, &#34;resultsTableRow&#34;: [&#34;&lt;td class=\&#34;col-result\&#34;&gt;Failed&lt;/td&gt;&#34;, &#34;&lt;td class=\&#34;col-testId\&#34;&gt;tests/test_04_workspace.py::TestDashboard::test_with_put_api_data_manipulations_update_a_variable&lt;/td&gt;&#34;, &#34;&lt;td class=\&#34;col-duration\&#34;&gt;00:01:21&lt;/td&gt;&#34;, &#34;&lt;td class=\&#34;col-links\&#34;&gt;&lt;/td&gt;&#34;], &#34;log&#34;: &#34;self = &amp;lt;tests.test_04_workspace.TestDashboard object at 0x0000026311AEFD80&amp;gt;, driver = &amp;lt;selenium.webdriver.chrome.webdriver.WebDriver (session=&amp;quot;89e53b444e3c2c1c8b51f24d97a78dc2&amp;quot;)&amp;gt;\n\n    def test_with_put_api_data_manipulations_update_a_variable(self,driver):\n        print(&amp;quot;clicked collections successfully&amp;quot;)\n        login_page = LoginPage(driver)\n        login_page.navigate()\n        login_page.enter_email(&amp;quot;shivamtesting7@gmail.com&amp;quot;)\n        login_page.enter_password(&amp;quot;Pass@9988&amp;quot;)\n        login_page.click_login_button()\n    \n        time.sleep(2)\n    \n        dashboard = WorkspacePage(driver)\n        dashboard.navigate()\n        workspace_url = dashboard.click_workspace_name()  # Extracts the URL dynamically\n        print(&amp;quot;Navigated to extracted workspace URL:&amp;quot;, workspace_url)\n        time.sleep(10)\n    \n        driver.get(workspace_url)  # Navigate to the extracted workspace URL\n        time.sleep(10)\n    \n        dashboard.collection1()\n        print(&amp;quot;Clicked &amp;#x27;Collection&amp;#x27; button successfully&amp;quot;)\n        time.sleep(10)\n    \n        created_collection_put_url = dashboard.put_api()  # Extracts the URL dynamically\n        print(&amp;quot;Navigated to extracted collections URL:&amp;quot;, created_collection_put_url)\n        time.sleep(10)\n    \n        driver.get(created_collection_put_url)  # Navigate to the extracted collection URL\n        time.sleep(10)\n    \n        dashboard.put_api()\n        print(&amp;quot;Clicked &amp;#x27;Put api&amp;#x27; click successfully&amp;quot;)\n        time.sleep(5)\n    \n        dashboard.function_block_btn()\n        print(&amp;quot;Clicked &amp;#x27;code block&amp;#x27; successfully&amp;quot;)\n        time.sleep(2)\n    \n        dashboard.code_block_data_manipulations_update_a_variable()\n        print(&amp;quot;Clicked &amp;#x27;data manipulations&amp;#x27; successfully&amp;quot;)\n        time.sleep(5)\n    \n&amp;gt;       dashboard.code_block_data_manipulations_existing_variable()\n\ntests\\test_04_workspace.py:1157: \n_ _ _ _ _ _ _ _ _ _ _ _ _ _ _ _ _ _ _ _ _ _ _ _ _ _ _ _ _ _ _ _ _ _ _ _ _ _ _ _ _ _ _ _ _ _ _ _ _ _ _ _ _ _ _ _ _ _ _ _ _ _ _ _ _ _ _ _ _ _ _ _ _ _ _ _ _ _ _ _ _ _ _ _ _ _ _ _ _ _\npages\\workspace_page.py:797: in code_block_data_manipulations_existing_variable\n    data_manipulations_existing_variable = WebDriverWait(self.driver, 5).until(\n_ _ _ _ _ _ _ _ _ _ _ _ _ _ _ _ _ _ _ _ _ _ _ _ _ _ _ _ _ _ _ _ _ _ _ _ _ _ _ _ _ _ _ _ _ _ _ _ _ _ _ _ _ _ _ _ _ _ _ _ _ _ _ _ _ _ _ _ _ _ _ _ _ _ _ _ _ _ _ _ _ _ _ _ _ _ _ _ _ _\n\nself = &amp;lt;selenium.webdriver.support.wait.WebDriverWait (session=&amp;quot;89e53b444e3c2c1c8b51f24d97a78dc2&amp;quot;)&amp;gt;\nmethod = &amp;lt;function element_to_be_clickable.&amp;lt;locals&amp;gt;._predicate at 0x000002631218C680&amp;gt;, message = &amp;#x27;&amp;#x27;\n\n    def until(self, method: Callable[[D], Union[Literal[False], T]], message: str = &amp;quot;&amp;quot;) -&amp;gt; T:\n        &amp;quot;&amp;quot;&amp;quot;Wait until the method returns a value that is not False.\n    \n        Calls the method provided with the driver as an argument until the\n        return value does not evaluate to ``False``.\n    \n        Parameters:\n        ----------\n        method: callable(WebDriver)\n            - A callable object that takes a WebDriver instance as an argument.\n    \n        message: str\n            - Optional message for :exc:`TimeoutException`\n    \n        Return:\n        -------\n        object: T\n            - The result of the last call to `method`\n    \n        Raises:\n        -------\n        TimeoutException\n            - If &amp;#x27;method&amp;#x27; does not return a truthy value within the WebDriverWait\n            object&amp;#x27;s timeout\n    \n        Example:\n        --------\n        &amp;gt;&amp;gt;&amp;gt; from selenium.webdriver.common.by import By\n        &amp;gt;&amp;gt;&amp;gt; from selenium.webdriver.support.ui import WebDriverWait\n        &amp;gt;&amp;gt;&amp;gt; from selenium.webdriver.support import expected_conditions as EC\n    \n        # Wait until an element is visible on the page\n        &amp;gt;&amp;gt;&amp;gt; wait = WebDriverWait(driver, 10)\n        &amp;gt;&amp;gt;&amp;gt; element = wait.until(EC.visibility_of_element_located((By.ID, &amp;quot;exampleId&amp;quot;)))\n        &amp;gt;&amp;gt;&amp;gt; print(element.text)\n        &amp;quot;&amp;quot;&amp;quot;\n        screen = None\n        stacktrace = None\n    \n        end_time = time.monotonic() + self._timeout\n        while True:\n            try:\n                value = method(self._driver)\n                if value:\n                    return value\n            except self._ignored_exceptions as exc:\n                screen = getattr(exc, &amp;quot;screen&amp;quot;, None)\n                stacktrace = getattr(exc, &amp;quot;stacktrace&amp;quot;, None)\n            if time.monotonic() &amp;gt; end_time:\n                break\n            time.sleep(self._poll)\n&amp;gt;       raise TimeoutException(message, screen, stacktrace)\nE       selenium.common.exceptions.TimeoutException: Message: \nE       Stacktrace:\nE       \tGetHandleVerifier [0x00007FF7C24F4C25+3179557]\nE       \t(No symbol) [0x00007FF7C21588A0]\nE       \t(No symbol) [0x00007FF7C1FE91CA]\nE       \t(No symbol) [0x00007FF7C203FA67]\nE       \t(No symbol) [0x00007FF7C203FC9C]\nE       \t(No symbol) [0x00007FF7C2093627]\nE       \t(No symbol) [0x00007FF7C2067C6F]\nE       \t(No symbol) [0x00007FF7C20902F3]\nE       \t(No symbol) [0x00007FF7C2067A03]\nE       \t(No symbol) [0x00007FF7C20306D0]\nE       \t(No symbol) [0x00007FF7C2031983]\nE       \tGetHandleVerifier [0x00007FF7C25567CD+3579853]\nE       \tGetHandleVerifier [0x00007FF7C256D1D2+3672530]\nE       \tGetHandleVerifier [0x00007FF7C2562153+3627347]\nE       \tGetHandleVerifier [0x00007FF7C22C092A+868650]\nE       \t(No symbol) [0x00007FF7C2162FFF]\nE       \t(No symbol) [0x00007FF7C215F4A4]\nE       \t(No symbol) [0x00007FF7C215F646]\nE       \t(No symbol) [0x00007FF7C214EAA9]\nE       \tBaseThreadInitThunk [0x00007FFA6604E8D7+23]\nE       \tRtlUserThreadStart [0x00007FFA6797BF6C+44]\n\nC:\\Users\\shivam srivastava\\AppData\\Local\\Programs\\Python\\Python313\\Lib\\site-packages\\selenium\\webdriver\\support\\wait.py:146: TimeoutException\n&#34;}], &#34;tests/test_04_workspace.py::TestDashboard::test_with_put_api_data_manipulations_create_a_new_list&#34;: [{&#34;extras&#34;: [], &#34;result&#34;: &#34;Passed&#34;, &#34;testId&#34;: &#34;tests/test_04_workspace.py::TestDashboard::test_with_put_api_data_manipulations_create_a_new_list&#34;, &#34;duration&#34;: &#34;00:01:38&#34;, &#34;resultsTableRow&#34;: [&#34;&lt;td class=\&#34;col-result\&#34;&gt;Passed&lt;/td&gt;&#34;, &#34;&lt;td class=\&#34;col-testId\&#34;&gt;tests/test_04_workspace.py::TestDashboard::test_with_put_api_data_manipulations_create_a_new_list&lt;/td&gt;&#34;, &#34;&lt;td class=\&#34;col-duration\&#34;&gt;00:01:38&lt;/td&gt;&#34;, &#34;&lt;td class=\&#34;col-links\&#34;&gt;&lt;/td&gt;&#34;], &#34;log&#34;: &#34;No log output captured.&#34;}], &#34;tests/test_04_workspace.py::TestDashboard::test_with_put_api_data_manipulations_create_a_new_dictionary&#34;: [{&#34;extras&#34;: [], &#34;result&#34;: &#34;Failed&#34;, &#34;testId&#34;: &#34;tests/test_04_workspace.py::TestDashboard::test_with_put_api_data_manipulations_create_a_new_dictionary&#34;, &#34;duration&#34;: &#34;00:01:16&#34;, &#34;resultsTableRow&#34;: [&#34;&lt;td class=\&#34;col-result\&#34;&gt;Failed&lt;/td&gt;&#34;, &#34;&lt;td class=\&#34;col-testId\&#34;&gt;tests/test_04_workspace.py::TestDashboard::test_with_put_api_data_manipulations_create_a_new_dictionary&lt;/td&gt;&#34;, &#34;&lt;td class=\&#34;col-duration\&#34;&gt;00:01:16&lt;/td&gt;&#34;, &#34;&lt;td class=\&#34;col-links\&#34;&gt;&lt;/td&gt;&#34;], &#34;log&#34;: &#34;self = &amp;lt;tests.test_04_workspace.TestDashboard object at 0x0000026311B1B250&amp;gt;, driver = &amp;lt;selenium.webdriver.chrome.webdriver.WebDriver (session=&amp;quot;98c3226b0380991adb4c4a152038d393&amp;quot;)&amp;gt;\n\n    def test_with_put_api_data_manipulations_create_a_new_dictionary(self,driver):\n        print(&amp;quot;clicked collections successfully&amp;quot;)\n        login_page = LoginPage(driver)\n        login_page.navigate()\n        login_page.enter_email(&amp;quot;shivamtesting7@gmail.com&amp;quot;)\n        login_page.enter_password(&amp;quot;Pass@9988&amp;quot;)\n        login_page.click_login_button()\n    \n        time.sleep(2)\n    \n        dashboard = WorkspacePage(driver)\n        dashboard.navigate()\n        workspace_url = dashboard.click_workspace_name()  # Extracts the URL dynamically\n        print(&amp;quot;Navigated to extracted workspace URL:&amp;quot;, workspace_url)\n        time.sleep(10)\n    \n        driver.get(workspace_url)  # Navigate to the extracted workspace URL\n        time.sleep(10)\n    \n        dashboard.collection1()\n        print(&amp;quot;Clicked &amp;#x27;Collection&amp;#x27; button successfully&amp;quot;)\n        time.sleep(10)\n    \n        created_collection_put_url = dashboard.put_api()  # Extracts the URL dynamically\n        print(&amp;quot;Navigated to extracted collections URL:&amp;quot;, created_collection_put_url)\n        time.sleep(10)\n    \n        driver.get(created_collection_put_url)  # Navigate to the extracted collection URL\n        time.sleep(10)\n    \n        dashboard.put_api()\n        print(&amp;quot;Clicked &amp;#x27;Put api&amp;#x27; click successfully&amp;quot;)\n        time.sleep(5)\n    \n        dashboard.function_block_btn()\n        print(&amp;quot;Clicked &amp;#x27;code block&amp;#x27; successfully&amp;quot;)\n        time.sleep(2)\n    \n&amp;gt;       dashboard.code_block_data_manipulations_create_a_new_list()\n\ntests\\test_04_workspace.py:1267: \n_ _ _ _ _ _ _ _ _ _ _ _ _ _ _ _ _ _ _ _ _ _ _ _ _ _ _ _ _ _ _ _ _ _ _ _ _ _ _ _ _ _ _ _ _ _ _ _ _ _ _ _ _ _ _ _ _ _ _ _ _ _ _ _ _ _ _ _ _ _ _ _ _ _ _ _ _ _ _ _ _ _ _ _ _ _ _ _ _ _\npages\\workspace_page.py:815: in code_block_data_manipulations_create_a_new_list\n    code_block_data_manipulations_dropdown = WebDriverWait(self.driver, 5).until(\n_ _ _ _ _ _ _ _ _ _ _ _ _ _ _ _ _ _ _ _ _ _ _ _ _ _ _ _ _ _ _ _ _ _ _ _ _ _ _ _ _ _ _ _ _ _ _ _ _ _ _ _ _ _ _ _ _ _ _ _ _ _ _ _ _ _ _ _ _ _ _ _ _ _ _ _ _ _ _ _ _ _ _ _ _ _ _ _ _ _\n\nself = &amp;lt;selenium.webdriver.support.wait.WebDriverWait (session=&amp;quot;98c3226b0380991adb4c4a152038d393&amp;quot;)&amp;gt;\nmethod = &amp;lt;function element_to_be_clickable.&amp;lt;locals&amp;gt;._predicate at 0x000002631218D1C0&amp;gt;, message = &amp;#x27;&amp;#x27;\n\n    def until(self, method: Callable[[D], Union[Literal[False], T]], message: str = &amp;quot;&amp;quot;) -&amp;gt; T:\n        &amp;quot;&amp;quot;&amp;quot;Wait until the method returns a value that is not False.\n    \n        Calls the method provided with the driver as an argument until the\n        return value does not evaluate to ``False``.\n    \n        Parameters:\n        ----------\n        method: callable(WebDriver)\n            - A callable object that takes a WebDriver instance as an argument.\n    \n        message: str\n            - Optional message for :exc:`TimeoutException`\n    \n        Return:\n        -------\n        object: T\n            - The result of the last call to `method`\n    \n        Raises:\n        -------\n        TimeoutException\n            - If &amp;#x27;method&amp;#x27; does not return a truthy value within the WebDriverWait\n            object&amp;#x27;s timeout\n    \n        Example:\n        --------\n        &amp;gt;&amp;gt;&amp;gt; from selenium.webdriver.common.by import By\n        &amp;gt;&amp;gt;&amp;gt; from selenium.webdriver.support.ui import WebDriverWait\n        &amp;gt;&amp;gt;&amp;gt; from selenium.webdriver.support import expected_conditions as EC\n    \n        # Wait until an element is visible on the page\n        &amp;gt;&amp;gt;&amp;gt; wait = WebDriverWait(driver, 10)\n        &amp;gt;&amp;gt;&amp;gt; element = wait.until(EC.visibility_of_element_located((By.ID, &amp;quot;exampleId&amp;quot;)))\n        &amp;gt;&amp;gt;&amp;gt; print(element.text)\n        &amp;quot;&amp;quot;&amp;quot;\n        screen = None\n        stacktrace = None\n    \n        end_time = time.monotonic() + self._timeout\n        while True:\n            try:\n                value = method(self._driver)\n                if value:\n                    return value\n            except self._ignored_exceptions as exc:\n                screen = getattr(exc, &amp;quot;screen&amp;quot;, None)\n                stacktrace = getattr(exc, &amp;quot;stacktrace&amp;quot;, None)\n            if time.monotonic() &amp;gt; end_time:\n                break\n            time.sleep(self._poll)\n&amp;gt;       raise TimeoutException(message, screen, stacktrace)\nE       selenium.common.exceptions.TimeoutException: Message:\n\nC:\\Users\\shivam srivastava\\AppData\\Local\\Programs\\Python\\Python313\\Lib\\site-packages\\selenium\\webdriver\\support\\wait.py:146: TimeoutException\n&#34;}], &#34;tests/test_04_workspace.py::TestDashboard::test_with_put_api_data_list_add_element_at_start_end&#34;: [{&#34;extras&#34;: [], &#34;result&#34;: &#34;Passed&#34;, &#34;testId&#34;: &#34;tests/test_04_workspace.py::TestDashboard::test_with_put_api_data_list_add_element_at_start_end&#34;, &#34;duration&#34;: &#34;00:01:19&#34;, &#34;resultsTableRow&#34;: [&#34;&lt;td class=\&#34;col-result\&#34;&gt;Passed&lt;/td&gt;&#34;, &#34;&lt;td class=\&#34;col-testId\&#34;&gt;tests/test_04_workspace.py::TestDashboard::test_with_put_api_data_list_add_element_at_start_end&lt;/td&gt;&#34;, &#34;&lt;td class=\&#34;col-duration\&#34;&gt;00:01:19&lt;/td&gt;&#34;, &#34;&lt;td class=\&#34;col-links\&#34;&gt;&lt;/td&gt;&#34;], &#34;log&#34;: &#34;No log output captured.&#34;}], &#34;tests/test_04_workspace.py::TestDashboard::test_with_put_api_data_list_remove_element_at_start&#34;: [{&#34;extras&#34;: [], &#34;result&#34;: &#34;Passed&#34;, &#34;testId&#34;: &#34;tests/test_04_workspace.py::TestDashboard::test_with_put_api_data_list_remove_element_at_start&#34;, &#34;duration&#34;: &#34;00:01:17&#34;, &#34;resultsTableRow&#34;: [&#34;&lt;td class=\&#34;col-result\&#34;&gt;Passed&lt;/td&gt;&#34;, &#34;&lt;td class=\&#34;col-testId\&#34;&gt;tests/test_04_workspace.py::TestDashboard::test_with_put_api_data_list_remove_element_at_start&lt;/td&gt;&#34;, &#34;&lt;td class=\&#34;col-duration\&#34;&gt;00:01:17&lt;/td&gt;&#34;, &#34;&lt;td class=\&#34;col-links\&#34;&gt;&lt;/td&gt;&#34;], &#34;log&#34;: &#34;No log output captured.&#34;}], &#34;tests/test_04_workspace.py::TestDashboard::test_with_put_api_data_list_get_element_at_index&#34;: [{&#34;extras&#34;: [], &#34;result&#34;: &#34;Failed&#34;, &#34;testId&#34;: &#34;tests/test_04_workspace.py::TestDashboard::test_with_put_api_data_list_get_element_at_index&#34;, &#34;duration&#34;: &#34;00:01:16&#34;, &#34;resultsTableRow&#34;: [&#34;&lt;td class=\&#34;col-result\&#34;&gt;Failed&lt;/td&gt;&#34;, &#34;&lt;td class=\&#34;col-testId\&#34;&gt;tests/test_04_workspace.py::TestDashboard::test_with_put_api_data_list_get_element_at_index&lt;/td&gt;&#34;, &#34;&lt;td class=\&#34;col-duration\&#34;&gt;00:01:16&lt;/td&gt;&#34;, &#34;&lt;td class=\&#34;col-links\&#34;&gt;&lt;/td&gt;&#34;], &#34;log&#34;: &#34;self = &amp;lt;tests.test_04_workspace.TestDashboard object at 0x0000026311B158D0&amp;gt;, driver = &amp;lt;selenium.webdriver.chrome.webdriver.WebDriver (session=&amp;quot;da68b5e3f676ecff87f3f19e60ffee66&amp;quot;)&amp;gt;\n\n    def test_with_put_api_data_list_get_element_at_index(self,driver):\n        print(&amp;quot;clicked collections successfully&amp;quot;)\n        login_page = LoginPage(driver)\n        login_page.navigate()\n        login_page.enter_email(&amp;quot;shivamtesting7@gmail.com&amp;quot;)\n        login_page.enter_password(&amp;quot;Pass@9988&amp;quot;)\n        login_page.click_login_button()\n    \n        time.sleep(2)\n    \n        dashboard = WorkspacePage(driver)\n        dashboard.navigate()\n        workspace_url = dashboard.click_workspace_name()  # Extracts the URL dynamically\n        print(&amp;quot;Navigated to extracted workspace URL:&amp;quot;, workspace_url)\n        time.sleep(10)\n    \n        driver.get(workspace_url)  # Navigate to the extracted workspace URL\n        time.sleep(10)\n    \n        dashboard.collection1()\n        print(&amp;quot;Clicked &amp;#x27;Collection&amp;#x27; button successfully&amp;quot;)\n        time.sleep(10)\n    \n        created_collection_put_url = dashboard.put_api()  # Extracts the URL dynamically\n        print(&amp;quot;Navigated to extracted collections URL:&amp;quot;, created_collection_put_url)\n        time.sleep(10)\n    \n        driver.get(created_collection_put_url)  # Navigate to the extracted collection URL\n        time.sleep(10)\n    \n        dashboard.put_api()\n        print(&amp;quot;Clicked &amp;#x27;Put api&amp;#x27; click successfully&amp;quot;)\n        time.sleep(5)\n    \n        dashboard.function_block_btn()\n        print(&amp;quot;Clicked &amp;#x27;code block&amp;#x27; successfully&amp;quot;)\n        time.sleep(2)\n    \n&amp;gt;       dashboard.code_block_data_list_get_element_at_index()\n\ntests\\test_04_workspace.py:1435: \n_ _ _ _ _ _ _ _ _ _ _ _ _ _ _ _ _ _ _ _ _ _ _ _ _ _ _ _ _ _ _ _ _ _ _ _ _ _ _ _ _ _ _ _ _ _ _ _ _ _ _ _ _ _ _ _ _ _ _ _ _ _ _ _ _ _ _ _ _ _ _ _ _ _ _ _ _ _ _ _ _ _ _ _ _ _ _ _ _ _\npages\\workspace_page.py:957: in code_block_data_list_get_element_at_index\n    code_block_list_dropdown = WebDriverWait(self.driver, 5).until(\n_ _ _ _ _ _ _ _ _ _ _ _ _ _ _ _ _ _ _ _ _ _ _ _ _ _ _ _ _ _ _ _ _ _ _ _ _ _ _ _ _ _ _ _ _ _ _ _ _ _ _ _ _ _ _ _ _ _ _ _ _ _ _ _ _ _ _ _ _ _ _ _ _ _ _ _ _ _ _ _ _ _ _ _ _ _ _ _ _ _\n\nself = &amp;lt;selenium.webdriver.support.wait.WebDriverWait (session=&amp;quot;da68b5e3f676ecff87f3f19e60ffee66&amp;quot;)&amp;gt;\nmethod = &amp;lt;function element_to_be_clickable.&amp;lt;locals&amp;gt;._predicate at 0x000002631218DBC0&amp;gt;, message = &amp;#x27;&amp;#x27;\n\n    def until(self, method: Callable[[D], Union[Literal[False], T]], message: str = &amp;quot;&amp;quot;) -&amp;gt; T:\n        &amp;quot;&amp;quot;&amp;quot;Wait until the method returns a value that is not False.\n    \n        Calls the method provided with the driver as an argument until the\n        return value does not evaluate to ``False``.\n    \n        Parameters:\n        ----------\n        method: callable(WebDriver)\n            - A callable object that takes a WebDriver instance as an argument.\n    \n        message: str\n            - Optional message for :exc:`TimeoutException`\n    \n        Return:\n        -------\n        object: T\n            - The result of the last call to `method`\n    \n        Raises:\n        -------\n        TimeoutException\n            - If &amp;#x27;method&amp;#x27; does not return a truthy value within the WebDriverWait\n            object&amp;#x27;s timeout\n    \n        Example:\n        --------\n        &amp;gt;&amp;gt;&amp;gt; from selenium.webdriver.common.by import By\n        &amp;gt;&amp;gt;&amp;gt; from selenium.webdriver.support.ui import WebDriverWait\n        &amp;gt;&amp;gt;&amp;gt; from selenium.webdriver.support import expected_conditions as EC\n    \n        # Wait until an element is visible on the page\n        &amp;gt;&amp;gt;&amp;gt; wait = WebDriverWait(driver, 10)\n        &amp;gt;&amp;gt;&amp;gt; element = wait.until(EC.visibility_of_element_located((By.ID, &amp;quot;exampleId&amp;quot;)))\n        &amp;gt;&amp;gt;&amp;gt; print(element.text)\n        &amp;quot;&amp;quot;&amp;quot;\n        screen = None\n        stacktrace = None\n    \n        end_time = time.monotonic() + self._timeout\n        while True:\n            try:\n                value = method(self._driver)\n                if value:\n                    return value\n            except self._ignored_exceptions as exc:\n                screen = getattr(exc, &amp;quot;screen&amp;quot;, None)\n                stacktrace = getattr(exc, &amp;quot;stacktrace&amp;quot;, None)\n            if time.monotonic() &amp;gt; end_time:\n                break\n            time.sleep(self._poll)\n&amp;gt;       raise TimeoutException(message, screen, stacktrace)\nE       selenium.common.exceptions.TimeoutException: Message:\n\nC:\\Users\\shivam srivastava\\AppData\\Local\\Programs\\Python\\Python313\\Lib\\site-packages\\selenium\\webdriver\\support\\wait.py:146: TimeoutException\n&#34;}], &#34;tests/test_04_workspace.py::TestDashboard::test_with_put_api_data_list_update_element_at_index&#34;: [{&#34;extras&#34;: [], &#34;result&#34;: &#34;Failed&#34;, &#34;testId&#34;: &#34;tests/test_04_workspace.py::TestDashboard::test_with_put_api_data_list_update_element_at_index&#34;, &#34;duration&#34;: &#34;00:01:15&#34;, &#34;resultsTableRow&#34;: [&#34;&lt;td class=\&#34;col-result\&#34;&gt;Failed&lt;/td&gt;&#34;, &#34;&lt;td class=\&#34;col-testId\&#34;&gt;tests/test_04_workspace.py::TestDashboard::test_with_put_api_data_list_update_element_at_index&lt;/td&gt;&#34;, &#34;&lt;td class=\&#34;col-duration\&#34;&gt;00:01:15&lt;/td&gt;&#34;, &#34;&lt;td class=\&#34;col-links\&#34;&gt;&lt;/td&gt;&#34;], &#34;log&#34;: &#34;self = &amp;lt;tests.test_04_workspace.TestDashboard object at 0x0000026311B792B0&amp;gt;, driver = &amp;lt;selenium.webdriver.chrome.webdriver.WebDriver (session=&amp;quot;494c50ad0eb68df4e173e86297a10cb1&amp;quot;)&amp;gt;\n\n    def test_with_put_api_data_list_update_element_at_index(self,driver):\n        print(&amp;quot;clicked collections successfully&amp;quot;)\n        login_page = LoginPage(driver)\n        login_page.navigate()\n        login_page.enter_email(&amp;quot;shivamtesting7@gmail.com&amp;quot;)\n        login_page.enter_password(&amp;quot;Pass@9988&amp;quot;)\n        login_page.click_login_button()\n    \n        time.sleep(2)\n    \n        dashboard = WorkspacePage(driver)\n        dashboard.navigate()\n        workspace_url = dashboard.click_workspace_name()  # Extracts the URL dynamically\n        print(&amp;quot;Navigated to extracted workspace URL:&amp;quot;, workspace_url)\n        time.sleep(10)\n    \n        driver.get(workspace_url)  # Navigate to the extracted workspace URL\n        time.sleep(10)\n    \n        dashboard.collection1()\n        print(&amp;quot;Clicked &amp;#x27;Collection&amp;#x27; button successfully&amp;quot;)\n        time.sleep(10)\n    \n        created_collection_put_url = dashboard.put_api()  # Extracts the URL dynamically\n        print(&amp;quot;Navigated to extracted collections URL:&amp;quot;, created_collection_put_url)\n        time.sleep(10)\n    \n        driver.get(created_collection_put_url)  # Navigate to the extracted collection URL\n        time.sleep(10)\n    \n        dashboard.put_api()\n        print(&amp;quot;Clicked &amp;#x27;Put api&amp;#x27; click successfully&amp;quot;)\n        time.sleep(5)\n    \n        dashboard.function_block_btn()\n        print(&amp;quot;Clicked &amp;#x27;code block&amp;#x27; successfully&amp;quot;)\n        time.sleep(2)\n    \n&amp;gt;       dashboard.code_block_data_list_update_element_at_index()\n\ntests\\test_04_workspace.py:1490: \n_ _ _ _ _ _ _ _ _ _ _ _ _ _ _ _ _ _ _ _ _ _ _ _ _ _ _ _ _ _ _ _ _ _ _ _ _ _ _ _ _ _ _ _ _ _ _ _ _ _ _ _ _ _ _ _ _ _ _ _ _ _ _ _ _ _ _ _ _ _ _ _ _ _ _ _ _ _ _ _ _ _ _ _ _ _ _ _ _ _\npages\\workspace_page.py:1002: in code_block_data_list_update_element_at_index\n    code_block_list_dropdown = WebDriverWait(self.driver, 5).until(\n_ _ _ _ _ _ _ _ _ _ _ _ _ _ _ _ _ _ _ _ _ _ _ _ _ _ _ _ _ _ _ _ _ _ _ _ _ _ _ _ _ _ _ _ _ _ _ _ _ _ _ _ _ _ _ _ _ _ _ _ _ _ _ _ _ _ _ _ _ _ _ _ _ _ _ _ _ _ _ _ _ _ _ _ _ _ _ _ _ _\n\nself = &amp;lt;selenium.webdriver.support.wait.WebDriverWait (session=&amp;quot;494c50ad0eb68df4e173e86297a10cb1&amp;quot;)&amp;gt;\nmethod = &amp;lt;function element_to_be_clickable.&amp;lt;locals&amp;gt;._predicate at 0x000002631218D9E0&amp;gt;, message = &amp;#x27;&amp;#x27;\n\n    def until(self, method: Callable[[D], Union[Literal[False], T]], message: str = &amp;quot;&amp;quot;) -&amp;gt; T:\n        &amp;quot;&amp;quot;&amp;quot;Wait until the method returns a value that is not False.\n    \n        Calls the method provided with the driver as an argument until the\n        return value does not evaluate to ``False``.\n    \n        Parameters:\n        ----------\n        method: callable(WebDriver)\n            - A callable object that takes a WebDriver instance as an argument.\n    \n        message: str\n            - Optional message for :exc:`TimeoutException`\n    \n        Return:\n        -------\n        object: T\n            - The result of the last call to `method`\n    \n        Raises:\n        -------\n        TimeoutException\n            - If &amp;#x27;method&amp;#x27; does not return a truthy value within the WebDriverWait\n            object&amp;#x27;s timeout\n    \n        Example:\n        --------\n        &amp;gt;&amp;gt;&amp;gt; from selenium.webdriver.common.by import By\n        &amp;gt;&amp;gt;&amp;gt; from selenium.webdriver.support.ui import WebDriverWait\n        &amp;gt;&amp;gt;&amp;gt; from selenium.webdriver.support import expected_conditions as EC\n    \n        # Wait until an element is visible on the page\n        &amp;gt;&amp;gt;&amp;gt; wait = WebDriverWait(driver, 10)\n        &amp;gt;&amp;gt;&amp;gt; element = wait.until(EC.visibility_of_element_located((By.ID, &amp;quot;exampleId&amp;quot;)))\n        &amp;gt;&amp;gt;&amp;gt; print(element.text)\n        &amp;quot;&amp;quot;&amp;quot;\n        screen = None\n        stacktrace = None\n    \n        end_time = time.monotonic() + self._timeout\n        while True:\n            try:\n                value = method(self._driver)\n                if value:\n                    return value\n            except self._ignored_exceptions as exc:\n                screen = getattr(exc, &amp;quot;screen&amp;quot;, None)\n                stacktrace = getattr(exc, &amp;quot;stacktrace&amp;quot;, None)\n            if time.monotonic() &amp;gt; end_time:\n                break\n            time.sleep(self._poll)\n&amp;gt;       raise TimeoutException(message, screen, stacktrace)\nE       selenium.common.exceptions.TimeoutException: Message:\n\nC:\\Users\\shivam srivastava\\AppData\\Local\\Programs\\Python\\Python313\\Lib\\site-packages\\selenium\\webdriver\\support\\wait.py:146: TimeoutException\n&#34;}], &#34;tests/test_04_workspace.py::TestDashboard::test_with_put_api_data_list_get_length&#34;: [{&#34;extras&#34;: [], &#34;result&#34;: &#34;Failed&#34;, &#34;testId&#34;: &#34;tests/test_04_workspace.py::TestDashboard::test_with_put_api_data_list_get_length&#34;, &#34;duration&#34;: &#34;00:01:16&#34;, &#34;resultsTableRow&#34;: [&#34;&lt;td class=\&#34;col-result\&#34;&gt;Failed&lt;/td&gt;&#34;, &#34;&lt;td class=\&#34;col-testId\&#34;&gt;tests/test_04_workspace.py::TestDashboard::test_with_put_api_data_list_get_length&lt;/td&gt;&#34;, &#34;&lt;td class=\&#34;col-duration\&#34;&gt;00:01:16&lt;/td&gt;&#34;, &#34;&lt;td class=\&#34;col-links\&#34;&gt;&lt;/td&gt;&#34;], &#34;log&#34;: &#34;self = &amp;lt;tests.test_04_workspace.TestDashboard object at 0x0000026311B78D00&amp;gt;, driver = &amp;lt;selenium.webdriver.chrome.webdriver.WebDriver (session=&amp;quot;54700b8c4e39d15cdeff96529bcd5e71&amp;quot;)&amp;gt;\n\n    def test_with_put_api_data_list_get_length(self,driver):\n        print(&amp;quot;clicked collections successfully&amp;quot;)\n        login_page = LoginPage(driver)\n        login_page.navigate()\n        login_page.enter_email(&amp;quot;shivamtesting7@gmail.com&amp;quot;)\n        login_page.enter_password(&amp;quot;Pass@9988&amp;quot;)\n        login_page.click_login_button()\n    \n        time.sleep(2)\n    \n        dashboard = WorkspacePage(driver)\n        dashboard.navigate()\n        workspace_url = dashboard.click_workspace_name()  # Extracts the URL dynamically\n        print(&amp;quot;Navigated to extracted workspace URL:&amp;quot;, workspace_url)\n        time.sleep(10)\n    \n        driver.get(workspace_url)  # Navigate to the extracted workspace URL\n        time.sleep(10)\n    \n        dashboard.collection1()\n        print(&amp;quot;Clicked &amp;#x27;Collection&amp;#x27; button successfully&amp;quot;)\n        time.sleep(10)\n    \n        created_collection_put_url = dashboard.put_api()  # Extracts the URL dynamically\n        print(&amp;quot;Navigated to extracted collections URL:&amp;quot;, created_collection_put_url)\n        time.sleep(10)\n    \n        driver.get(created_collection_put_url)  # Navigate to the extracted collection URL\n        time.sleep(10)\n    \n        dashboard.put_api()\n        print(&amp;quot;Clicked &amp;#x27;Put api&amp;#x27; click successfully&amp;quot;)\n        time.sleep(5)\n    \n        dashboard.function_block_btn()\n        print(&amp;quot;Clicked &amp;#x27;code block&amp;#x27; successfully&amp;quot;)\n        time.sleep(2)\n    \n&amp;gt;       dashboard.code_block_data_list_get_length()\n\ntests\\test_04_workspace.py:1548: \n_ _ _ _ _ _ _ _ _ _ _ _ _ _ _ _ _ _ _ _ _ _ _ _ _ _ _ _ _ _ _ _ _ _ _ _ _ _ _ _ _ _ _ _ _ _ _ _ _ _ _ _ _ _ _ _ _ _ _ _ _ _ _ _ _ _ _ _ _ _ _ _ _ _ _ _ _ _ _ _ _ _ _ _ _ _ _ _ _ _\npages\\workspace_page.py:1027: in code_block_data_list_get_length\n    code_block_list_dropdown = WebDriverWait(self.driver, 5).until(\n_ _ _ _ _ _ _ _ _ _ _ _ _ _ _ _ _ _ _ _ _ _ _ _ _ _ _ _ _ _ _ _ _ _ _ _ _ _ _ _ _ _ _ _ _ _ _ _ _ _ _ _ _ _ _ _ _ _ _ _ _ _ _ _ _ _ _ _ _ _ _ _ _ _ _ _ _ _ _ _ _ _ _ _ _ _ _ _ _ _\n\nself = &amp;lt;selenium.webdriver.support.wait.WebDriverWait (session=&amp;quot;54700b8c4e39d15cdeff96529bcd5e71&amp;quot;)&amp;gt;\nmethod = &amp;lt;function element_to_be_clickable.&amp;lt;locals&amp;gt;._predicate at 0x000002631218E520&amp;gt;, message = &amp;#x27;&amp;#x27;\n\n    def until(self, method: Callable[[D], Union[Literal[False], T]], message: str = &amp;quot;&amp;quot;) -&amp;gt; T:\n        &amp;quot;&amp;quot;&amp;quot;Wait until the method returns a value that is not False.\n    \n        Calls the method provided with the driver as an argument until the\n        return value does not evaluate to ``False``.\n    \n        Parameters:\n        ----------\n        method: callable(WebDriver)\n            - A callable object that takes a WebDriver instance as an argument.\n    \n        message: str\n            - Optional message for :exc:`TimeoutException`\n    \n        Return:\n        -------\n        object: T\n            - The result of the last call to `method`\n    \n        Raises:\n        -------\n        TimeoutException\n            - If &amp;#x27;method&amp;#x27; does not return a truthy value within the WebDriverWait\n            object&amp;#x27;s timeout\n    \n        Example:\n        --------\n        &amp;gt;&amp;gt;&amp;gt; from selenium.webdriver.common.by import By\n        &amp;gt;&amp;gt;&amp;gt; from selenium.webdriver.support.ui import WebDriverWait\n        &amp;gt;&amp;gt;&amp;gt; from selenium.webdriver.support import expected_conditions as EC\n    \n        # Wait until an element is visible on the page\n        &amp;gt;&amp;gt;&amp;gt; wait = WebDriverWait(driver, 10)\n        &amp;gt;&amp;gt;&amp;gt; element = wait.until(EC.visibility_of_element_located((By.ID, &amp;quot;exampleId&amp;quot;)))\n        &amp;gt;&amp;gt;&amp;gt; print(element.text)\n        &amp;quot;&amp;quot;&amp;quot;\n        screen = None\n        stacktrace = None\n    \n        end_time = time.monotonic() + self._timeout\n        while True:\n            try:\n                value = method(self._driver)\n                if value:\n                    return value\n            except self._ignored_exceptions as exc:\n                screen = getattr(exc, &amp;quot;screen&amp;quot;, None)\n                stacktrace = getattr(exc, &amp;quot;stacktrace&amp;quot;, None)\n            if time.monotonic() &amp;gt; end_time:\n                break\n            time.sleep(self._poll)\n&amp;gt;       raise TimeoutException(message, screen, stacktrace)\nE       selenium.common.exceptions.TimeoutException: Message:\n\nC:\\Users\\shivam srivastava\\AppData\\Local\\Programs\\Python\\Python313\\Lib\\site-packages\\selenium\\webdriver\\support\\wait.py:146: TimeoutException\n&#34;}], &#34;tests/test_04_workspace.py::TestDashboard::test_with_put_api_data_list_empty_an_list&#34;: [{&#34;extras&#34;: [], &#34;result&#34;: &#34;Failed&#34;, &#34;testId&#34;: &#34;tests/test_04_workspace.py::TestDashboard::test_with_put_api_data_list_empty_an_list&#34;, &#34;duration&#34;: &#34;00:01:25&#34;, &#34;resultsTableRow&#34;: [&#34;&lt;td class=\&#34;col-result\&#34;&gt;Failed&lt;/td&gt;&#34;, &#34;&lt;td class=\&#34;col-testId\&#34;&gt;tests/test_04_workspace.py::TestDashboard::test_with_put_api_data_list_empty_an_list&lt;/td&gt;&#34;, &#34;&lt;td class=\&#34;col-duration\&#34;&gt;00:01:25&lt;/td&gt;&#34;, &#34;&lt;td class=\&#34;col-links\&#34;&gt;&lt;/td&gt;&#34;], &#34;log&#34;: &#34;self = &amp;lt;tests.test_04_workspace.TestDashboard object at 0x0000026311C143B0&amp;gt;, driver = &amp;lt;selenium.webdriver.chrome.webdriver.WebDriver (session=&amp;quot;a59944f252b9cb7795e66367c29a2411&amp;quot;)&amp;gt;\n\n    def test_with_put_api_data_list_empty_an_list(self,driver):\n        print(&amp;quot;clicked collections successfully&amp;quot;)\n        login_page = LoginPage(driver)\n        login_page.navigate()\n        login_page.enter_email(&amp;quot;shivamtesting7@gmail.com&amp;quot;)\n        login_page.enter_password(&amp;quot;Pass@9988&amp;quot;)\n        login_page.click_login_button()\n    \n        time.sleep(2)\n    \n        dashboard = WorkspacePage(driver)\n        dashboard.navigate()\n        workspace_url = dashboard.click_workspace_name()  # Extracts the URL dynamically\n        print(&amp;quot;Navigated to extracted workspace URL:&amp;quot;, workspace_url)\n        time.sleep(10)\n    \n        driver.get(workspace_url)  # Navigate to the extracted workspace URL\n        time.sleep(10)\n    \n        dashboard.collection1()\n        print(&amp;quot;Clicked &amp;#x27;Collection&amp;#x27; button successfully&amp;quot;)\n        time.sleep(10)\n    \n        created_collection_put_url = dashboard.put_api()  # Extracts the URL dynamically\n        print(&amp;quot;Navigated to extracted collections URL:&amp;quot;, created_collection_put_url)\n        time.sleep(10)\n    \n        driver.get(created_collection_put_url)  # Navigate to the extracted collection URL\n        time.sleep(10)\n    \n        dashboard.put_api()\n        print(&amp;quot;Clicked &amp;#x27;Put api&amp;#x27; click successfully&amp;quot;)\n        time.sleep(5)\n    \n        dashboard.function_block_btn()\n        print(&amp;quot;Clicked &amp;#x27;code block&amp;#x27; successfully&amp;quot;)\n        time.sleep(2)\n    \n&amp;gt;       dashboard.code_block_data_list_empty_an_list()\n\ntests\\test_04_workspace.py:1602: \n_ _ _ _ _ _ _ _ _ _ _ _ _ _ _ _ _ _ _ _ _ _ _ _ _ _ _ _ _ _ _ _ _ _ _ _ _ _ _ _ _ _ _ _ _ _ _ _ _ _ _ _ _ _ _ _ _ _ _ _ _ _ _ _ _ _ _ _ _ _ _ _ _ _ _ _ _ _ _ _ _ _ _ _ _ _ _ _ _ _\npages\\workspace_page.py:1052: in code_block_data_list_empty_an_list\n    code_block_list_dropdown = WebDriverWait(self.driver, 5).until(\n_ _ _ _ _ _ _ _ _ _ _ _ _ _ _ _ _ _ _ _ _ _ _ _ _ _ _ _ _ _ _ _ _ _ _ _ _ _ _ _ _ _ _ _ _ _ _ _ _ _ _ _ _ _ _ _ _ _ _ _ _ _ _ _ _ _ _ _ _ _ _ _ _ _ _ _ _ _ _ _ _ _ _ _ _ _ _ _ _ _\n\nself = &amp;lt;selenium.webdriver.support.wait.WebDriverWait (session=&amp;quot;a59944f252b9cb7795e66367c29a2411&amp;quot;)&amp;gt;\nmethod = &amp;lt;function element_to_be_clickable.&amp;lt;locals&amp;gt;._predicate at 0x000002631218ED40&amp;gt;, message = &amp;#x27;&amp;#x27;\n\n    def until(self, method: Callable[[D], Union[Literal[False], T]], message: str = &amp;quot;&amp;quot;) -&amp;gt; T:\n        &amp;quot;&amp;quot;&amp;quot;Wait until the method returns a value that is not False.\n    \n        Calls the method provided with the driver as an argument until the\n        return value does not evaluate to ``False``.\n    \n        Parameters:\n        ----------\n        method: callable(WebDriver)\n            - A callable object that takes a WebDriver instance as an argument.\n    \n        message: str\n            - Optional message for :exc:`TimeoutException`\n    \n        Return:\n        -------\n        object: T\n            - The result of the last call to `method`\n    \n        Raises:\n        -------\n        TimeoutException\n            - If &amp;#x27;method&amp;#x27; does not return a truthy value within the WebDriverWait\n            object&amp;#x27;s timeout\n    \n        Example:\n        --------\n        &amp;gt;&amp;gt;&amp;gt; from selenium.webdriver.common.by import By\n        &amp;gt;&amp;gt;&amp;gt; from selenium.webdriver.support.ui import WebDriverWait\n        &amp;gt;&amp;gt;&amp;gt; from selenium.webdriver.support import expected_conditions as EC\n    \n        # Wait until an element is visible on the page\n        &amp;gt;&amp;gt;&amp;gt; wait = WebDriverWait(driver, 10)\n        &amp;gt;&amp;gt;&amp;gt; element = wait.until(EC.visibility_of_element_located((By.ID, &amp;quot;exampleId&amp;quot;)))\n        &amp;gt;&amp;gt;&amp;gt; print(element.text)\n        &amp;quot;&amp;quot;&amp;quot;\n        screen = None\n        stacktrace = None\n    \n        end_time = time.monotonic() + self._timeout\n        while True:\n            try:\n                value = method(self._driver)\n                if value:\n                    return value\n            except self._ignored_exceptions as exc:\n                screen = getattr(exc, &amp;quot;screen&amp;quot;, None)\n                stacktrace = getattr(exc, &amp;quot;stacktrace&amp;quot;, None)\n            if time.monotonic() &amp;gt; end_time:\n                break\n            time.sleep(self._poll)\n&amp;gt;       raise TimeoutException(message, screen, stacktrace)\nE       selenium.common.exceptions.TimeoutException: Message:\n\nC:\\Users\\shivam srivastava\\AppData\\Local\\Programs\\Python\\Python313\\Lib\\site-packages\\selenium\\webdriver\\support\\wait.py:146: TimeoutException\n&#34;}], &#34;tests/test_04_workspace.py::TestDashboard::test_with_put_api_data_list_element_in_list_bool&#34;: [{&#34;extras&#34;: [], &#34;result&#34;: &#34;Failed&#34;, &#34;testId&#34;: &#34;tests/test_04_workspace.py::TestDashboard::test_with_put_api_data_list_element_in_list_bool&#34;, &#34;duration&#34;: &#34;00:01:17&#34;, &#34;resultsTableRow&#34;: [&#34;&lt;td class=\&#34;col-result\&#34;&gt;Failed&lt;/td&gt;&#34;, &#34;&lt;td class=\&#34;col-testId\&#34;&gt;tests/test_04_workspace.py::TestDashboard::test_with_put_api_data_list_element_in_list_bool&lt;/td&gt;&#34;, &#34;&lt;td class=\&#34;col-duration\&#34;&gt;00:01:17&lt;/td&gt;&#34;, &#34;&lt;td class=\&#34;col-links\&#34;&gt;&lt;/td&gt;&#34;], &#34;log&#34;: &#34;self = &amp;lt;tests.test_04_workspace.TestDashboard object at 0x0000026311C14470&amp;gt;, driver = &amp;lt;selenium.webdriver.chrome.webdriver.WebDriver (session=&amp;quot;c06cb7ce1e8a29145d0b0b3e2be0c09d&amp;quot;)&amp;gt;\n\n    def test_with_put_api_data_list_element_in_list_bool(self,driver):\n        print(&amp;quot;clicked collections successfully&amp;quot;)\n        login_page = LoginPage(driver)\n        login_page.navigate()\n        login_page.enter_email(&amp;quot;shivamtesting7@gmail.com&amp;quot;)\n        login_page.enter_password(&amp;quot;Pass@9988&amp;quot;)\n        login_page.click_login_button()\n    \n        time.sleep(2)\n    \n        dashboard = WorkspacePage(driver)\n        dashboard.navigate()\n        workspace_url = dashboard.click_workspace_name()  # Extracts the URL dynamically\n        print(&amp;quot;Navigated to extracted workspace URL:&amp;quot;, workspace_url)\n        time.sleep(10)\n    \n        driver.get(workspace_url)  # Navigate to the extracted workspace URL\n        time.sleep(10)\n    \n        dashboard.collection1()\n        print(&amp;quot;Clicked &amp;#x27;Collection&amp;#x27; button successfully&amp;quot;)\n        time.sleep(10)\n    \n        created_collection_put_url = dashboard.put_api()  # Extracts the URL dynamically\n        print(&amp;quot;Navigated to extracted collections URL:&amp;quot;, created_collection_put_url)\n        time.sleep(10)\n    \n        driver.get(created_collection_put_url)  # Navigate to the extracted collection URL\n        time.sleep(10)\n    \n        dashboard.put_api()\n        print(&amp;quot;Clicked &amp;#x27;Put api&amp;#x27; click successfully&amp;quot;)\n        time.sleep(5)\n    \n        dashboard.function_block_btn()\n        print(&amp;quot;Clicked &amp;#x27;code block&amp;#x27; successfully&amp;quot;)\n        time.sleep(2)\n    \n        dashboard.code_block_data_list_empty_an_list_bool()\n        print(&amp;quot;clicked&amp;quot;)\n        time.sleep(2)\n    \n&amp;gt;       dashboard.code_block_list_remove_element_at_start_existing_variable()\n\ntests\\test_04_workspace.py:1660: \n_ _ _ _ _ _ _ _ _ _ _ _ _ _ _ _ _ _ _ _ _ _ _ _ _ _ _ _ _ _ _ _ _ _ _ _ _ _ _ _ _ _ _ _ _ _ _ _ _ _ _ _ _ _ _ _ _ _ _ _ _ _ _ _ _ _ _ _ _ _ _ _ _ _ _ _ _ _ _ _ _ _ _ _ _ _ _ _ _ _\npages\\workspace_page.py:945: in code_block_list_remove_element_at_start_existing_variable\n    existing_variable_dropdown = WebDriverWait(self.driver, 5).until(\n_ _ _ _ _ _ _ _ _ _ _ _ _ _ _ _ _ _ _ _ _ _ _ _ _ _ _ _ _ _ _ _ _ _ _ _ _ _ _ _ _ _ _ _ _ _ _ _ _ _ _ _ _ _ _ _ _ _ _ _ _ _ _ _ _ _ _ _ _ _ _ _ _ _ _ _ _ _ _ _ _ _ _ _ _ _ _ _ _ _\n\nself = &amp;lt;selenium.webdriver.support.wait.WebDriverWait (session=&amp;quot;c06cb7ce1e8a29145d0b0b3e2be0c09d&amp;quot;)&amp;gt;\nmethod = &amp;lt;function element_to_be_clickable.&amp;lt;locals&amp;gt;._predicate at 0x000002631218F4C0&amp;gt;, message = &amp;#x27;&amp;#x27;\n\n    def until(self, method: Callable[[D], Union[Literal[False], T]], message: str = &amp;quot;&amp;quot;) -&amp;gt; T:\n        &amp;quot;&amp;quot;&amp;quot;Wait until the method returns a value that is not False.\n    \n        Calls the method provided with the driver as an argument until the\n        return value does not evaluate to ``False``.\n    \n        Parameters:\n        ----------\n        method: callable(WebDriver)\n            - A callable object that takes a WebDriver instance as an argument.\n    \n        message: str\n            - Optional message for :exc:`TimeoutException`\n    \n        Return:\n        -------\n        object: T\n            - The result of the last call to `method`\n    \n        Raises:\n        -------\n        TimeoutException\n            - If &amp;#x27;method&amp;#x27; does not return a truthy value within the WebDriverWait\n            object&amp;#x27;s timeout\n    \n        Example:\n        --------\n        &amp;gt;&amp;gt;&amp;gt; from selenium.webdriver.common.by import By\n        &amp;gt;&amp;gt;&amp;gt; from selenium.webdriver.support.ui import WebDriverWait\n        &amp;gt;&amp;gt;&amp;gt; from selenium.webdriver.support import expected_conditions as EC\n    \n        # Wait until an element is visible on the page\n        &amp;gt;&amp;gt;&amp;gt; wait = WebDriverWait(driver, 10)\n        &amp;gt;&amp;gt;&amp;gt; element = wait.until(EC.visibility_of_element_located((By.ID, &amp;quot;exampleId&amp;quot;)))\n        &amp;gt;&amp;gt;&amp;gt; print(element.text)\n        &amp;quot;&amp;quot;&amp;quot;\n        screen = None\n        stacktrace = None\n    \n        end_time = time.monotonic() + self._timeout\n        while True:\n            try:\n                value = method(self._driver)\n                if value:\n                    return value\n            except self._ignored_exceptions as exc:\n                screen = getattr(exc, &amp;quot;screen&amp;quot;, None)\n                stacktrace = getattr(exc, &amp;quot;stacktrace&amp;quot;, None)\n            if time.monotonic() &amp;gt; end_time:\n                break\n            time.sleep(self._poll)\n&amp;gt;       raise TimeoutException(message, screen, stacktrace)\nE       selenium.common.exceptions.TimeoutException: Message: \nE       Stacktrace:\nE       \tGetHandleVerifier [0x00007FF7C24F4C25+3179557]\nE       \t(No symbol) [0x00007FF7C21588A0]\nE       \t(No symbol) [0x00007FF7C1FE91CA]\nE       \t(No symbol) [0x00007FF7C203FA67]\nE       \t(No symbol) [0x00007FF7C203FC9C]\nE       \t(No symbol) [0x00007FF7C2093627]\nE       \t(No symbol) [0x00007FF7C2067C6F]\nE       \t(No symbol) [0x00007FF7C20902F3]\nE       \t(No symbol) [0x00007FF7C2067A03]\nE       \t(No symbol) [0x00007FF7C20306D0]\nE       \t(No symbol) [0x00007FF7C2031983]\nE       \tGetHandleVerifier [0x00007FF7C25567CD+3579853]\nE       \tGetHandleVerifier [0x00007FF7C256D1D2+3672530]\nE       \tGetHandleVerifier [0x00007FF7C2562153+3627347]\nE       \tGetHandleVerifier [0x00007FF7C22C092A+868650]\nE       \t(No symbol) [0x00007FF7C2162FFF]\nE       \t(No symbol) [0x00007FF7C215F4A4]\nE       \t(No symbol) [0x00007FF7C215F646]\nE       \t(No symbol) [0x00007FF7C214EAA9]\nE       \tBaseThreadInitThunk [0x00007FFA6604E8D7+23]\nE       \tRtlUserThreadStart [0x00007FFA6797BF6C+44]\n\nC:\\Users\\shivam srivastava\\AppData\\Local\\Programs\\Python\\Python313\\Lib\\site-packages\\selenium\\webdriver\\support\\wait.py:146: TimeoutException\n&#34;}], &#34;tests/test_05_Settings.py::TestSettings::test_settings_account_page&#34;: [{&#34;extras&#34;: [], &#34;result&#34;: &#34;Passed&#34;, &#34;testId&#34;: &#34;tests/test_05_Settings.py::TestSettings::test_settings_account_page&#34;, &#34;duration&#34;: &#34;00:00:17&#34;, &#34;resultsTableRow&#34;: [&#34;&lt;td class=\&#34;col-result\&#34;&gt;Passed&lt;/td&gt;&#34;, &#34;&lt;td class=\&#34;col-testId\&#34;&gt;tests/test_05_Settings.py::TestSettings::test_settings_account_page&lt;/td&gt;&#34;, &#34;&lt;td class=\&#34;col-duration\&#34;&gt;00:00:17&lt;/td&gt;&#34;, &#34;&lt;td class=\&#34;col-links\&#34;&gt;&lt;/td&gt;&#34;], &#34;log&#34;: &#34;No log output captured.&#34;}], &#34;tests/test_05_Settings.py::TestSettings::test_settings_billings_page&#34;: [{&#34;extras&#34;: [], &#34;result&#34;: &#34;Passed&#34;, &#34;testId&#34;: &#34;tests/test_05_Settings.py::TestSettings::test_settings_billings_page&#34;, &#34;duration&#34;: &#34;00:00:15&#34;, &#34;resultsTableRow&#34;: [&#34;&lt;td class=\&#34;col-result\&#34;&gt;Passed&lt;/td&gt;&#34;, &#34;&lt;td class=\&#34;col-testId\&#34;&gt;tests/test_05_Settings.py::TestSettings::test_settings_billings_page&lt;/td&gt;&#34;, &#34;&lt;td class=\&#34;col-duration\&#34;&gt;00:00:15&lt;/td&gt;&#34;, &#34;&lt;td class=\&#34;col-links\&#34;&gt;&lt;/td&gt;&#34;], &#34;log&#34;: &#34;No log output captured.&#34;}], &#34;tests/test_05_Settings.py::TestSettings::test_settings_purchase_history_page_receipt&#34;: [{&#34;extras&#34;: [], &#34;result&#34;: &#34;Passed&#34;, &#34;testId&#34;: &#34;tests/test_05_Settings.py::TestSettings::test_settings_purchase_history_page_receipt&#34;, &#34;duration&#34;: &#34;00:00:15&#34;, &#34;resultsTableRow&#34;: [&#34;&lt;td class=\&#34;col-result\&#34;&gt;Passed&lt;/td&gt;&#34;, &#34;&lt;td class=\&#34;col-testId\&#34;&gt;tests/test_05_Settings.py::TestSettings::test_settings_purchase_history_page_receipt&lt;/td&gt;&#34;, &#34;&lt;td class=\&#34;col-duration\&#34;&gt;00:00:15&lt;/td&gt;&#34;, &#34;&lt;td class=\&#34;col-links\&#34;&gt;&lt;/td&gt;&#34;], &#34;log&#34;: &#34;No log output captured.&#34;}], &#34;tests/test_05_Settings.py::TestSettings::test_settings_purchase_history_page_invoice&#34;: [{&#34;extras&#34;: [], &#34;result&#34;: &#34;Passed&#34;, &#34;testId&#34;: &#34;tests/test_05_Settings.py::TestSettings::test_settings_purchase_history_page_invoice&#34;, &#34;duration&#34;: &#34;00:00:15&#34;, &#34;resultsTableRow&#34;: [&#34;&lt;td class=\&#34;col-result\&#34;&gt;Passed&lt;/td&gt;&#34;, &#34;&lt;td class=\&#34;col-testId\&#34;&gt;tests/test_05_Settings.py::TestSettings::test_settings_purchase_history_page_invoice&lt;/td&gt;&#34;, &#34;&lt;td class=\&#34;col-duration\&#34;&gt;00:00:15&lt;/td&gt;&#34;, &#34;&lt;td class=\&#34;col-links\&#34;&gt;&lt;/td&gt;&#34;], &#34;log&#34;: &#34;No log output captured.&#34;}]}, &#34;renderCollapsed&#34;: [&#34;passed&#34;], &#34;initialSort&#34;: &#34;result&#34;, &#34;title&#34;: &#34;report.html&#34;}"></div>
    <script>
      (function(){function r(e,n,t){function o(i,f){if(!n[i]){if(!e[i]){var c="function"==typeof require&&require;if(!f&&c)return c(i,!0);if(u)return u(i,!0);var a=new Error("Cannot find module '"+i+"'");throw a.code="MODULE_NOT_FOUND",a}var p=n[i]={exports:{}};e[i][0].call(p.exports,function(r){var n=e[i][1][r];return o(n||r)},p,p.exports,r,e,n,t)}return n[i].exports}for(var u="function"==typeof require&&require,i=0;i<t.length;i++)o(t[i]);return o}return r})()({1:[function(require,module,exports){
const { getCollapsedCategory, setCollapsedIds } = require('./storage.js')

class DataManager {
    setManager(data) {
        const collapsedCategories = [...getCollapsedCategory(data.renderCollapsed)]
        const collapsedIds = []
        const tests = Object.values(data.tests).flat().map((test, index) => {
            const collapsed = collapsedCategories.includes(test.result.toLowerCase())
            const id = `test_${index}`
            if (collapsed) {
                collapsedIds.push(id)
            }
            return {
                ...test,
                id,
                collapsed,
            }
        })
        const dataBlob = { ...data, tests }
        this.data = { ...dataBlob }
        this.renderData = { ...dataBlob }
        setCollapsedIds(collapsedIds)
    }

    get allData() {
        return { ...this.data }
    }

    resetRender() {
        this.renderData = { ...this.data }
    }

    setRender(data) {
        this.renderData.tests = [...data]
    }

    toggleCollapsedItem(id) {
        this.renderData.tests = this.renderData.tests.map((test) =>
            test.id === id ? { ...test, collapsed: !test.collapsed } : test,
        )
    }

    set allCollapsed(collapsed) {
        this.renderData = { ...this.renderData, tests: [...this.renderData.tests.map((test) => (
            { ...test, collapsed }
        ))] }
    }

    get testSubset() {
        return [...this.renderData.tests]
    }

    get environment() {
        return this.renderData.environment
    }

    get initialSort() {
        return this.data.initialSort
    }
}

module.exports = {
    manager: new DataManager(),
}

},{"./storage.js":8}],2:[function(require,module,exports){
const mediaViewer = require('./mediaviewer.js')
const templateEnvRow = document.getElementById('template_environment_row')
const templateResult = document.getElementById('template_results-table__tbody')

function htmlToElements(html) {
    const temp = document.createElement('template')
    temp.innerHTML = html
    return temp.content.childNodes
}

const find = (selector, elem) => {
    if (!elem) {
        elem = document
    }
    return elem.querySelector(selector)
}

const findAll = (selector, elem) => {
    if (!elem) {
        elem = document
    }
    return [...elem.querySelectorAll(selector)]
}

const dom = {
    getStaticRow: (key, value) => {
        const envRow = templateEnvRow.content.cloneNode(true)
        const isObj = typeof value === 'object' && value !== null
        const values = isObj ? Object.keys(value).map((k) => `${k}: ${value[k]}`) : null

        const valuesElement = htmlToElements(
            values ? `<ul>${values.map((val) => `<li>${val}</li>`).join('')}<ul>` : `<div>${value}</div>`)[0]
        const td = findAll('td', envRow)
        td[0].textContent = key
        td[1].appendChild(valuesElement)

        return envRow
    },
    getResultTBody: ({ testId, id, log, extras, resultsTableRow, tableHtml, result, collapsed }) => {
        const resultBody = templateResult.content.cloneNode(true)
        resultBody.querySelector('tbody').classList.add(result.toLowerCase())
        resultBody.querySelector('tbody').id = testId
        resultBody.querySelector('.collapsible').dataset.id = id

        resultsTableRow.forEach((html) => {
            const t = document.createElement('template')
            t.innerHTML = html
            resultBody.querySelector('.collapsible').appendChild(t.content)
        })

        if (log) {
            // Wrap lines starting with "E" with span.error to color those lines red
            const wrappedLog = log.replace(/^E.*$/gm, (match) => `<span class="error">${match}</span>`)
            resultBody.querySelector('.log').innerHTML = wrappedLog
        } else {
            resultBody.querySelector('.log').remove()
        }

        if (collapsed) {
            resultBody.querySelector('.collapsible > td')?.classList.add('collapsed')
            resultBody.querySelector('.extras-row').classList.add('hidden')
        } else {
            resultBody.querySelector('.collapsible > td')?.classList.remove('collapsed')
        }

        const media = []
        extras?.forEach(({ name, format_type, content }) => {
            if (['image', 'video'].includes(format_type)) {
                media.push({ path: content, name, format_type })
            }

            if (format_type === 'html') {
                resultBody.querySelector('.extraHTML').insertAdjacentHTML('beforeend', `<div>${content}</div>`)
            }
        })
        mediaViewer.setup(resultBody, media)

        // Add custom html from the pytest_html_results_table_html hook
        tableHtml?.forEach((item) => {
            resultBody.querySelector('td[class="extra"]').insertAdjacentHTML('beforeend', item)
        })

        return resultBody
    },
}

module.exports = {
    dom,
    htmlToElements,
    find,
    findAll,
}

},{"./mediaviewer.js":6}],3:[function(require,module,exports){
const { manager } = require('./datamanager.js')
const { doSort } = require('./sort.js')
const storageModule = require('./storage.js')

const getFilteredSubSet = (filter) =>
    manager.allData.tests.filter(({ result }) => filter.includes(result.toLowerCase()))

const doInitFilter = () => {
    const currentFilter = storageModule.getVisible()
    const filteredSubset = getFilteredSubSet(currentFilter)
    manager.setRender(filteredSubset)
}

const doFilter = (type, show) => {
    if (show) {
        storageModule.showCategory(type)
    } else {
        storageModule.hideCategory(type)
    }

    const currentFilter = storageModule.getVisible()
    const filteredSubset = getFilteredSubSet(currentFilter)
    manager.setRender(filteredSubset)

    const sortColumn = storageModule.getSort()
    doSort(sortColumn, true)
}

module.exports = {
    doFilter,
    doInitFilter,
}

},{"./datamanager.js":1,"./sort.js":7,"./storage.js":8}],4:[function(require,module,exports){
const { redraw, bindEvents, renderStatic } = require('./main.js')
const { doInitFilter } = require('./filter.js')
const { doInitSort } = require('./sort.js')
const { manager } = require('./datamanager.js')
const data = JSON.parse(document.getElementById('data-container').dataset.jsonblob)

function init() {
    manager.setManager(data)
    doInitFilter()
    doInitSort()
    renderStatic()
    redraw()
    bindEvents()
}

init()

},{"./datamanager.js":1,"./filter.js":3,"./main.js":5,"./sort.js":7}],5:[function(require,module,exports){
const { dom, find, findAll } = require('./dom.js')
const { manager } = require('./datamanager.js')
const { doSort } = require('./sort.js')
const { doFilter } = require('./filter.js')
const {
    getVisible,
    getCollapsedIds,
    setCollapsedIds,
    getSort,
    getSortDirection,
    possibleFilters,
} = require('./storage.js')

const removeChildren = (node) => {
    while (node.firstChild) {
        node.removeChild(node.firstChild)
    }
}

const renderStatic = () => {
    const renderEnvironmentTable = () => {
        const environment = manager.environment
        const rows = Object.keys(environment).map((key) => dom.getStaticRow(key, environment[key]))
        const table = document.getElementById('environment')
        removeChildren(table)
        rows.forEach((row) => table.appendChild(row))
    }
    renderEnvironmentTable()
}

const addItemToggleListener = (elem) => {
    elem.addEventListener('click', ({ target }) => {
        const id = target.parentElement.dataset.id
        manager.toggleCollapsedItem(id)

        const collapsedIds = getCollapsedIds()
        if (collapsedIds.includes(id)) {
            const updated = collapsedIds.filter((item) => item !== id)
            setCollapsedIds(updated)
        } else {
            collapsedIds.push(id)
            setCollapsedIds(collapsedIds)
        }
        redraw()
    })
}

const renderContent = (tests) => {
    const sortAttr = getSort(manager.initialSort)
    const sortAsc = JSON.parse(getSortDirection())
    const rows = tests.map(dom.getResultTBody)
    const table = document.getElementById('results-table')
    const tableHeader = document.getElementById('results-table-head')

    const newTable = document.createElement('table')
    newTable.id = 'results-table'

    // remove all sorting classes and set the relevant
    findAll('.sortable', tableHeader).forEach((elem) => elem.classList.remove('asc', 'desc'))
    tableHeader.querySelector(`.sortable[data-column-type="${sortAttr}"]`)?.classList.add(sortAsc ? 'desc' : 'asc')
    newTable.appendChild(tableHeader)

    if (!rows.length) {
        const emptyTable = document.getElementById('template_results-table__body--empty').content.cloneNode(true)
        newTable.appendChild(emptyTable)
    } else {
        rows.forEach((row) => {
            if (!!row) {
                findAll('.collapsible td:not(.col-links', row).forEach(addItemToggleListener)
                find('.logexpander', row).addEventListener('click',
                    (evt) => evt.target.parentNode.classList.toggle('expanded'),
                )
                newTable.appendChild(row)
            }
        })
    }

    table.replaceWith(newTable)
}

const renderDerived = () => {
    const currentFilter = getVisible()
    possibleFilters.forEach((result) => {
        const input = document.querySelector(`input[data-test-result="${result}"]`)
        input.checked = currentFilter.includes(result)
    })
}

const bindEvents = () => {
    const filterColumn = (evt) => {
        const { target: element } = evt
        const { testResult } = element.dataset

        doFilter(testResult, element.checked)
        const collapsedIds = getCollapsedIds()
        const updated = manager.renderData.tests.map((test) => {
            return {
                ...test,
                collapsed: collapsedIds.includes(test.id),
            }
        })
        manager.setRender(updated)
        redraw()
    }

    const header = document.getElementById('environment-header')
    header.addEventListener('click', () => {
        const table = document.getElementById('environment')
        table.classList.toggle('hidden')
        header.classList.toggle('collapsed')
    })

    findAll('input[name="filter_checkbox"]').forEach((elem) => {
        elem.addEventListener('click', filterColumn)
    })

    findAll('.sortable').forEach((elem) => {
        elem.addEventListener('click', (evt) => {
            const { target: element } = evt
            const { columnType } = element.dataset
            doSort(columnType)
            redraw()
        })
    })

    document.getElementById('show_all_details').addEventListener('click', () => {
        manager.allCollapsed = false
        setCollapsedIds([])
        redraw()
    })
    document.getElementById('hide_all_details').addEventListener('click', () => {
        manager.allCollapsed = true
        const allIds = manager.renderData.tests.map((test) => test.id)
        setCollapsedIds(allIds)
        redraw()
    })
}

const redraw = () => {
    const { testSubset } = manager

    renderContent(testSubset)
    renderDerived()
}

module.exports = {
    redraw,
    bindEvents,
    renderStatic,
}

},{"./datamanager.js":1,"./dom.js":2,"./filter.js":3,"./sort.js":7,"./storage.js":8}],6:[function(require,module,exports){
class MediaViewer {
    constructor(assets) {
        this.assets = assets
        this.index = 0
    }

    nextActive() {
        this.index = this.index === this.assets.length - 1 ? 0 : this.index + 1
        return [this.activeFile, this.index]
    }

    prevActive() {
        this.index = this.index === 0 ? this.assets.length - 1 : this.index -1
        return [this.activeFile, this.index]
    }

    get currentIndex() {
        return this.index
    }

    get activeFile() {
        return this.assets[this.index]
    }
}


const setup = (resultBody, assets) => {
    if (!assets.length) {
        resultBody.querySelector('.media').classList.add('hidden')
        return
    }

    const mediaViewer = new MediaViewer(assets)
    const container = resultBody.querySelector('.media-container')
    const leftArrow = resultBody.querySelector('.media-container__nav--left')
    const rightArrow = resultBody.querySelector('.media-container__nav--right')
    const mediaName = resultBody.querySelector('.media__name')
    const counter = resultBody.querySelector('.media__counter')
    const imageEl = resultBody.querySelector('img')
    const sourceEl = resultBody.querySelector('source')
    const videoEl = resultBody.querySelector('video')

    const setImg = (media, index) => {
        if (media?.format_type === 'image') {
            imageEl.src = media.path

            imageEl.classList.remove('hidden')
            videoEl.classList.add('hidden')
        } else if (media?.format_type === 'video') {
            sourceEl.src = media.path

            videoEl.classList.remove('hidden')
            imageEl.classList.add('hidden')
        }

        mediaName.innerText = media?.name
        counter.innerText = `${index + 1} / ${assets.length}`
    }
    setImg(mediaViewer.activeFile, mediaViewer.currentIndex)

    const moveLeft = () => {
        const [media, index] = mediaViewer.prevActive()
        setImg(media, index)
    }
    const doRight = () => {
        const [media, index] = mediaViewer.nextActive()
        setImg(media, index)
    }
    const openImg = () => {
        window.open(mediaViewer.activeFile.path, '_blank')
    }
    if (assets.length === 1) {
        container.classList.add('media-container--fullscreen')
    } else {
        leftArrow.addEventListener('click', moveLeft)
        rightArrow.addEventListener('click', doRight)
    }
    imageEl.addEventListener('click', openImg)
}

module.exports = {
    setup,
}

},{}],7:[function(require,module,exports){
const { manager } = require('./datamanager.js')
const storageModule = require('./storage.js')

const genericSort = (list, key, ascending, customOrder) => {
    let sorted
    if (customOrder) {
        sorted = list.sort((a, b) => {
            const aValue = a.result.toLowerCase()
            const bValue = b.result.toLowerCase()

            const aIndex = customOrder.findIndex((item) => item.toLowerCase() === aValue)
            const bIndex = customOrder.findIndex((item) => item.toLowerCase() === bValue)

            // Compare the indices to determine the sort order
            return aIndex - bIndex
        })
    } else {
        sorted = list.sort((a, b) => a[key] === b[key] ? 0 : a[key] > b[key] ? 1 : -1)
    }

    if (ascending) {
        sorted.reverse()
    }
    return sorted
}

const durationSort = (list, ascending) => {
    const parseDuration = (duration) => {
        if (duration.includes(':')) {
            // If it's in the format "HH:mm:ss"
            const [hours, minutes, seconds] = duration.split(':').map(Number)
            return (hours * 3600 + minutes * 60 + seconds) * 1000
        } else {
            // If it's in the format "nnn ms"
            return parseInt(duration)
        }
    }
    const sorted = list.sort((a, b) => parseDuration(a['duration']) - parseDuration(b['duration']))
    if (ascending) {
        sorted.reverse()
    }
    return sorted
}

const doInitSort = () => {
    const type = storageModule.getSort(manager.initialSort)
    const ascending = storageModule.getSortDirection()
    const list = manager.testSubset
    const initialOrder = ['Error', 'Failed', 'Rerun', 'XFailed', 'XPassed', 'Skipped', 'Passed']

    storageModule.setSort(type)
    storageModule.setSortDirection(ascending)

    if (type?.toLowerCase() === 'original') {
        manager.setRender(list)
    } else {
        let sortedList
        switch (type) {
        case 'duration':
            sortedList = durationSort(list, ascending)
            break
        case 'result':
            sortedList = genericSort(list, type, ascending, initialOrder)
            break
        default:
            sortedList = genericSort(list, type, ascending)
            break
        }
        manager.setRender(sortedList)
    }
}

const doSort = (type, skipDirection) => {
    const newSortType = storageModule.getSort(manager.initialSort) !== type
    const currentAsc = storageModule.getSortDirection()
    let ascending
    if (skipDirection) {
        ascending = currentAsc
    } else {
        ascending = newSortType ? false : !currentAsc
    }
    storageModule.setSort(type)
    storageModule.setSortDirection(ascending)

    const list = manager.testSubset
    const sortedList = type === 'duration' ? durationSort(list, ascending) : genericSort(list, type, ascending)
    manager.setRender(sortedList)
}

module.exports = {
    doInitSort,
    doSort,
}

},{"./datamanager.js":1,"./storage.js":8}],8:[function(require,module,exports){
const possibleFilters = [
    'passed',
    'skipped',
    'failed',
    'error',
    'xfailed',
    'xpassed',
    'rerun',
]

const getVisible = () => {
    const url = new URL(window.location.href)
    const settings = new URLSearchParams(url.search).get('visible')
    const lower = (item) => {
        const lowerItem = item.toLowerCase()
        if (possibleFilters.includes(lowerItem)) {
            return lowerItem
        }
        return null
    }
    return settings === null ?
        possibleFilters :
        [...new Set(settings?.split(',').map(lower).filter((item) => item))]
}

const hideCategory = (categoryToHide) => {
    const url = new URL(window.location.href)
    const visibleParams = new URLSearchParams(url.search).get('visible')
    const currentVisible = visibleParams ? visibleParams.split(',') : [...possibleFilters]
    const settings = [...new Set(currentVisible)].filter((f) => f !== categoryToHide).join(',')

    url.searchParams.set('visible', settings)
    window.history.pushState({}, null, unescape(url.href))
}

const showCategory = (categoryToShow) => {
    if (typeof window === 'undefined') {
        return
    }
    const url = new URL(window.location.href)
    const currentVisible = new URLSearchParams(url.search).get('visible')?.split(',').filter(Boolean) ||
        [...possibleFilters]
    const settings = [...new Set([categoryToShow, ...currentVisible])]
    const noFilter = possibleFilters.length === settings.length || !settings.length

    noFilter ? url.searchParams.delete('visible') : url.searchParams.set('visible', settings.join(','))
    window.history.pushState({}, null, unescape(url.href))
}

const getSort = (initialSort) => {
    const url = new URL(window.location.href)
    let sort = new URLSearchParams(url.search).get('sort')
    if (!sort) {
        sort = initialSort || 'result'
    }
    return sort
}

const setSort = (type) => {
    const url = new URL(window.location.href)
    url.searchParams.set('sort', type)
    window.history.pushState({}, null, unescape(url.href))
}

const getCollapsedCategory = (renderCollapsed) => {
    let categories
    if (typeof window !== 'undefined') {
        const url = new URL(window.location.href)
        const collapsedItems = new URLSearchParams(url.search).get('collapsed')
        switch (true) {
        case !renderCollapsed && collapsedItems === null:
            categories = ['passed']
            break
        case collapsedItems?.length === 0 || /^["']{2}$/.test(collapsedItems):
            categories = []
            break
        case /^all$/.test(collapsedItems) || collapsedItems === null && /^all$/.test(renderCollapsed):
            categories = [...possibleFilters]
            break
        default:
            categories = collapsedItems?.split(',').map((item) => item.toLowerCase()) || renderCollapsed
            break
        }
    } else {
        categories = []
    }
    return categories
}

const getSortDirection = () => JSON.parse(sessionStorage.getItem('sortAsc')) || false
const setSortDirection = (ascending) => sessionStorage.setItem('sortAsc', ascending)

const getCollapsedIds = () => JSON.parse(sessionStorage.getItem('collapsedIds')) || []
const setCollapsedIds = (list) => sessionStorage.setItem('collapsedIds', JSON.stringify(list))

module.exports = {
    getVisible,
    hideCategory,
    showCategory,
    getCollapsedIds,
    setCollapsedIds,
    getSort,
    setSort,
    getSortDirection,
    setSortDirection,
    getCollapsedCategory,
    possibleFilters,
}

},{}]},{},[4]);
    </script>
  </footer>
</html>