{"name": "test_with_put_api_input_query_get_a_record", "status": "broken", "statusDetails": {"message": "selenium.common.exceptions.TimeoutException: Message: Element not found within the specified time", "trace": "self = <pages.workspace_page.WorkspacePage object at 0x00000280DBE392B0>\n\n>   ???\n\npages\\workspace_page.py:459: \n_ _ _ _ _ _ _ _ _ _ _ _ _ _ _ _ _ _ _ _ _ _ _ _ _ _ _ _ _ _ _ _ _ _ _ _ _ _ _ _ _ _ _ _ _ _ _ _ _ _ _ _ _ _ _ _ _ _ _ _ _ _ _ _ _ _ _ _ _ _ _ _ _ _ _ _ _ _ _ _ _ _ _ _ _ _ _ _ _ _\n\nself = <selenium.webdriver.support.wait.WebDriverWait (session=\"1bad994e1904b7c84e09ac9e6442469c\")>\nmethod = <function visibility_of_element_located.<locals>._predicate at 0x00000280DBE87BA0>, message = ''\n\n    def until(self, method: Callable[[D], Union[Literal[False], T]], message: str = \"\") -> T:\n        \"\"\"Wait until the method returns a value that is not False.\n    \n        Calls the method provided with the driver as an argument until the\n        return value does not evaluate to ``False``.\n    \n        Parameters:\n        ----------\n        method: callable(WebDriver)\n            - A callable object that takes a WebDriver instance as an argument.\n    \n        message: str\n            - Optional message for :exc:`TimeoutException`\n    \n        Return:\n        -------\n        object: T\n            - The result of the last call to `method`\n    \n        Raises:\n        -------\n        TimeoutException\n            - If 'method' does not return a truthy value within the WebDriverWait\n            object's timeout\n    \n        Example:\n        --------\n        >>> from selenium.webdriver.common.by import By\n        >>> from selenium.webdriver.support.ui import WebDriverWait\n        >>> from selenium.webdriver.support import expected_conditions as EC\n    \n        # Wait until an element is visible on the page\n        >>> wait = WebDriverWait(driver, 10)\n        >>> element = wait.until(EC.visibility_of_element_located((By.ID, \"exampleId\")))\n        >>> print(element.text)\n        \"\"\"\n        screen = None\n        stacktrace = None\n    \n        end_time = time.monotonic() + self._timeout\n        while True:\n            try:\n                value = method(self._driver)\n                if value:\n                    return value\n            except self._ignored_exceptions as exc:\n                screen = getattr(exc, \"screen\", None)\n                stacktrace = getattr(exc, \"stacktrace\", None)\n            if time.monotonic() > end_time:\n                break\n            time.sleep(self._poll)\n>       raise TimeoutException(message, screen, stacktrace)\nE       selenium.common.exceptions.TimeoutException: Message: \nE       Stacktrace:\nE       \tGetHandleVerifier [0x00007FF727F1FE45+26629]\nE       \t(No symbol) [0x00007FF727E86010]\nE       \t(No symbol) [0x00007FF727D1931A]\nE       \t(No symbol) [0x00007FF727D6F8E7]\nE       \t(No symbol) [0x00007FF727D6FB1C]\nE       \t(No symbol) [0x00007FF727DC34A7]\nE       \t(No symbol) [0x00007FF727D97AEF]\nE       \t(No symbol) [0x00007FF727DC0169]\nE       \t(No symbol) [0x00007FF727D97883]\nE       \t(No symbol) [0x00007FF727D60550]\nE       \t(No symbol) [0x00007FF727D61803]\nE       \tGetHandleVerifier [0x00007FF7282772BD+3529853]\nE       \tGetHandleVerifier [0x00007FF72828DA22+3621858]\nE       \tGetHandleVerifier [0x00007FF7282824D3+3575443]\nE       \tGetHandleVerifier [0x00007FF727FEB77A+860474]\nE       \t(No symbol) [0x00007FF727E9088F]\nE       \t(No symbol) [0x00007FF727E8CBC4]\nE       \t(No symbol) [0x00007FF727E8CD66]\nE       \t(No symbol) [0x00007FF727E7C2C9]\nE       \tBaseThreadInitThunk [0x00007FF9948DE8D7+23]\nE       \tRtlUserThreadStart [0x00007FF995CFBF6C+44]\n\nC:\\Users\\shivam srivastava\\AppData\\Local\\Programs\\Python\\Python313\\Lib\\site-packages\\selenium\\webdriver\\support\\wait.py:146: TimeoutException\n\nDuring handling of the above exception, another exception occurred:\n\nself = <tests.test_04_workspace.TestDashboard object at 0x00000280DBDBE350>, driver = <selenium.webdriver.chrome.webdriver.WebDriver (session=\"1bad994e1904b7c84e09ac9e6442469c\")>\n\n    def test_with_put_api_input_query_get_a_record(self, driver):\n        print(\"clicked collections successfully\")\n        login_page = LoginPage(driver)\n        login_page.navigate()\n        login_page.enter_email(\"shivamtesting7@gmail.com\")\n        login_page.enter_password(\"Pass@9988\")\n        login_page.click_login_button()\n    \n        time.sleep(4)\n    \n        dashboard = WorkspacePage(driver)\n        dashboard.navigate()\n        workspace_url = dashboard.click_workspace_name()  # Extracts the URL dynamically\n        print(\"Navigated to extracted workspace URL:\", workspace_url)\n        time.sleep(10)\n    \n        driver.get(workspace_url)  # Navigate to the extracted workspace URL\n        time.sleep(10)\n    \n        dashboard.collection1()\n        print(\"Clicked 'Collection' button successfully\")\n        time.sleep(10)\n    \n        created_collection_put_url = dashboard.put_api()  # Extracts the URL dynamically\n        print(\"Navigated to extracted collections URL:\", created_collection_put_url)\n        time.sleep(10)\n    \n        driver.get(created_collection_put_url)  # Navigate to the extracted collection URL\n        time.sleep(10)\n    \n        dashboard.put_api()\n        print(\"Clicked 'Put api' click successfully\")\n        time.sleep(10)\n    \n        dashboard.function_block_btn()\n        print(\"Clicked 'code block' successfully\")\n        time.sleep(10)\n    \n        dashboard.database_requests()\n        print(\"Clicked 'database requests' successfully\")\n    \n        dashboard.query_get_a_record()\n        print(\"Clicked 'query get a record' successfully\")\n    \n        dashboard.choose_table()\n        print(\"Clicked 'choose table' successfully\")\n    \n>       dashboard.query_get_a_record_student()\n\ntests\\test_04_workspace.py:724: \n_ _ _ _ _ _ _ _ _ _ _ _ _ _ _ _ _ _ _ _ _ _ _ _ _ _ _ _ _ _ _ _ _ _ _ _ _ _ _ _ _ _ _ _ _ _ _ _ _ _ _ _ _ _ _ _ _ _ _ _ _ _ _ _ _ _ _ _ _ _ _ _ _ _ _ _ _ _ _ _ _ _ _ _ _ _ _ _ _ _\n\nself = <pages.workspace_page.WorkspacePage object at 0x00000280DBE392B0>\n\n>   ???\nE   selenium.common.exceptions.TimeoutException: Message: Element not found within the specified time\n\npages\\workspace_page.py:468: TimeoutException"}, "start": 1742289804623, "stop": 1742289906352, "uuid": "84164aa9-745c-49b5-9fa8-2047398e92e0", "historyId": "233c4576dcbec7a70ce72c4f86ea6ada", "testCaseId": "233c4576dcbec7a70ce72c4f86ea6ada", "fullName": "tests.test_04_workspace.TestDashboard#test_with_put_api_input_query_get_a_record", "labels": [{"name": "tag", "value": "@pytest.mark.usefixtures('driver')"}, {"name": "parentSuite", "value": "tests"}, {"name": "suite", "value": "test_04_workspace"}, {"name": "subSuite", "value": "TestDashboard"}, {"name": "host", "value": "DESKTOP-LHJT9BM"}, {"name": "thread", "value": "19928-MainThread"}, {"name": "framework", "value": "pytest"}, {"name": "language", "value": "cpython3"}, {"name": "package", "value": "tests.test_04_workspace"}]}