{"name": "test_signup_and_onboarding", "status": "broken", "statusDetails": {"message": "selenium.common.exceptions.NoSuchElementException: Message: no such element: Unable to locate element: {\"method\":\"xpath\",\"selector\":\"//input[@id='otp_input']\"}\n  (Session info: chrome=134.0.6998.89); For documentation on this error, please visit: https://www.selenium.dev/documentation/webdriver/troubleshooting/errors#no-such-element-exception\nStacktrace:\n\tGetHandleVerifier [0x00007FF727F1FE45+26629]\n\t(No symbol) [0x00007FF727E86010]\n\t(No symbol) [0x00007FF727D1931A]\n\t(No symbol) [0x00007FF727D6F8E7]\n\t(No symbol) [0x00007FF727D6FB1C]\n\t(No symbol) [0x00007FF727DC34A7]\n\t(No symbol) [0x00007FF727D97AEF]\n\t(No symbol) [0x00007FF727DC0169]\n\t(No symbol) [0x00007FF727D97883]\n\t(No symbol) [0x00007FF727D60550]\n\t(No symbol) [0x00007FF727D61803]\n\tGetHandleVerifier [0x00007FF7282772BD+3529853]\n\tGetHandleVerifier [0x00007FF72828DA22+3621858]\n\tGetHandleVerifier [0x00007FF7282824D3+3575443]\n\tGetHandleVerifier [0x00007FF727FEB77A+860474]\n\t(No symbol) [0x00007FF727E9088F]\n\t(No symbol) [0x00007FF727E8CBC4]\n\t(No symbol) [0x00007FF727E8CD66]\n\t(No symbol) [0x00007FF727E7C2C9]\n\tBaseThreadInitThunk [0x00007FF9948DE8D7+23]\n\tRtlUserThreadStart [0x00007FF995CFBF6C+44]", "trace": "self = <tests.test_01_signup.TestSignup object at 0x00000280DBD75310>, driver = <selenium.webdriver.chrome.webdriver.WebDriver (session=\"31baa476b38b077b352fd0ac3f174d76\")>\n\n    def test_signup_and_onboarding(self, driver):\n        print(\"Testing signup and onboarding process\")\n        signup = SignupPage(driver)\n    \n        # Navigate to Signup Page\n        signup.navigate()\n        signup.enter_name_and_continue(\"Shivam Srivastava\")\n        signup.fill_email_and_password(\"shivamtesting7@gmail.com\", \"Pass@9988\", \"Pass@9988\")\n    \n        time.sleep(15)  # Wait for OTP email\n        otp = get_otp_from_email()\n    \n        if otp:\n>           signup.enter_otp(otp)\n\ntests\\test_01_signup.py:33: \n_ _ _ _ _ _ _ _ _ _ _ _ _ _ _ _ _ _ _ _ _ _ _ _ _ _ _ _ _ _ _ _ _ _ _ _ _ _ _ _ _ _ _ _ _ _ _ _ _ _ _ _ _ _ _ _ _ _ _ _ _ _ _ _ _ _ _ _ _ _ _ _ _ _ _ _ _ _ _ _ _ _ _ _ _ _ _ _ _ _\npages\\signup_page.py:31: in enter_otp\n    self.driver.find_element(By.XPATH, \"//input[@id='otp_input']\").send_keys(otp)\nC:\\Users\\shivam srivastava\\AppData\\Local\\Programs\\Python\\Python313\\Lib\\site-packages\\selenium\\webdriver\\remote\\webdriver.py:888: in find_element\n    return self.execute(Command.FIND_ELEMENT, {\"using\": by, \"value\": value})[\"value\"]\nC:\\Users\\shivam srivastava\\AppData\\Local\\Programs\\Python\\Python313\\Lib\\site-packages\\selenium\\webdriver\\remote\\webdriver.py:429: in execute\n    self.error_handler.check_response(response)\n_ _ _ _ _ _ _ _ _ _ _ _ _ _ _ _ _ _ _ _ _ _ _ _ _ _ _ _ _ _ _ _ _ _ _ _ _ _ _ _ _ _ _ _ _ _ _ _ _ _ _ _ _ _ _ _ _ _ _ _ _ _ _ _ _ _ _ _ _ _ _ _ _ _ _ _ _ _ _ _ _ _ _ _ _ _ _ _ _ _\n\nself = <selenium.webdriver.remote.errorhandler.ErrorHandler object at 0x00000280DBE10190>\nresponse = {'status': 404, 'value': '{\"value\":{\"error\":\"no such element\",\"message\":\"no such element: Unable to locate element: {\\...07FF727E7C2C9]\\\\n\\\\tBaseThreadInitThunk [0x00007FF9948DE8D7+23]\\\\n\\\\tRtlUserThreadStart [0x00007FF995CFBF6C+44]\\\\n\"}}'}\n\n    def check_response(self, response: Dict[str, Any]) -> None:\n        \"\"\"Checks that a JSON response from the WebDriver does not have an\n        error.\n    \n        :Args:\n         - response - The JSON response from the WebDriver server as a dictionary\n           object.\n    \n        :Raises: If the response contains an error message.\n        \"\"\"\n        status = response.get(\"status\", None)\n        if not status or status == ErrorCode.SUCCESS:\n            return\n        value = None\n        message = response.get(\"message\", \"\")\n        screen: str = response.get(\"screen\", \"\")\n        stacktrace = None\n        if isinstance(status, int):\n            value_json = response.get(\"value\", None)\n            if value_json and isinstance(value_json, str):\n                import json\n    \n                try:\n                    value = json.loads(value_json)\n                    if len(value) == 1:\n                        value = value[\"value\"]\n                    status = value.get(\"error\", None)\n                    if not status:\n                        status = value.get(\"status\", ErrorCode.UNKNOWN_ERROR)\n                        message = value.get(\"value\") or value.get(\"message\")\n                        if not isinstance(message, str):\n                            value = message\n                            message = message.get(\"message\")\n                    else:\n                        message = value.get(\"message\", None)\n                except ValueError:\n                    pass\n    \n        exception_class: Type[WebDriverException]\n        e = ErrorCode()\n        error_codes = [item for item in dir(e) if not item.startswith(\"__\")]\n        for error_code in error_codes:\n            error_info = getattr(ErrorCode, error_code)\n            if isinstance(error_info, list) and status in error_info:\n                exception_class = getattr(ExceptionMapping, error_code, WebDriverException)\n                break\n        else:\n            exception_class = WebDriverException\n    \n        if not value:\n            value = response[\"value\"]\n        if isinstance(value, str):\n            raise exception_class(value)\n        if message == \"\" and \"message\" in value:\n            message = value[\"message\"]\n    \n        screen = None  # type: ignore[assignment]\n        if \"screen\" in value:\n            screen = value[\"screen\"]\n    \n        stacktrace = None\n        st_value = value.get(\"stackTrace\") or value.get(\"stacktrace\")\n        if st_value:\n            if isinstance(st_value, str):\n                stacktrace = st_value.split(\"\\n\")\n            else:\n                stacktrace = []\n                try:\n                    for frame in st_value:\n                        line = frame.get(\"lineNumber\", \"\")\n                        file = frame.get(\"fileName\", \"<anonymous>\")\n                        if line:\n                            file = f\"{file}:{line}\"\n                        meth = frame.get(\"methodName\", \"<anonymous>\")\n                        if \"className\" in frame:\n                            meth = f\"{frame['className']}.{meth}\"\n                        msg = \"    at %s (%s)\"\n                        msg = msg % (meth, file)\n                        stacktrace.append(msg)\n                except TypeError:\n                    pass\n        if exception_class == UnexpectedAlertPresentException:\n            alert_text = None\n            if \"data\" in value:\n                alert_text = value[\"data\"].get(\"text\")\n            elif \"alert\" in value:\n                alert_text = value[\"alert\"].get(\"text\")\n            raise exception_class(message, screen, stacktrace, alert_text)  # type: ignore[call-arg]  # mypy is not smart enough here\n>       raise exception_class(message, screen, stacktrace)\nE       selenium.common.exceptions.NoSuchElementException: Message: no such element: Unable to locate element: {\"method\":\"xpath\",\"selector\":\"//input[@id='otp_input']\"}\nE         (Session info: chrome=134.0.6998.89); For documentation on this error, please visit: https://www.selenium.dev/documentation/webdriver/troubleshooting/errors#no-such-element-exception\nE       Stacktrace:\nE       \tGetHandleVerifier [0x00007FF727F1FE45+26629]\nE       \t(No symbol) [0x00007FF727E86010]\nE       \t(No symbol) [0x00007FF727D1931A]\nE       \t(No symbol) [0x00007FF727D6F8E7]\nE       \t(No symbol) [0x00007FF727D6FB1C]\nE       \t(No symbol) [0x00007FF727DC34A7]\nE       \t(No symbol) [0x00007FF727D97AEF]\nE       \t(No symbol) [0x00007FF727DC0169]\nE       \t(No symbol) [0x00007FF727D97883]\nE       \t(No symbol) [0x00007FF727D60550]\nE       \t(No symbol) [0x00007FF727D61803]\nE       \tGetHandleVerifier [0x00007FF7282772BD+3529853]\nE       \tGetHandleVerifier [0x00007FF72828DA22+3621858]\nE       \tGetHandleVerifier [0x00007FF7282824D3+3575443]\nE       \tGetHandleVerifier [0x00007FF727FEB77A+860474]\nE       \t(No symbol) [0x00007FF727E9088F]\nE       \t(No symbol) [0x00007FF727E8CBC4]\nE       \t(No symbol) [0x00007FF727E8CD66]\nE       \t(No symbol) [0x00007FF727E7C2C9]\nE       \tBaseThreadInitThunk [0x00007FF9948DE8D7+23]\nE       \tRtlUserThreadStart [0x00007FF995CFBF6C+44]\n\nC:\\Users\\shivam srivastava\\AppData\\Local\\Programs\\Python\\Python313\\Lib\\site-packages\\selenium\\webdriver\\remote\\errorhandler.py:232: NoSuchElementException"}, "start": 1742287427145, "stop": 1742287451514, "uuid": "d106fd84-e7a7-47e4-9e75-2fbda9aed151", "historyId": "fe79cba49d285a2a6383ff071ab7f9be", "testCaseId": "fe79cba49d285a2a6383ff071ab7f9be", "fullName": "tests.test_01_signup.TestSignup#test_signup_and_onboarding", "labels": [{"name": "tag", "value": "@pytest.mark.usefixtures('driver')"}, {"name": "parentSuite", "value": "tests"}, {"name": "suite", "value": "test_01_signup"}, {"name": "subSuite", "value": "TestSignup"}, {"name": "host", "value": "DESKTOP-LHJT9BM"}, {"name": "thread", "value": "19928-MainThread"}, {"name": "framework", "value": "pytest"}, {"name": "language", "value": "cpython3"}, {"name": "package", "value": "tests.test_01_signup"}]}