{"name": "test_signup_with_valid_details", "status": "broken", "statusDetails": {"message": "selenium.common.exceptions.NoSuchElementException: Message: no such element: Unable to locate element: {\"method\":\"xpath\",\"selector\":\"//input[@id='otp_input']\"}\n  (Session info: chrome=133.0.6943.98); For documentation on this error, please visit: https://www.selenium.dev/documentation/webdriver/troubleshooting/errors#no-such-element-exception\nStacktrace:\n\tGetHandleVerifier [0x00007FF653A26EE5+28773]\n\t(No symbol) [0x00007FF6539925D0]\n\t(No symbol) [0x00007FF653828FAA]\n\t(No symbol) [0x00007FF65387F286]\n\t(No symbol) [0x00007FF65387F4BC]\n\t(No symbol) [0x00007FF6538D2A27]\n\t(No symbol) [0x00007FF6538A728F]\n\t(No symbol) [0x00007FF6538CF6F3]\n\t(No symbol) [0x00007FF6538A7023]\n\t(No symbol) [0x00007FF65386FF5E]\n\t(No symbol) [0x00007FF6538711E3]\n\tGetHandleVerifier [0x00007FF653D7422D+3490733]\n\tGetHandleVerifier [0x00007FF653D8BA13+3586963]\n\tGetHandleVerifier [0x00007FF653D8144D+3544525]\n\tGetHandleVerifier [0x00007FF653AEC9AA+838442]\n\t(No symbol) [0x00007FF65399D01F]\n\t(No symbol) [0x00007FF6539995E4]\n\t(No symbol) [0x00007FF653999786]\n\t(No symbol) [0x00007FF653988CB9]\n\tBaseThreadInitThunk [0x00007FFD6E71259D+29]\n\tRtlUserThreadStart [0x00007FFD6EE6AF38+40]", "trace": "driver = <selenium.webdriver.chrome.webdriver.WebDriver (session=\"f95412d865274e8e7f77561812cda4db\")>\n\n    def test_signup_with_valid_details(driver):\n        print(\"Testing signup with valid details\")\n        signup = SignupPage(driver)\n    \n        signup.navigate()\n        signup.enter_name_and_continue(\"Shivam Srivastava\")\n        signup.fill_email_and_password(\"shivamtesting7@gmail.com\", \"Pass@9988\", \"Pass@9988\")\n    \n        time.sleep(15)\n    \n        otp = get_otp_from_email()  # Fetch OTP from email\n        if otp:\n>           signup.enter_otp(otp)\n\ntests\\test_signup.py:70: \n_ _ _ _ _ _ _ _ _ _ _ _ _ _ _ _ _ _ _ _ _ _ _ _ _ _ _ _ _ _ _ _ _ _ _ _ _ _ _ _ _ _ _ _ _ _ _ _ _ _ _ _ _ _ _ _ _ _ _ _ _ _ _ _ _ _ _ _ _ _ _ _ _ _ _ _ _ _ _ _ _ _ _ _ _ _ _ _ _ _\npages\\signup_page.py:26: in enter_otp\n    self.driver.find_element(By.XPATH, \"//input[@id='otp_input']\").send_keys(otp)\nC:\\Users\\shivam srivastava\\AppData\\Local\\Programs\\Python\\Python313\\Lib\\site-packages\\selenium\\webdriver\\remote\\webdriver.py:888: in find_element\n    return self.execute(Command.FIND_ELEMENT, {\"using\": by, \"value\": value})[\"value\"]\nC:\\Users\\shivam srivastava\\AppData\\Local\\Programs\\Python\\Python313\\Lib\\site-packages\\selenium\\webdriver\\remote\\webdriver.py:429: in execute\n    self.error_handler.check_response(response)\n_ _ _ _ _ _ _ _ _ _ _ _ _ _ _ _ _ _ _ _ _ _ _ _ _ _ _ _ _ _ _ _ _ _ _ _ _ _ _ _ _ _ _ _ _ _ _ _ _ _ _ _ _ _ _ _ _ _ _ _ _ _ _ _ _ _ _ _ _ _ _ _ _ _ _ _ _ _ _ _ _ _ _ _ _ _ _ _ _ _\n\nself = <selenium.webdriver.remote.errorhandler.ErrorHandler object at 0x000001CC2ABEFD40>\nresponse = {'status': 404, 'value': '{\"value\":{\"error\":\"no such element\",\"message\":\"no such element: Unable to locate element: {\\...07FF653988CB9]\\\\n\\\\tBaseThreadInitThunk [0x00007FFD6E71259D+29]\\\\n\\\\tRtlUserThreadStart [0x00007FFD6EE6AF38+40]\\\\n\"}}'}\n\n    def check_response(self, response: Dict[str, Any]) -> None:\n        \"\"\"Checks that a JSON response from the WebDriver does not have an\n        error.\n    \n        :Args:\n         - response - The JSON response from the WebDriver server as a dictionary\n           object.\n    \n        :Raises: If the response contains an error message.\n        \"\"\"\n        status = response.get(\"status\", None)\n        if not status or status == ErrorCode.SUCCESS:\n            return\n        value = None\n        message = response.get(\"message\", \"\")\n        screen: str = response.get(\"screen\", \"\")\n        stacktrace = None\n        if isinstance(status, int):\n            value_json = response.get(\"value\", None)\n            if value_json and isinstance(value_json, str):\n                import json\n    \n                try:\n                    value = json.loads(value_json)\n                    if len(value) == 1:\n                        value = value[\"value\"]\n                    status = value.get(\"error\", None)\n                    if not status:\n                        status = value.get(\"status\", ErrorCode.UNKNOWN_ERROR)\n                        message = value.get(\"value\") or value.get(\"message\")\n                        if not isinstance(message, str):\n                            value = message\n                            message = message.get(\"message\")\n                    else:\n                        message = value.get(\"message\", None)\n                except ValueError:\n                    pass\n    \n        exception_class: Type[WebDriverException]\n        e = ErrorCode()\n        error_codes = [item for item in dir(e) if not item.startswith(\"__\")]\n        for error_code in error_codes:\n            error_info = getattr(ErrorCode, error_code)\n            if isinstance(error_info, list) and status in error_info:\n                exception_class = getattr(ExceptionMapping, error_code, WebDriverException)\n                break\n        else:\n            exception_class = WebDriverException\n    \n        if not value:\n            value = response[\"value\"]\n        if isinstance(value, str):\n            raise exception_class(value)\n        if message == \"\" and \"message\" in value:\n            message = value[\"message\"]\n    \n        screen = None  # type: ignore[assignment]\n        if \"screen\" in value:\n            screen = value[\"screen\"]\n    \n        stacktrace = None\n        st_value = value.get(\"stackTrace\") or value.get(\"stacktrace\")\n        if st_value:\n            if isinstance(st_value, str):\n                stacktrace = st_value.split(\"\\n\")\n            else:\n                stacktrace = []\n                try:\n                    for frame in st_value:\n                        line = frame.get(\"lineNumber\", \"\")\n                        file = frame.get(\"fileName\", \"<anonymous>\")\n                        if line:\n                            file = f\"{file}:{line}\"\n                        meth = frame.get(\"methodName\", \"<anonymous>\")\n                        if \"className\" in frame:\n                            meth = f\"{frame['className']}.{meth}\"\n                        msg = \"    at %s (%s)\"\n                        msg = msg % (meth, file)\n                        stacktrace.append(msg)\n                except TypeError:\n                    pass\n        if exception_class == UnexpectedAlertPresentException:\n            alert_text = None\n            if \"data\" in value:\n                alert_text = value[\"data\"].get(\"text\")\n            elif \"alert\" in value:\n                alert_text = value[\"alert\"].get(\"text\")\n            raise exception_class(message, screen, stacktrace, alert_text)  # type: ignore[call-arg]  # mypy is not smart enough here\n>       raise exception_class(message, screen, stacktrace)\nE       selenium.common.exceptions.NoSuchElementException: Message: no such element: Unable to locate element: {\"method\":\"xpath\",\"selector\":\"//input[@id='otp_input']\"}\nE         (Session info: chrome=133.0.6943.98); For documentation on this error, please visit: https://www.selenium.dev/documentation/webdriver/troubleshooting/errors#no-such-element-exception\nE       Stacktrace:\nE       \tGetHandleVerifier [0x00007FF653A26EE5+28773]\nE       \t(No symbol) [0x00007FF6539925D0]\nE       \t(No symbol) [0x00007FF653828FAA]\nE       \t(No symbol) [0x00007FF65387F286]\nE       \t(No symbol) [0x00007FF65387F4BC]\nE       \t(No symbol) [0x00007FF6538D2A27]\nE       \t(No symbol) [0x00007FF6538A728F]\nE       \t(No symbol) [0x00007FF6538CF6F3]\nE       \t(No symbol) [0x00007FF6538A7023]\nE       \t(No symbol) [0x00007FF65386FF5E]\nE       \t(No symbol) [0x00007FF6538711E3]\nE       \tGetHandleVerifier [0x00007FF653D7422D+3490733]\nE       \tGetHandleVerifier [0x00007FF653D8BA13+3586963]\nE       \tGetHandleVerifier [0x00007FF653D8144D+3544525]\nE       \tGetHandleVerifier [0x00007FF653AEC9AA+838442]\nE       \t(No symbol) [0x00007FF65399D01F]\nE       \t(No symbol) [0x00007FF6539995E4]\nE       \t(No symbol) [0x00007FF653999786]\nE       \t(No symbol) [0x00007FF653988CB9]\nE       \tBaseThreadInitThunk [0x00007FFD6E71259D+29]\nE       \tRtlUserThreadStart [0x00007FFD6EE6AF38+40]\n\nC:\\Users\\shivam srivastava\\AppData\\Local\\Programs\\Python\\Python313\\Lib\\site-packages\\selenium\\webdriver\\remote\\errorhandler.py:232: NoSuchElementException"}, "start": 1739964997040, "stop": 1739965022815, "uuid": "a323a295-9e33-4bc3-9e3a-3d21e0bcab6b", "historyId": "acfe46c2bbb672bf6d55ce7ee1ee0724", "testCaseId": "acfe46c2bbb672bf6d55ce7ee1ee0724", "fullName": "tests.test_signup#test_signup_with_valid_details", "labels": [{"name": "parentSuite", "value": "tests"}, {"name": "suite", "value": "test_signup"}, {"name": "host", "value": "DESKTOP-LHJT9BM"}, {"name": "thread", "value": "27460-MainThread"}, {"name": "framework", "value": "pytest"}, {"name": "language", "value": "cpython3"}, {"name": "package", "value": "tests.test_signup"}]}