{"name": "test_with_post_api_input_add_form_data_upload_file", "status": "broken", "statusDetails": {"message": "selenium.common.exceptions.TimeoutException: Message: \nStacktrace:\n\tGetHandleVerifier [0x00007FF727F1FE45+26629]\n\t(No symbol) [0x00007FF727E86010]\n\t(No symbol) [0x00007FF727D1931A]\n\t(No symbol) [0x00007FF727D6F8E7]\n\t(No symbol) [0x00007FF727D6FB1C]\n\t(No symbol) [0x00007FF727DC34A7]\n\t(No symbol) [0x00007FF727D97AEF]\n\t(No symbol) [0x00007FF727DC0169]\n\t(No symbol) [0x00007FF727D97883]\n\t(No symbol) [0x00007FF727D60550]\n\t(No symbol) [0x00007FF727D61803]\n\tGetHandleVerifier [0x00007FF7282772BD+3529853]\n\tGetHandleVerifier [0x00007FF72828DA22+3621858]\n\tGetHandleVerifier [0x00007FF7282824D3+3575443]\n\tGetHandleVerifier [0x00007FF727FEB77A+860474]\n\t(No symbol) [0x00007FF727E9088F]\n\t(No symbol) [0x00007FF727E8CBC4]\n\t(No symbol) [0x00007FF727E8CD66]\n\t(No symbol) [0x00007FF727E7C2C9]\n\tBaseThreadInitThunk [0x00007FF9948DE8D7+23]\n\tRtlUserThreadStart [0x00007FF995CFBF6C+44]", "trace": "self = <tests.test_04_workspace.TestDashboard object at 0x00000280DBDBE0B0>, driver = <selenium.webdriver.chrome.webdriver.WebDriver (session=\"4067f9d26fe156d2e39399df26e14cc8\")>\n\n    def test_with_post_api_input_add_form_data_upload_file(self, driver):\n        print(\"clicked collections successfully\")\n        login_page = LoginPage(driver)\n        login_page.navigate()\n        login_page.enter_email(\"shivamtesting7@gmail.com\")\n        login_page.enter_password(\"Pass@9988\")\n        login_page.click_login_button()\n    \n        time.sleep(4)\n    \n        dashboard = WorkspacePage(driver)\n        dashboard.navigate()\n        workspace_url = dashboard.click_workspace_name()  # Extracts the URL dynamically\n        print(\"Navigated to extracted workspace URL:\", workspace_url)\n        time.sleep(5)\n    \n        driver.get(workspace_url)  # Navigate to the extracted workspace URL\n        time.sleep(5)\n    \n        # Step 3: Open Collection\n        dashboard.collection1()\n        print(\"Clicked 'Collection' button successfully\")\n        time.sleep(5)\n    \n        # Step 4: Open API Builder\n        created_collection_post_url = dashboard.post_api()  # Extracts the URL dynamically\n        print(\"Navigated to extracted collections URL:\", created_collection_post_url)\n        time.sleep(10)\n    \n        driver.get(created_collection_post_url)  # Navigate to the extracted collection URL\n        time.sleep(5)\n    \n        dashboard.post_api()\n        print(\"Clicked 'post api' click successfully\")\n        time.sleep(10)\n    \n>       dashboard.add_form_data_input_field(\"file_upload\")\n\ntests\\test_04_workspace.py:642: \n_ _ _ _ _ _ _ _ _ _ _ _ _ _ _ _ _ _ _ _ _ _ _ _ _ _ _ _ _ _ _ _ _ _ _ _ _ _ _ _ _ _ _ _ _ _ _ _ _ _ _ _ _ _ _ _ _ _ _ _ _ _ _ _ _ _ _ _ _ _ _ _ _ _ _ _ _ _ _ _ _ _ _ _ _ _ _ _ _ _\npages\\workspace_page.py:376: in add_form_data_input_field\n    form_data = WebDriverWait(self.driver, 10).until(\n_ _ _ _ _ _ _ _ _ _ _ _ _ _ _ _ _ _ _ _ _ _ _ _ _ _ _ _ _ _ _ _ _ _ _ _ _ _ _ _ _ _ _ _ _ _ _ _ _ _ _ _ _ _ _ _ _ _ _ _ _ _ _ _ _ _ _ _ _ _ _ _ _ _ _ _ _ _ _ _ _ _ _ _ _ _ _ _ _ _\n\nself = <selenium.webdriver.support.wait.WebDriverWait (session=\"4067f9d26fe156d2e39399df26e14cc8\")>\nmethod = <function element_to_be_clickable.<locals>._predicate at 0x00000280DBE84AE0>, message = ''\n\n    def until(self, method: Callable[[D], Union[Literal[False], T]], message: str = \"\") -> T:\n        \"\"\"Wait until the method returns a value that is not False.\n    \n        Calls the method provided with the driver as an argument until the\n        return value does not evaluate to ``False``.\n    \n        Parameters:\n        ----------\n        method: callable(WebDriver)\n            - A callable object that takes a WebDriver instance as an argument.\n    \n        message: str\n            - Optional message for :exc:`TimeoutException`\n    \n        Return:\n        -------\n        object: T\n            - The result of the last call to `method`\n    \n        Raises:\n        -------\n        TimeoutException\n            - If 'method' does not return a truthy value within the WebDriverWait\n            object's timeout\n    \n        Example:\n        --------\n        >>> from selenium.webdriver.common.by import By\n        >>> from selenium.webdriver.support.ui import WebDriverWait\n        >>> from selenium.webdriver.support import expected_conditions as EC\n    \n        # Wait until an element is visible on the page\n        >>> wait = WebDriverWait(driver, 10)\n        >>> element = wait.until(EC.visibility_of_element_located((By.ID, \"exampleId\")))\n        >>> print(element.text)\n        \"\"\"\n        screen = None\n        stacktrace = None\n    \n        end_time = time.monotonic() + self._timeout\n        while True:\n            try:\n                value = method(self._driver)\n                if value:\n                    return value\n            except self._ignored_exceptions as exc:\n                screen = getattr(exc, \"screen\", None)\n                stacktrace = getattr(exc, \"stacktrace\", None)\n            if time.monotonic() > end_time:\n                break\n            time.sleep(self._poll)\n>       raise TimeoutException(message, screen, stacktrace)\nE       selenium.common.exceptions.TimeoutException: Message: \nE       Stacktrace:\nE       \tGetHandleVerifier [0x00007FF727F1FE45+26629]\nE       \t(No symbol) [0x00007FF727E86010]\nE       \t(No symbol) [0x00007FF727D1931A]\nE       \t(No symbol) [0x00007FF727D6F8E7]\nE       \t(No symbol) [0x00007FF727D6FB1C]\nE       \t(No symbol) [0x00007FF727DC34A7]\nE       \t(No symbol) [0x00007FF727D97AEF]\nE       \t(No symbol) [0x00007FF727DC0169]\nE       \t(No symbol) [0x00007FF727D97883]\nE       \t(No symbol) [0x00007FF727D60550]\nE       \t(No symbol) [0x00007FF727D61803]\nE       \tGetHandleVerifier [0x00007FF7282772BD+3529853]\nE       \tGetHandleVerifier [0x00007FF72828DA22+3621858]\nE       \tGetHandleVerifier [0x00007FF7282824D3+3575443]\nE       \tGetHandleVerifier [0x00007FF727FEB77A+860474]\nE       \t(No symbol) [0x00007FF727E9088F]\nE       \t(No symbol) [0x00007FF727E8CBC4]\nE       \t(No symbol) [0x00007FF727E8CD66]\nE       \t(No symbol) [0x00007FF727E7C2C9]\nE       \tBaseThreadInitThunk [0x00007FF9948DE8D7+23]\nE       \tRtlUserThreadStart [0x00007FF995CFBF6C+44]\n\nC:\\Users\\shivam srivastava\\AppData\\Local\\Programs\\Python\\Python313\\Lib\\site-packages\\selenium\\webdriver\\support\\wait.py:146: TimeoutException"}, "start": 1742289735998, "stop": 1742289796808, "uuid": "204969d6-f16e-453a-b578-65164a2287ca", "historyId": "2b216c33df4c2bc9322fc37187c7dc26", "testCaseId": "2b216c33df4c2bc9322fc37187c7dc26", "fullName": "tests.test_04_workspace.TestDashboard#test_with_post_api_input_add_form_data_upload_file", "labels": [{"name": "tag", "value": "@pytest.mark.usefixtures('driver')"}, {"name": "parentSuite", "value": "tests"}, {"name": "suite", "value": "test_04_workspace"}, {"name": "subSuite", "value": "TestDashboard"}, {"name": "host", "value": "DESKTOP-LHJT9BM"}, {"name": "thread", "value": "19928-MainThread"}, {"name": "framework", "value": "pytest"}, {"name": "language", "value": "cpython3"}, {"name": "package", "value": "tests.test_04_workspace"}]}